"../../../../../Major-Project/MajorProject/Content/Materials/lambert1.uasset" 0
"../../../../../Major-Project/MajorProject/Content/lambert1.uasset" 1
"../../../../../Major-Project/MajorProject/Content/Geometry/angledfloortile.uasset" 2
"../../../../../Major-Project/MajorProject/Content/angledfloortile.uasset" 3
"../../../../../Major-Project/MajorProject/Content/Geometry/angledwalltile.uasset" 4
"../../../../../Major-Project/MajorProject/Content/angledwalltile.uasset" 5
"../../../Engine/Content/EditorBlueprintResources/StandardMacros.uasset" 6
"../../../../../Major-Project/MajorProject/Content/Greyboxtiles/Greybox.uasset" 7
"../../../../../Major-Project/MajorProject/Content/Greyboxtiles/Greybox_Inst.uasset" 8
"../../../../../Major-Project/MajorProject/Content/Greyboxtiles/WallWBookshelf.uasset" 9
"../../../../../Major-Project/MajorProject/Content/Random/BookShelfGenerator.uasset" 10
"../../../../../Major-Project/MajorProject/Content/BookShelfGenerator.uasset" 11
"../../../../../Major-Project/MajorProject/Content/Greyboxtiles/Floor.uasset" 12
"../../../../../Major-Project/MajorProject/Content/Random/FloorGenerator.uasset" 13
"../../../../../Major-Project/MajorProject/Content/FloorGenerator.uasset" 14
"../../../../../Major-Project/MajorProject/Content/Geometry/floortile.uasset" 15
"../../../../../Major-Project/MajorProject/Content/floortile.uasset" 16
"../../../../../Major-Project/MajorProject/Content/Greyboxtiles/Roof.uasset" 17
"../../../../../Major-Project/MajorProject/Content/Random/RoofGenerator.uasset" 18
"../../../../../Major-Project/MajorProject/Content/RoofGenerator.uasset" 19
"../../../../../Major-Project/MajorProject/Content/Greyboxtiles/Stairs.uasset" 20
"../../../../../Major-Project/MajorProject/Content/Stairs.uasset" 21
"../../../../../Major-Project/MajorProject/Content/Greyboxtiles/WallAngledBottom.uasset" 22
"../../../../../Major-Project/MajorProject/Content/WallAngledBottom.uasset" 23
"../../../../../Major-Project/MajorProject/Content/Greyboxtiles/WallAngledTop.uasset" 24
"../../../../../Major-Project/MajorProject/Content/WallAngledTop.uasset" 25
"../../../../../Major-Project/MajorProject/Content/Greyboxtiles/Wall.uasset" 26
"../../../../../Major-Project/MajorProject/Content/Random/WallGenerator.uasset" 27
"../../../../../Major-Project/MajorProject/Content/WallGenerator.uasset" 28
"../../../../../Major-Project/MajorProject/Content/Geometry/walltile.uasset" 29
"../../../../../Major-Project/MajorProject/Content/walltile.uasset" 30
"../../../../../Major-Project/MajorProject/Content/walltile2.uasset" 31
"../../../../../Major-Project/MajorProject/Content/WallV2.uasset" 32
"../../../../../Major-Project/MajorProject/Content/Random/Motion_4WayChaos.uasset" 33
"../../../Engine/Content/EngineResources/DefaultTexture.uasset" 34
"../../../../../Major-Project/MajorProject/Content/Folders/StarterContent/Textures/T_Perlin_Noise_M.uasset" 35
"../../../../../Major-Project/MajorProject/Content/1_Mike/Materials/OrbM.uasset" 36
"../../../../../Major-Project/MajorProject/Content/1_Mike/Materials/OrbM_Inst.uasset" 37
"../../../../../Major-Project/MajorProject/Content/1_Mike/Models/AvoidanceOrb.uasset" 38
"../../../../../Major-Project/MajorProject/Content/1_Mike/AvoidanceOrb.uasset" 39
"../../../../../Major-Project/MajorProject/Content/1_Mike/Materials/OrbM_Inst1.uasset" 40
"../../../../../Major-Project/MajorProject/Content/1_Mike/Models/ConflictOrb.uasset" 41
"../../../../../Major-Project/MajorProject/Content/1_Mike/ConflictOrb.uasset" 42
"../../../../../Major-Project/MajorProject/Content/1_Mike/Materials/OpacityShader.uasset" 43
"../../../../../Major-Project/MajorProject/Content/1_Mike/Materials/ConflictPulse.uasset" 44
"../../../../../Major-Project/MajorProject/Content/1_Mike/ConflictPulse.uasset" 45
"../../../../../Major-Project/MajorProject/Content/1_Mike/OrbM_Inst.uasset" 46
"../../../../../Major-Project/MajorProject/Content/1_Mike/OrbM_Inst1.uasset" 47
"../../../../../Major-Project/MajorProject/Content/1_Mike/Models/StatePedestal.uasset" 48
"../../../../../Major-Project/MajorProject/Content/1_Mike/StatePedestal.uasset" 49
"../../../../../Major-Project/MajorProject/Content/1_Mike/Models/StateStand.uasset" 50
"../../../../../Major-Project/MajorProject/Content/1_Mike/StateStand.uasset" 51
"../../../Engine/Content/Functions/Engine_MaterialFunctions02/SmoothStep.uasset" 52
"../../../Engine/Content/Functions/Engine_MaterialFunctions02/Utility/MakeFloat4.uasset" 53
"../../../Engine/Content/Functions/Engine_MaterialFunctions02/Utility/MakeFloat2.uasset" 54
"../../../Engine/Content/Functions/Engine_MaterialFunctions02/Utility/BreakOutFloat2Components.uasset" 55
"../../../../../Major-Project/MajorProject/Content/1_Mike/Constellation/LengthFunction.uasset" 56
"../../../../../Major-Project/MajorProject/Content/1_Mike/Constellation/DistanceLineFunction.uasset" 57
"../../../../../Major-Project/MajorProject/Content/1_Mike/Constellation/LineFunction.uasset" 58
"../../../../../Major-Project/MajorProject/Content/1_Mike/Constellation/21NoiseFuntion.uasset" 59
"../../../../../Major-Project/MajorProject/Content/1_Mike/Constellation/22NoiseFunction.uasset" 60
"../../../../../Major-Project/MajorProject/Content/1_Mike/Constellation/GetPositionFunction.uasset" 61
"../../../../../Major-Project/MajorProject/Content/1_Mike/Constellation/LoopFunction1.uasset" 62
"../../../../../Major-Project/MajorProject/Content/1_Mike/Constellation/LoopFunction2.uasset" 63
"../../../../../Major-Project/MajorProject/Content/1_Mike/Constellation/LayerFunction.uasset" 64
"../../../../../Major-Project/MajorProject/Content/1_Mike/Constellation/Constellation.uasset" 65
"../../../../../Major-Project/MajorProject/Content/1_Mike/Constellation/Interactables.uasset" 66
"../../../../../Major-Project/MajorProject/Content/1_Mike/Materials/Glass.uasset" 67
"../../../Engine/Content/Functions/Engine_MaterialFunctions02/WorldPositionOffset/LocalPosition.uasset" 68
"../../../../../Major-Project/MajorProject/Content/1_Mike/Materials/Godray_M.uasset" 69
"../../../../../Major-Project/MajorProject/Content/1_Mike/Materials/Godray_M_Inst.uasset" 70
"../../../../../Major-Project/MajorProject/Content/1_Mike/Materials/Outline_PM.uasset" 71
"../../../../../Major-Project/MajorProject/Content/1_Mike/Materials/Outline_PM_Inst.uasset" 72
"../../../../../Major-Project/MajorProject/Content/1_Mike/Materials/RainbowGlow.uasset" 73
"../../../../../Major-Project/MajorProject/Content/1_Mike/Materials/RainbowGlow_MI.uasset" 74
"../../../../../Major-Project/MajorProject/Content/1_Mike/Mechanics/ChainSpline.uasset" 75
"../../../../../Major-Project/MajorProject/Content/1_Mike/Mechanics/Laser/Crystal.uasset" 76
"../../../Engine/Content/BasicShapes/BasicShapeMaterial.uasset" 77
"../../../Engine/Content/Functions/Engine_MaterialFunctions01/Opacity/CameraDepthFade.uasset" 78
"../../../Engine/Content/EngineMaterials/T_Default_Material_Grid_M.uasset" 79
"../../../Engine/Content/EngineMaterials/T_Default_Material_Grid_N.uasset" 80
"../../../Engine/Content/EngineMaterials/WorldGridMaterial.uasset" 81
"../../../Engine/Content/BasicShapes/Cube.uasset" 82
"../../../Engine/Content/EngineMaterials/DefaultMaterial.uasset" 83
"../../../Engine/Content/BasicShapes/Cylinder.uasset" 84
"../../../../../Major-Project/MajorProject/Content/1_Mike/Mechanics/Laser/CrystalHolder.uasset" 85
"../../../../../Major-Project/MajorProject/Content/1_Mike/Mechanics/Laser/LaserReciever.uasset" 86
"../../../../../Major-Project/MajorProject/Content/1_Mike/Mechanics/Laser/LaserColour.uasset" 87
"../../../../../Major-Project/MajorProject/Content/1_Mike/Mechanics/Laser/LaserInterface.uasset" 88
"../../../../../Major-Project/MajorProject/Content/1_Mike/Particles/LaserBeam_M.uasset" 89
"../../Plugins/FX/Niagara/Content/DynamicInputs/Multiply/Multiply_VectorByFloat.uasset" 90
"../../Plugins/FX/Niagara/Content/DynamicInputs/ValueFromCurve/FloatFromCurve.uasset" 91
"../../Plugins/FX/Niagara/Content/Functions/Localspace/SimulationPosition.uasset" 92
"../../Plugins/FX/Niagara/Content/DynamicInputs/Helpers/SimulationPosition.uasset" 93
"../../Plugins/FX/Niagara/Content/Functions/DirectionAndLengthSafe.uasset" 94
"../../Plugins/FX/Niagara/Content/Enums/ENiagaraCoordinateSpace.uasset" 95
"../../Plugins/FX/Niagara/Content/Functions/Localspace/TransformBase.uasset" 96
"../../Plugins/FX/Niagara/Content/Functions/Localspace/TransformPosition.uasset" 97
"../../Plugins/FX/Niagara/Content/Functions/Localspace/TransformVector.uasset" 98
"../../Plugins/FX/Niagara/Content/Modules/Beams/BeamEmitterSetup.uasset" 99
"../../Plugins/FX/Niagara/Content/Modules/Beams/BeamWidth.uasset" 100
"../../Plugins/FX/Niagara/Content/Functions/NormalizedExecutionIndex.uasset" 101
"../../Plugins/FX/Niagara/Content/Functions/Spline/FindPositionOnBezierSpline.uasset" 102
"../../Plugins/FX/Niagara/Content/Modules/Beams/SpawnBeam.uasset" 103
"../../Plugins/FX/Niagara/Content/Modules/Beams/UpdateBeam.uasset" 104
"../../Plugins/FX/Niagara/Content/Functions/Emitter/EmitterChangeState.uasset" 105
"../../Plugins/FX/Niagara/Content/Enums/ENiagara_EmitterStateOptions.uasset" 106
"../../Plugins/FX/Niagara/Content/Enums/ENiagara_InfiniteLoopDuration.uasset" 107
"../../Plugins/FX/Niagara/Content/Enums/ENiagaraEmitterLifeCycleMode.uasset" 108
"../../Plugins/FX/Niagara/Content/Enums/ENiagaraEmitterScalabilityMode_Limited.uasset" 109
"../../Plugins/FX/Niagara/Content/Enums/ENiagaraExecutionStateManagement.uasset" 110
"../../Plugins/FX/Niagara/Content/Enums/ENiagaraInactiveMode.uasset" 111
"../../Plugins/FX/Niagara/Content/Modules/Emitter/EmitterState.uasset" 112
"../../Plugins/FX/Niagara/Content/Enums/ENiagaraRandomnessMode.uasset" 113
"../../Plugins/FX/Niagara/Content/Functions/GetRandomInfo.uasset" 114
"../../Plugins/FX/Niagara/Content/Functions/RandomRangeFloat.uasset" 115
"../../Plugins/FX/Niagara/Content/Modules/Emitter/SpawnBurst_Instantaneous.uasset" 116
"../../Plugins/FX/Niagara/Content/Modules/Solvers/SolveForcesAndVelocity.uasset" 117
"../../Plugins/FX/Niagara/Content/Modules/Spawn/Initialization/InitializeParticle.uasset" 118
"../../Plugins/FX/Niagara/Content/Functions/System/SystemChangeState.uasset" 119
"../../Plugins/FX/Niagara/Content/Enums/ENiagaraSystemInactiveMode.uasset" 120
"../../Plugins/FX/Niagara/Content/Modules/System/SystemState.uasset" 121
"../../Plugins/FX/Niagara/Content/Modules/Update/Color/Color.uasset" 122
"../../Plugins/FX/Niagara/Content/Modules/Update/Lifetime/ParticleState.uasset" 123
"../../../../../Major-Project/MajorProject/Content/1_Mike/Particles/LaserBeam_NP.uasset" 124
"../../../../../Major-Project/MajorProject/Content/1_Mike/Models/Lasers/TexturePlane3x3_TextureTest_BaseColor.uasset" 125
"../../../../../Major-Project/MajorProject/Content/1_Mike/Models/Lasers/aiStandardSurface1.uasset" 126
"../../../../../Major-Project/MajorProject/Content/1_Mike/Models/Lasers/laserRedirector_base.uasset" 127
"../../../../../Major-Project/MajorProject/Content/1_Mike/Models/Lasers/lambert3.uasset" 128
"../../../../../Major-Project/MajorProject/Content/1_Mike/Models/Lasers/laserRedirector_LaserRedirecter.uasset" 129
"../../../../../Major-Project/MajorProject/Content/1_Mike/Mechanics/Laser/LaserRedirecter.uasset" 130
"../../../../../Major-Project/MajorProject/Content/1_Mike/Models/Lasers/laserEmmiter.uasset" 131
"../../../../../Major-Project/MajorProject/Content/1_Mike/Mechanics/Laser/LaserTransmitter.uasset" 132
"../../../../../Major-Project/MajorProject/Content/1_Mike/Mechanics/Laser/ObjectInteract.uasset" 133
"../../../../../Major-Project/MajorProject/Content/1_Mike/Models/Book_TT_checker_512x1024_UV_GRID_BaseColor.uasset" 134
"../../../../../Major-Project/MajorProject/Content/1_Mike/Models/Book_TT_checker_512x1024_UV_GRID_Normal.uasset" 135
"../../../../../Major-Project/MajorProject/Content/1_Mike/Models/Book_TT_checker_512x1024_UV_GRID_OcclusionRoughnessMetallic.uasset" 136
"../../../../../Major-Project/MajorProject/Content/1_Mike/Models/BookMask.uasset" 137
"../../../../../Major-Project/MajorProject/Content/1_Mike/Models/Book.uasset" 138
"../../../../../Major-Project/MajorProject/Content/1_Mike/Models/Book_Inst.uasset" 139
"../../../../../Major-Project/MajorProject/Content/1_Mike/Models/Book_01_v01.uasset" 140
"../../../../../Major-Project/MajorProject/Content/1_Mike/Models/Books_V1.uasset" 141
"../../../../../Major-Project/MajorProject/Content/1_Mike/Models/Books.uasset" 142
"../../../../../Major-Project/MajorProject/Content/1_Mike/Models/Books_V2.uasset" 143
"../../../../../Major-Project/MajorProject/Content/1_Mike/Models/Books_V3.uasset" 144
"../../../../../Major-Project/MajorProject/Content/1_Mike/Models/Books_V4.uasset" 145
"../../../../../Major-Project/MajorProject/Content/1_Mike/Models/Books_V5.uasset" 146
"../../../../../Major-Project/MajorProject/Content/1_Mike/Models/Books_V6.uasset" 147
"../../../../../Major-Project/MajorProject/Content/1_Mike/Models/Bookshelf_001_UV_Grid_Sm_png_001_BaseColor.uasset" 148
"../../../../../Major-Project/MajorProject/Content/1_Mike/Models/Bookshelf_001_UV_Grid_Sm_png_001_Normal.uasset" 149
"../../../../../Major-Project/MajorProject/Content/1_Mike/Models/Bookshelf_001_UV_Grid_Sm_png_001_OcclusionRoughnessMetallic.uasset" 150
"../../../../../Major-Project/MajorProject/Content/1_Mike/Models/MM_Mike.uasset" 151
"../../../../../Major-Project/MajorProject/Content/1_Mike/Models/UV_Grid_Sm_png_001.uasset" 152
"../../../../../Major-Project/MajorProject/Content/1_Mike/Models/Wall_Bookshelf_v02.uasset" 153
"../../../../../Major-Project/MajorProject/Content/1_Mike/Models/BookShelf.uasset" 154
"../../../../../Major-Project/MajorProject/Content/1_Mike/Models/lambert1.uasset" 155
"../../../../../Major-Project/MajorProject/Content/1_Mike/Models/Handle.uasset" 156
"../../../../../Major-Project/MajorProject/Content/1_Mike/Models/MC_BODY1.uasset" 157
"../../../../../Major-Project/MajorProject/Content/1_Mike/Models/HandleHands.uasset" 158
"../../../../../Major-Project/MajorProject/Content/1_Mike/Models/handtest1.uasset" 159
"../../../../../Major-Project/MajorProject/Content/1_Mike/Models/Lasers/Crystal_Holder_Base.uasset" 160
"../../../../../Major-Project/MajorProject/Content/1_Mike/Models/Lasers/lambert2.uasset" 161
"../../../../../Major-Project/MajorProject/Content/1_Mike/Models/Lasers/Crystal_Holder_Lense.uasset" 162
"../../../../../Major-Project/MajorProject/Content/1_Mike/Models/Lasers/Crystal_Holder_LenseHolder.uasset" 163
"../../../../../Major-Project/MajorProject/Content/1_Mike/Models/tileset/lambert1.uasset" 164
"../../../../../Major-Project/MajorProject/Content/1_Mike/Models/tileset/Tileset_BalustradeAngledV3_All_v01.uasset" 165
"../../../../../Major-Project/MajorProject/Content/1_Mike/Models/tileset/Tileset_BalustradeBaseV3_All_v01.uasset" 166
"../../../../../Major-Project/MajorProject/Content/1_Mike/Models/tileset/Tileset_BalustradeEndV3_All_v01.uasset" 167
"../../../../../Major-Project/MajorProject/Content/1_Mike/Models/tileset/Tileset_BalustradeV3_All_v01.uasset" 168
"../../../../../Major-Project/MajorProject/Content/1_Mike/Models/tileset/Tileset_StairsV3_All_v01.uasset" 169
"../../../../../Major-Project/MajorProject/Content/1_Mike/Models/tileset/Tileset_WainscotingAngledV3_All_v01.uasset" 170
"../../../../../Major-Project/MajorProject/Content/1_Mike/Models/tileset/Tileset_WainscotingRampV3_All_v01.uasset" 171
"../../../../../Major-Project/MajorProject/Content/1_Mike/Models/tileset/Tileset_WainscotingStairsV3_All_v01.uasset" 172
"../../../../../Major-Project/MajorProject/Content/1_Mike/Models/tileset/Tileset_WainscotingV3_All_v01.uasset" 173
"../../../Engine/Content/Functions/Engine_MaterialFunctions01/Density/ExponentialDensity.uasset" 174
"../../../Engine/Content/Functions/Engine_MaterialFunctions01/Gradient/RadialGradientExponential.uasset" 175
"../../../../../Major-Project/MajorProject/Content/ParticleEffects/firefly_M.uasset" 176
"../../Plugins/FX/Niagara/Content/DynamicInputs/Angles/NormalizedAngleToDegrees.uasset" 177
"../../Plugins/FX/Niagara/Content/DynamicInputs/TypeConversions/Vector2DFromFloat.uasset" 178
"../../Plugins/FX/Niagara/Content/DynamicInputs/UniformRange/UniformRangedFloat.uasset" 179
"../../Plugins/FX/Niagara/Content/Enums/ENiagaraCalculateRadiusOptions.uasset" 180
"../../Plugins/FX/Niagara/Content/Functions/CalculateMeshRadius.uasset" 181
"../../Plugins/FX/Niagara/Content/Functions/CalculateRadiusFromSpriteSize.uasset" 182
"../../Plugins/FX/Niagara/Content/Functions/Helpers/DoOnce_fn.uasset" 183
"../../Plugins/FX/Niagara/Content/Functions/ProjectVectorOnPlane.uasset" 184
"../../Plugins/FX/Niagara/Content/Functions/Rotation/AxisAngleToQuaternion.uasset" 185
"../../Plugins/FX/Niagara/Content/Functions/Rotation/MultiplyQuaternion.uasset" 186
"../../Plugins/FX/Niagara/Content/Functions/Collision/PlaneSphereCollisionDetection.uasset" 187
"../../Plugins/FX/Niagara/Content/Functions/Rotation/FindQuatBetween.uasset" 188
"../../Plugins/FX/Niagara/Content/Functions/Rotation/MultiplyVectorWithQuaternion.uasset" 189
"../../Plugins/FX/Niagara/Content/Functions/Collision/RandomizeCollisionNormals.uasset" 190
"../../Plugins/FX/Niagara/Content/Functions/Math/CentimeterMeterConversion.uasset" 191
"../../Plugins/FX/Niagara/Content/Functions/ReflectVector.uasset" 192
"../../Plugins/FX/Niagara/Content/Modules/Collision/NiagaraDistanceFieldCollisions.uasset" 193
"../../Plugins/FX/Niagara/Content/Modules/Collision/SceneDepthTest.uasset" 194
"../../Plugins/FX/Niagara/Content/Enums/ENiagara_CPUCollisionType.uasset" 195
"../../Plugins/FX/Niagara/Content/Enums/ENiagara_GPUCollisionType.uasset" 196
"../../Plugins/FX/Niagara/Content/Enums/ENiagaraFrictionMergeType.uasset" 197
"../../Plugins/FX/Niagara/Content/Enums/ENiagaraRestitutionMergeType.uasset" 198
"../../Plugins/FX/Niagara/Content/Modules/Collision/CollisionQueryAndResponse.uasset" 199
"../../Plugins/FX/Niagara/Content/Enums/ENiagaraCollisionRadiusOptions.uasset" 200
"../../Plugins/FX/Niagara/Content/Modules/Collision/Collision.uasset" 201
"../../Plugins/FX/Niagara/Content/Modules/Emitter/SpawnRate.uasset" 202
"../../Plugins/FX/Niagara/Content/Functions/IsolateLongestVectorComponent.uasset" 203
"../../Plugins/FX/Niagara/Content/Functions/RandomPointInBox.uasset" 204
"../../Plugins/FX/Niagara/Content/Functions/Rotation/RotateAngleOnAxis.uasset" 205
"../../Plugins/FX/Niagara/Content/Enums/ENiagaraExpansionMode.uasset" 206
"../../Plugins/FX/Niagara/Content/Modules/Spawn/Location/BoxLocation.uasset" 207
"../../Plugins/FX/Niagara/Content/Functions/RandomPointInSphere.uasset" 208
"../../Plugins/FX/Niagara/Content/Enums/ENiagaraTorusDistributionMode.uasset" 209
"../../Plugins/FX/Niagara/Content/Modules/Spawn/Location/SphereLocation.uasset" 210
"../../Plugins/FX/Niagara/Content/Enums/ENiagaraScaleColorMode.uasset" 211
"../../Plugins/FX/Niagara/Content/Modules/Update/Color/ScaleColor.uasset" 212
"../../Plugins/FX/Niagara/Content/Functions/FindAngleBetweenVectors.uasset" 213
"../../Plugins/FX/Niagara/Content/Functions/Masks/ConeMask.uasset" 214
"../../Plugins/FX/Niagara/Content/Enums/ENiagaraCurlNoiseQuality.uasset" 215
"../../Plugins/FX/Niagara/Content/VectorFields/Assets/TilingCurl16.uasset" 216
"../../Plugins/FX/Niagara/Content/VectorFields/Assets/TilingCurl32.uasset" 217
"../../Plugins/FX/Niagara/Content/VectorFields/Assets/TilingCurl64.uasset" 218
"../../Plugins/FX/Niagara/Content/Modules/Update/Forces/CurlNoiseForce.uasset" 219
"../../Plugins/FX/Niagara/Content/Modules/Update/Forces/Drag.uasset" 220
"../../Plugins/FX/Niagara/Content/Modules/Update/Size/ScaleSpriteSize.uasset" 221
"../../../../../Major-Project/MajorProject/Content/ParticleEffects/Fireflytest.uasset" 222
"../../../../../Major-Project/MajorProject/Content/1_Mike/Particles/FireFlies.uasset" 223
"../../../../../Major-Project/MajorProject/Content/Audio/Hallway_Tone.uasset" 224
"../../../../../Major-Project/MajorProject/Content/Audio/Porcelain_Floor_Room_Tone.uasset" 225
"../../../../../Major-Project/MajorProject/Content/Random/State.uasset" 226
"../../../../../Major-Project/MajorProject/Content/Blueprints/WorldStateInterface.uasset" 227
"../../../../../Major-Project/MajorProject/Content/Blueprints/Controller.uasset" 228
"../../../../../Major-Project/MajorProject/Content/Folders/StarterContent/Materials/M_Basic_Floor.uasset" 229
"../../../../../Major-Project/MajorProject/Content/Folders/StarterContent/Architecture/Floor_400x400.uasset" 230
"../../../../../Major-Project/MajorProject/Content/Folders/StarterContent/Materials/M_Basic_Wall.uasset" 231
"../../../../../Major-Project/MajorProject/Content/Folders/StarterContent/Architecture/Pillar_50x500.uasset" 232
"../../../../../Major-Project/MajorProject/Content/Folders/StarterContent/Materials/M_AssetPlatform.uasset" 233
"../../../../../Major-Project/MajorProject/Content/Folders/StarterContent/Architecture/SM_AssetPlatform.uasset" 234
"../../../../../Major-Project/MajorProject/Content/Folders/StarterContent/Architecture/Wall_400x200.uasset" 235
"../../../../../Major-Project/MajorProject/Content/Folders/StarterContent/Architecture/Wall_400x300.uasset" 236
"../../../../../Major-Project/MajorProject/Content/Folders/StarterContent/Architecture/Wall_400x400.uasset" 237
"../../../../../Major-Project/MajorProject/Content/Folders/StarterContent/Architecture/Wall_500x500.uasset" 238
"../../../../../Major-Project/MajorProject/Content/Folders/StarterContent/Architecture/Wall_Door_400x300.uasset" 239
"../../../../../Major-Project/MajorProject/Content/Folders/StarterContent/Architecture/Wall_Door_400x400.uasset" 240
"../../../../../Major-Project/MajorProject/Content/Folders/StarterContent/Architecture/Wall_Window_400x300.uasset" 241
"../../../../../Major-Project/MajorProject/Content/Folders/StarterContent/Architecture/Wall_Window_400x400.uasset" 242
"../../../../../Major-Project/MajorProject/Content/Folders/StarterContent/Audio/Collapse01.uasset" 243
"../../../../../Major-Project/MajorProject/Content/Folders/StarterContent/Audio/Collapse02.uasset" 244
"../../../../../Major-Project/MajorProject/Content/Folders/StarterContent/Audio/Collapse_Cue.uasset" 245
"../../../../../Major-Project/MajorProject/Content/Folders/StarterContent/Audio/Explosion01.uasset" 246
"../../../../../Major-Project/MajorProject/Content/Folders/StarterContent/Audio/Explosion02.uasset" 247
"../../../../../Major-Project/MajorProject/Content/Folders/StarterContent/Audio/Light01.uasset" 248
"../../../../../Major-Project/MajorProject/Content/Folders/StarterContent/Audio/Light01_Cue.uasset" 249
"../../../../../Major-Project/MajorProject/Content/Folders/StarterContent/Audio/Light02.uasset" 250
"../../../../../Major-Project/MajorProject/Content/Folders/StarterContent/Audio/Light02_Cue.uasset" 251
"../../../../../Major-Project/MajorProject/Content/Folders/StarterContent/Audio/Starter_Birds01.uasset" 252
"../../../../../Major-Project/MajorProject/Content/Folders/StarterContent/Audio/Starter_Wind05.uasset" 253
"../../../../../Major-Project/MajorProject/Content/Folders/StarterContent/Audio/Starter_Wind06.uasset" 254
"../../../../../Major-Project/MajorProject/Content/Folders/StarterContent/Audio/Starter_Background_Cue.uasset" 255
"../../../../../Major-Project/MajorProject/Content/Folders/StarterContent/Audio/Starter_Music01.uasset" 256
"../../../../../Major-Project/MajorProject/Content/Folders/StarterContent/Audio/Starter_Music_Cue.uasset" 257
"../../../../../Major-Project/MajorProject/Content/Folders/StarterContent/Textures/T_Lamp_M.uasset" 258
"../../../../../Major-Project/MajorProject/Content/Folders/StarterContent/Textures/T_Lamp_N.uasset" 259
"../../../../../Major-Project/MajorProject/Content/Folders/StarterContent/Props/Materials/M_Lamp.uasset" 260
"../../../../../Major-Project/MajorProject/Content/Folders/StarterContent/Props/SM_Lamp_Ceiling.uasset" 261
"../../../../../Major-Project/MajorProject/Content/Folders/StarterContent/Blueprints/Blueprint_CeilingLight.uasset" 262
"../../../../../Major-Project/MajorProject/Content/Folders/StarterContent/Audio/Explosion_Cue.uasset" 263
"../../../../../Major-Project/MajorProject/Content/Folders/StarterContent/Textures/T_Burst_M.uasset" 264
"../../../../../Major-Project/MajorProject/Content/Folders/StarterContent/Particles/Materials/M_Burst.uasset" 265
"../../../../../Major-Project/MajorProject/Content/Folders/StarterContent/Textures/T_Explosion_SubUV.uasset" 266
"../../../../../Major-Project/MajorProject/Content/Folders/StarterContent/Particles/Materials/M_explosion_subUV.uasset" 267
"../../../../../Major-Project/MajorProject/Content/Folders/StarterContent/Particles/Materials/m_flare_01.uasset" 268
"../../../Engine/Content/Functions/Engine_MaterialFunctions01/Gradient/RadialGradient.uasset" 269
"../../../../../Major-Project/MajorProject/Content/Folders/StarterContent/Particles/Materials/M_radial_ramp.uasset" 270
"../../../../../Major-Project/MajorProject/Content/Folders/StarterContent/Textures/T_Smoke_SubUV.uasset" 271
"../../../../../Major-Project/MajorProject/Content/Folders/StarterContent/Textures/T_Smoke_Tiled_D.uasset" 272
"../../../../../Major-Project/MajorProject/Content/Folders/StarterContent/Particles/Materials/M_smoke_subUV.uasset" 273
"../../../../../Major-Project/MajorProject/Content/Folders/StarterContent/Particles/P_Explosion.uasset" 274
"../../../../../Major-Project/MajorProject/Content/Folders/StarterContent/Blueprints/Blueprint_Effect_Explosion.uasset" 275
"../../../../../Major-Project/MajorProject/Content/Folders/StarterContent/Audio/Fire01.uasset" 276
"../../../../../Major-Project/MajorProject/Content/Folders/StarterContent/Audio/Fire01_Cue.uasset" 277
"../../../../../Major-Project/MajorProject/Content/Folders/StarterContent/Textures/T_Fire_SubUV.uasset" 278
"../../../../../Major-Project/MajorProject/Content/Folders/StarterContent/Textures/T_Fire_Tiled_D.uasset" 279
"../../../../../Major-Project/MajorProject/Content/Folders/StarterContent/Particles/Materials/M_Fire_SubUV.uasset" 280
"../../../../../Major-Project/MajorProject/Content/Folders/StarterContent/Textures/T_Water_N.uasset" 281
"../../../../../Major-Project/MajorProject/Content/Folders/StarterContent/Particles/Materials/M_Heat_Distortion.uasset" 282
"../../../../../Major-Project/MajorProject/Content/Folders/StarterContent/Particles/Materials/M_Radial_Gradient.uasset" 283
"../../../../../Major-Project/MajorProject/Content/Folders/StarterContent/Particles/P_Fire.uasset" 284
"../../../../../Major-Project/MajorProject/Content/Folders/StarterContent/Blueprints/Blueprint_Effect_Fire.uasset" 285
"../../../../../Major-Project/MajorProject/Content/Folders/StarterContent/Audio/Smoke01.uasset" 286
"../../../../../Major-Project/MajorProject/Content/Folders/StarterContent/Audio/Smoke01_Cue.uasset" 287
"../../../../../Major-Project/MajorProject/Content/Folders/StarterContent/Particles/P_Smoke.uasset" 288
"../../../../../Major-Project/MajorProject/Content/Folders/StarterContent/Blueprints/Blueprint_Effect_Smoke.uasset" 289
"../../../../../Major-Project/MajorProject/Content/Folders/StarterContent/Audio/Fire_Sparks01.uasset" 290
"../../../../../Major-Project/MajorProject/Content/Folders/StarterContent/Audio/Fire_Sparks01_Cue.uasset" 291
"../../../../../Major-Project/MajorProject/Content/Folders/StarterContent/Textures/T_Spark_Core.uasset" 292
"../../../../../Major-Project/MajorProject/Content/Folders/StarterContent/Particles/Materials/M_Spark.uasset" 293
"../../../../../Major-Project/MajorProject/Content/Folders/StarterContent/Particles/P_Sparks.uasset" 294
"../../../../../Major-Project/MajorProject/Content/Folders/StarterContent/Blueprints/Blueprint_Effect_Sparks.uasset" 295
"../../../../../Major-Project/MajorProject/Content/Folders/StarterContent/Audio/Steam01.uasset" 296
"../../../../../Major-Project/MajorProject/Content/Folders/StarterContent/Audio/Steam01_Cue.uasset" 297
"../../../../../Major-Project/MajorProject/Content/Folders/StarterContent/Particles/P_Steam_Lit.uasset" 298
"../../../../../Major-Project/MajorProject/Content/Folders/StarterContent/Blueprints/Blueprint_Effect_Steam.uasset" 299
"../../../../../Major-Project/MajorProject/Content/Folders/StarterContent/Props/SM_Lamp_Wall.uasset" 300
"../../../../../Major-Project/MajorProject/Content/Folders/StarterContent/Blueprints/Blueprint_WallSconce.uasset" 301
"../../../../../Major-Project/MajorProject/Content/Folders/StarterContent/Blueprints/Assets/FogBrightnessLUT.uasset" 302
"../../../../../Major-Project/MajorProject/Content/Folders/StarterContent/Blueprints/Assets/SunlightColorLUT.uasset" 303
"../../../../../Major-Project/MajorProject/Content/Folders/StarterContent/Blueprints/Assets/M_LightStage_Arrows.uasset" 304
"../../../Engine/Content/MapTemplates/Sky/DaylightAmbientCubemap.uasset" 305
"../../../../../Major-Project/MajorProject/Content/Folders/StarterContent/Blueprints/Assets/M_LightStage_Skybox_Master.uasset" 306
"../../../../../Major-Project/MajorProject/Content/Folders/StarterContent/Blueprints/Assets/M_LightStage_Skybox_Black.uasset" 307
"../../../../../Major-Project/MajorProject/Content/Folders/StarterContent/Blueprints/Assets/M_LightStage_Skybox_HDRI.uasset" 308
"../../../Engine/Content/EditorMaterials/Thumbnails/SkySphereMaterial.uasset" 309
"../../../../../Major-Project/MajorProject/Content/Folders/StarterContent/Blueprints/Assets/Skybox.uasset" 310
"../../../../../Major-Project/MajorProject/Content/Folders/StarterContent/Blueprints/Assets/SM_Arrows.uasset" 311
"../../../../../Major-Project/MajorProject/Content/Folders/StarterContent/Blueprints/BP_LightStudio.uasset" 312
"../../../../../Major-Project/MajorProject/Content/Folders/StarterContent/Textures/T_Brick_Clay_Beveled_D.uasset" 313
"../../../../../Major-Project/MajorProject/Content/Folders/StarterContent/Textures/T_Brick_Clay_Beveled_M.uasset" 314
"../../../../../Major-Project/MajorProject/Content/Folders/StarterContent/Textures/T_Brick_Clay_Beveled_N.uasset" 315
"../../../../../Major-Project/MajorProject/Content/Folders/StarterContent/Textures/T_MacroVariation.uasset" 316
"../../../../../Major-Project/MajorProject/Content/Folders/StarterContent/Materials/M_Brick_Clay_Beveled.uasset" 317
"../../../../../Major-Project/MajorProject/Content/Folders/StarterContent/Textures/T_Brick_Clay_New_D.uasset" 318
"../../../../../Major-Project/MajorProject/Content/Folders/StarterContent/Textures/T_Brick_Clay_New_M.uasset" 319
"../../../../../Major-Project/MajorProject/Content/Folders/StarterContent/Textures/T_Brick_Clay_New_N.uasset" 320
"../../../../../Major-Project/MajorProject/Content/Folders/StarterContent/Textures/T_Detail_Rocky_N.uasset" 321
"../../../../../Major-Project/MajorProject/Content/Folders/StarterContent/Materials/M_Brick_Clay_New.uasset" 322
"../../../../../Major-Project/MajorProject/Content/Folders/StarterContent/Textures/T_Brick_Clay_Old_D.uasset" 323
"../../../../../Major-Project/MajorProject/Content/Folders/StarterContent/Textures/T_Brick_Clay_Old_N.uasset" 324
"../../../../../Major-Project/MajorProject/Content/Folders/StarterContent/Materials/M_Brick_Clay_Old.uasset" 325
"../../../../../Major-Project/MajorProject/Content/Folders/StarterContent/Textures/T_Brick_Cut_Stone_D.uasset" 326
"../../../../../Major-Project/MajorProject/Content/Folders/StarterContent/Textures/T_Brick_Cut_Stone_N.uasset" 327
"../../../../../Major-Project/MajorProject/Content/Folders/StarterContent/Materials/M_Brick_Cut_Stone.uasset" 328
"../../../../../Major-Project/MajorProject/Content/Folders/StarterContent/Textures/T_Brick_Hewn_Stone_D.uasset" 329
"../../../../../Major-Project/MajorProject/Content/Folders/StarterContent/Textures/T_Brick_Hewn_Stone_M.uasset" 330
"../../../../../Major-Project/MajorProject/Content/Folders/StarterContent/Textures/T_Brick_Hewn_Stone_N.uasset" 331
"../../../../../Major-Project/MajorProject/Content/Folders/StarterContent/Materials/M_Brick_Hewn_Stone.uasset" 332
"../../../../../Major-Project/MajorProject/Content/Folders/StarterContent/Textures/T_Ceramic_Tile_M.uasset" 333
"../../../../../Major-Project/MajorProject/Content/Folders/StarterContent/Textures/T_Ceramic_Tile_N.uasset" 334
"../../../../../Major-Project/MajorProject/Content/Folders/StarterContent/Textures/T_Rock_Marble_Polished_D.uasset" 335
"../../../../../Major-Project/MajorProject/Content/Folders/StarterContent/Materials/M_Ceramic_Tile_Checker.uasset" 336
"../../../../../Major-Project/MajorProject/Content/Folders/StarterContent/Textures/T_CobbleStone_Pebble_D.uasset" 337
"../../../../../Major-Project/MajorProject/Content/Folders/StarterContent/Textures/T_CobbleStone_Pebble_M.uasset" 338
"../../../../../Major-Project/MajorProject/Content/Folders/StarterContent/Textures/T_CobbleStone_Pebble_N.uasset" 339
"../../../../../Major-Project/MajorProject/Content/Folders/StarterContent/Materials/M_CobbleStone_Pebble.uasset" 340
"../../../../../Major-Project/MajorProject/Content/Folders/StarterContent/Textures/T_CobbleStone_Rough_D.uasset" 341
"../../../../../Major-Project/MajorProject/Content/Folders/StarterContent/Textures/T_CobbleStone_Rough_N.uasset" 342
"../../../../../Major-Project/MajorProject/Content/Folders/StarterContent/Textures/T_Gradinet_01.uasset" 343
"../../../../../Major-Project/MajorProject/Content/Folders/StarterContent/Textures/T_Rock_Smooth_Granite_D.uasset" 344
"../../../../../Major-Project/MajorProject/Content/Folders/StarterContent/Materials/M_CobbleStone_Rough.uasset" 345
"../../../../../Major-Project/MajorProject/Content/Folders/StarterContent/Textures/T_CobbleStone_Smooth_D.uasset" 346
"../../../../../Major-Project/MajorProject/Content/Folders/StarterContent/Textures/T_CobbleStone_Smooth_M.uasset" 347
"../../../../../Major-Project/MajorProject/Content/Folders/StarterContent/Textures/T_CobbleStone_Smooth_N.uasset" 348
"../../../../../Major-Project/MajorProject/Content/Folders/StarterContent/Materials/M_CobbleStone_Smooth.uasset" 349
"../../../Engine/Content/EditorMeshes/ColorCalibrator/T_ColorGrid.uasset" 350
"../../../../../Major-Project/MajorProject/Content/Folders/StarterContent/Materials/M_ColorGrid_LowSpec.uasset" 351
"../../../../../Major-Project/MajorProject/Content/Folders/StarterContent/Textures/T_Concrete_Grime_D.uasset" 352
"../../../../../Major-Project/MajorProject/Content/Folders/StarterContent/Textures/T_Metal_Rust_N.uasset" 353
"../../../../../Major-Project/MajorProject/Content/Folders/StarterContent/Materials/M_Concrete_Grime.uasset" 354
"../../../../../Major-Project/MajorProject/Content/Folders/StarterContent/Textures/T_Concrete_Panels_D.uasset" 355
"../../../../../Major-Project/MajorProject/Content/Folders/StarterContent/Textures/T_Concrete_Panels_N.uasset" 356
"../../../../../Major-Project/MajorProject/Content/Folders/StarterContent/Materials/M_Concrete_Panels.uasset" 357
"../../../../../Major-Project/MajorProject/Content/Folders/StarterContent/Textures/T_Concrete_Poured_D.uasset" 358
"../../../../../Major-Project/MajorProject/Content/Folders/StarterContent/Textures/T_Concrete_Poured_N.uasset" 359
"../../../../../Major-Project/MajorProject/Content/Folders/StarterContent/Materials/M_Concrete_Poured.uasset" 360
"../../../../../Major-Project/MajorProject/Content/Folders/StarterContent/Textures/T_Concrete_Tiles_D.uasset" 361
"../../../../../Major-Project/MajorProject/Content/Folders/StarterContent/Textures/T_Concrete_Tiles_M.uasset" 362
"../../../../../Major-Project/MajorProject/Content/Folders/StarterContent/Textures/T_Concrete_Tiles_N.uasset" 363
"../../../../../Major-Project/MajorProject/Content/Folders/StarterContent/Textures/T_Concrete_Tiles_Variation_M.uasset" 364
"../../../../../Major-Project/MajorProject/Content/Folders/StarterContent/Materials/M_Concrete_Tiles.uasset" 365
"../../../../../Major-Project/MajorProject/Content/Folders/StarterContent/Textures/T_Ground_Grass_D.uasset" 366
"../../../../../Major-Project/MajorProject/Content/Folders/StarterContent/Textures/T_Ground_Grass_N.uasset" 367
"../../../../../Major-Project/MajorProject/Content/Folders/StarterContent/Materials/M_Ground_Grass.uasset" 368
"../../../../../Major-Project/MajorProject/Content/Folders/StarterContent/Textures/T_Ground_Gravel_D.uasset" 369
"../../../../../Major-Project/MajorProject/Content/Folders/StarterContent/Textures/T_Ground_Gravel_N.uasset" 370
"../../../../../Major-Project/MajorProject/Content/Folders/StarterContent/Materials/M_Ground_Gravel.uasset" 371
"../../../../../Major-Project/MajorProject/Content/Folders/StarterContent/Textures/T_ground_Moss_D.uasset" 372
"../../../../../Major-Project/MajorProject/Content/Folders/StarterContent/Textures/T_Ground_Moss_N.uasset" 373
"../../../../../Major-Project/MajorProject/Content/Folders/StarterContent/Materials/M_Ground_Moss.uasset" 374
"../../../../../Major-Project/MajorProject/Content/Folders/StarterContent/Materials/M_Metal_Brushed_Nickel.uasset" 375
"../../../../../Major-Project/MajorProject/Content/Folders/StarterContent/Textures/T_Metal_Aluminum_D.uasset" 376
"../../../../../Major-Project/MajorProject/Content/Folders/StarterContent/Textures/T_Metal_Gold_N.uasset" 377
"../../../../../Major-Project/MajorProject/Content/Folders/StarterContent/Materials/M_Metal_Burnished_Steel.uasset" 378
"../../../../../Major-Project/MajorProject/Content/Folders/StarterContent/Materials/M_Metal_Chrome.uasset" 379
"../../../../../Major-Project/MajorProject/Content/Folders/StarterContent/Textures/T_Metal_Copper_D.uasset" 380
"../../../../../Major-Project/MajorProject/Content/Folders/StarterContent/Materials/M_Metal_Copper.uasset" 381
"../../../../../Major-Project/MajorProject/Content/Folders/StarterContent/Textures/T_Metal_Gold_D.uasset" 382
"../../../../../Major-Project/MajorProject/Content/Folders/StarterContent/Materials/M_Metal_Gold.uasset" 383
"../../../Engine/Content/Functions/Engine_MaterialFunctions02/Utility/BlendAngleCorrectedNormals.uasset" 384
"../../../../../Major-Project/MajorProject/Content/Folders/StarterContent/Textures/T_Metal_Rust_D.uasset" 385
"../../../../../Major-Project/MajorProject/Content/Folders/StarterContent/Materials/M_Metal_Rust.uasset" 386
"../../../../../Major-Project/MajorProject/Content/Folders/StarterContent/Textures/T_Metal_Steel_D.uasset" 387
"../../../../../Major-Project/MajorProject/Content/Folders/StarterContent/Textures/T_Metal_Steel_N.uasset" 388
"../../../../../Major-Project/MajorProject/Content/Folders/StarterContent/Materials/M_Metal_Steel.uasset" 389
"../../../../../Major-Project/MajorProject/Content/Folders/StarterContent/Textures/T_Rock_Basalt_D.uasset" 390
"../../../../../Major-Project/MajorProject/Content/Folders/StarterContent/Textures/T_Rock_Basalt_N.uasset" 391
"../../../../../Major-Project/MajorProject/Content/Folders/StarterContent/Materials/M_Rock_Basalt.uasset" 392
"../../../../../Major-Project/MajorProject/Content/Folders/StarterContent/Materials/M_Rock_Marble_Polished.uasset" 393
"../../../../../Major-Project/MajorProject/Content/Folders/StarterContent/Textures/T_Rock_Sandstone_D.uasset" 394
"../../../../../Major-Project/MajorProject/Content/Folders/StarterContent/Textures/T_Rock_Sandstone_N.uasset" 395
"../../../../../Major-Project/MajorProject/Content/Folders/StarterContent/Materials/M_Rock_Sandstone.uasset" 396
"../../../../../Major-Project/MajorProject/Content/Folders/StarterContent/Textures/T_Rock_Slate_D.uasset" 397
"../../../../../Major-Project/MajorProject/Content/Folders/StarterContent/Textures/T_Rock_Slate_N.uasset" 398
"../../../../../Major-Project/MajorProject/Content/Folders/StarterContent/Materials/M_Rock_Slate.uasset" 399
"../../../../../Major-Project/MajorProject/Content/Folders/StarterContent/Textures/T_Checker_Noise_M.uasset" 400
"../../../../../Major-Project/MajorProject/Content/Folders/StarterContent/Textures/T_Single_Tile_N.uasset" 401
"../../../../../Major-Project/MajorProject/Content/Folders/StarterContent/Textures/T_Tech_Dot_M.uasset" 402
"../../../../../Major-Project/MajorProject/Content/Folders/StarterContent/Textures/T_Tech_Dot_N.uasset" 403
"../../../../../Major-Project/MajorProject/Content/Folders/StarterContent/Materials/M_Tech_Checker_Dot.uasset" 404
"../../../../../Major-Project/MajorProject/Content/Folders/StarterContent/Textures/T_Tech_Hex_Tile_M.uasset" 405
"../../../../../Major-Project/MajorProject/Content/Folders/StarterContent/Textures/T_Tech_Hex_Tile_N.uasset" 406
"../../../../../Major-Project/MajorProject/Content/Folders/StarterContent/Materials/M_Tech_Hex_Tile.uasset" 407
"../../../../../Major-Project/MajorProject/Content/Folders/StarterContent/Materials/M_Tech_Hex_Tile_Pulse.uasset" 408
"../../../../../Major-Project/MajorProject/Content/Folders/StarterContent/Textures/T_Tech_Panel_M.uasset" 409
"../../../../../Major-Project/MajorProject/Content/Folders/StarterContent/Textures/T_Tech_Panel_N.uasset" 410
"../../../../../Major-Project/MajorProject/Content/Folders/StarterContent/Materials/M_Tech_Panel.uasset" 411
"../../../../../Major-Project/MajorProject/Content/Folders/StarterContent/Materials/M_Water_Lake.uasset" 412
"../../../../../Major-Project/MajorProject/Content/Folders/StarterContent/Textures/T_Water_M.uasset" 413
"../../../../../Major-Project/MajorProject/Content/Folders/StarterContent/Materials/M_Water_Ocean.uasset" 414
"../../../../../Major-Project/MajorProject/Content/Folders/StarterContent/Textures/T_Wood_Floor_Walnut_D.uasset" 415
"../../../../../Major-Project/MajorProject/Content/Folders/StarterContent/Textures/T_Wood_Floor_Walnut_M.uasset" 416
"../../../../../Major-Project/MajorProject/Content/Folders/StarterContent/Textures/T_Wood_Floor_Walnut_N.uasset" 417
"../../../../../Major-Project/MajorProject/Content/Folders/StarterContent/Materials/M_Wood_Floor_Walnut_Polished.uasset" 418
"../../../Engine/Content/Functions/Engine_MaterialFunctions01/Opacity/AlphaOffset.uasset" 419
"../../../../../Major-Project/MajorProject/Content/Folders/StarterContent/Materials/M_Wood_Floor_Walnut_Worn.uasset" 420
"../../../../../Major-Project/MajorProject/Content/Folders/StarterContent/Textures/T_Wood_Oak_D.uasset" 421
"../../../../../Major-Project/MajorProject/Content/Folders/StarterContent/Textures/T_Wood_Oak_N.uasset" 422
"../../../../../Major-Project/MajorProject/Content/Folders/StarterContent/Materials/M_Wood_Oak.uasset" 423
"../../../../../Major-Project/MajorProject/Content/Folders/StarterContent/Textures/T_Wood_Pine_D.uasset" 424
"../../../../../Major-Project/MajorProject/Content/Folders/StarterContent/Textures/T_Wood_Pine_N.uasset" 425
"../../../../../Major-Project/MajorProject/Content/Folders/StarterContent/Materials/M_Wood_Pine.uasset" 426
"../../../../../Major-Project/MajorProject/Content/Folders/StarterContent/Textures/T_Wood_Walnut_D.uasset" 427
"../../../../../Major-Project/MajorProject/Content/Folders/StarterContent/Textures/T_Wood_Walnut_N.uasset" 428
"../../../../../Major-Project/MajorProject/Content/Folders/StarterContent/Materials/M_Wood_Walnut.uasset" 429
"../../../../../Major-Project/MajorProject/Content/Folders/StarterContent/Textures/T_Dust_Particle_D.uasset" 430
"../../../../../Major-Project/MajorProject/Content/Folders/StarterContent/Particles/Materials/M_Dust_Particle.uasset" 431
"../../../../../Major-Project/MajorProject/Content/Folders/StarterContent/Particles/P_Ambient_Dust.uasset" 432
"../../../../../Major-Project/MajorProject/Content/Folders/StarterContent/Props/MaterialSphere.uasset" 433
"../../../../../Major-Project/MajorProject/Content/Folders/StarterContent/Textures/T_Bush_D.uasset" 434
"../../../../../Major-Project/MajorProject/Content/Folders/StarterContent/Textures/T_Bush_N.uasset" 435
"../../../../../Major-Project/MajorProject/Content/Folders/StarterContent/Props/Materials/M_Bush.uasset" 436
"../../../../../Major-Project/MajorProject/Content/Folders/StarterContent/Props/SM_Bush.uasset" 437
"../../../../../Major-Project/MajorProject/Content/Folders/StarterContent/Textures/T_Chair_M.uasset" 438
"../../../../../Major-Project/MajorProject/Content/Folders/StarterContent/Textures/T_Chair_N.uasset" 439
"../../../../../Major-Project/MajorProject/Content/Folders/StarterContent/Props/Materials/M_Chair.uasset" 440
"../../../../../Major-Project/MajorProject/Content/Folders/StarterContent/Props/SM_Chair.uasset" 441
"../../../../../Major-Project/MajorProject/Content/Folders/StarterContent/Textures/T_Frame_M.uasset" 442
"../../../../../Major-Project/MajorProject/Content/Folders/StarterContent/Textures/T_Frame_N.uasset" 443
"../../../../../Major-Project/MajorProject/Content/Folders/StarterContent/Props/Materials/M_Frame.uasset" 444
"../../../../../Major-Project/MajorProject/Content/Folders/StarterContent/Props/SM_CornerFrame.uasset" 445
"../../../../../Major-Project/MajorProject/Content/Folders/StarterContent/Props/SM_Couch.uasset" 446
"../../../../../Major-Project/MajorProject/Content/Folders/StarterContent/Materials/M_Glass.uasset" 447
"../../../../../Major-Project/MajorProject/Content/Folders/StarterContent/Textures/T_Door_M.uasset" 448
"../../../../../Major-Project/MajorProject/Content/Folders/StarterContent/Textures/T_Door_N.uasset" 449
"../../../../../Major-Project/MajorProject/Content/Folders/StarterContent/Props/Materials/M_Door.uasset" 450
"../../../../../Major-Project/MajorProject/Content/Folders/StarterContent/Props/SM_Door.uasset" 451
"../../../../../Major-Project/MajorProject/Content/Folders/StarterContent/Props/SM_DoorFrame.uasset" 452
"../../../../../Major-Project/MajorProject/Content/Folders/StarterContent/Props/SM_GlassWindow.uasset" 453
"../../../../../Major-Project/MajorProject/Content/Folders/StarterContent/Props/Materials/M_MaterialSphere.uasset" 454
"../../../../../Major-Project/MajorProject/Content/Folders/StarterContent/Props/Materials/M_MaterialSphere_Plain.uasset" 455
"../../../../../Major-Project/MajorProject/Content/Folders/StarterContent/Props/SM_MatPreviewMesh_02.uasset" 456
"../../../../../Major-Project/MajorProject/Content/Folders/StarterContent/Props/SM_PillarFrame.uasset" 457
"../../../../../Major-Project/MajorProject/Content/Folders/StarterContent/Props/SM_PillarFrame300.uasset" 458
"../../../../../Major-Project/MajorProject/Content/Folders/StarterContent/Textures/T_RockMesh_M.uasset" 459
"../../../../../Major-Project/MajorProject/Content/Folders/StarterContent/Textures/T_RockMesh_N.uasset" 460
"../../../../../Major-Project/MajorProject/Content/Folders/StarterContent/Props/Materials/M_Rock.uasset" 461
"../../../../../Major-Project/MajorProject/Content/Folders/StarterContent/Props/SM_Rock.uasset" 462
"../../../../../Major-Project/MajorProject/Content/Folders/StarterContent/Textures/T_Shelf_M.uasset" 463
"../../../../../Major-Project/MajorProject/Content/Folders/StarterContent/Textures/T_Shelf_N.uasset" 464
"../../../../../Major-Project/MajorProject/Content/Folders/StarterContent/Props/Materials/M_Shelf.uasset" 465
"../../../../../Major-Project/MajorProject/Content/Folders/StarterContent/Props/SM_Shelf.uasset" 466
"../../../../../Major-Project/MajorProject/Content/Folders/StarterContent/Props/SM_Stairs.uasset" 467
"../../../../../Major-Project/MajorProject/Content/Folders/StarterContent/Textures/T_Statue_M.uasset" 468
"../../../../../Major-Project/MajorProject/Content/Folders/StarterContent/Textures/T_Statue_N.uasset" 469
"../../../../../Major-Project/MajorProject/Content/Folders/StarterContent/Props/Materials/M_Statue.uasset" 470
"../../../../../Major-Project/MajorProject/Content/Folders/StarterContent/Props/Materials/M_StatueGlass.uasset" 471
"../../../../../Major-Project/MajorProject/Content/Folders/StarterContent/Props/SM_Statue.uasset" 472
"../../../../../Major-Project/MajorProject/Content/Folders/StarterContent/Textures/T_TableRound_M.uasset" 473
"../../../../../Major-Project/MajorProject/Content/Folders/StarterContent/Textures/T_TableRound_N.uasset" 474
"../../../../../Major-Project/MajorProject/Content/Folders/StarterContent/Props/Materials/M_TableRound.uasset" 475
"../../../../../Major-Project/MajorProject/Content/Folders/StarterContent/Props/SM_TableRound.uasset" 476
"../../../../../Major-Project/MajorProject/Content/Folders/StarterContent/Props/SM_WindowFrame.uasset" 477
"../../../../../Major-Project/MajorProject/Content/Folders/StarterContent/Shapes/Shape_Cone.uasset" 478
"../../../../../Major-Project/MajorProject/Content/Folders/StarterContent/Shapes/Shape_Cube.uasset" 479
"../../../../../Major-Project/MajorProject/Content/Folders/StarterContent/Shapes/Shape_Cylinder.uasset" 480
"../../../../../Major-Project/MajorProject/Content/Folders/StarterContent/Shapes/Shape_NarrowCapsule.uasset" 481
"../../../../../Major-Project/MajorProject/Content/Folders/StarterContent/Shapes/Shape_Pipe.uasset" 482
"../../../../../Major-Project/MajorProject/Content/Folders/StarterContent/Shapes/Shape_Pipe_180.uasset" 483
"../../../../../Major-Project/MajorProject/Content/Folders/StarterContent/Shapes/Shape_Pipe_90.uasset" 484
"../../../../../Major-Project/MajorProject/Content/Folders/StarterContent/Shapes/Shape_Plane.uasset" 485
"../../../../../Major-Project/MajorProject/Content/Folders/StarterContent/Shapes/Shape_QuadPyramid.uasset" 486
"../../../../../Major-Project/MajorProject/Content/Folders/StarterContent/Shapes/Shape_Sphere.uasset" 487
"../../../../../Major-Project/MajorProject/Content/Folders/StarterContent/Shapes/Shape_Torus.uasset" 488
"../../../../../Major-Project/MajorProject/Content/Folders/StarterContent/Shapes/Shape_Trim.uasset" 489
"../../../../../Major-Project/MajorProject/Content/Folders/StarterContent/Shapes/Shape_Trim_90_In.uasset" 490
"../../../../../Major-Project/MajorProject/Content/Folders/StarterContent/Shapes/Shape_Trim_90_Out.uasset" 491
"../../../../../Major-Project/MajorProject/Content/Folders/StarterContent/Shapes/Shape_TriPyramid.uasset" 492
"../../../../../Major-Project/MajorProject/Content/Folders/StarterContent/Shapes/Shape_Tube.uasset" 493
"../../../../../Major-Project/MajorProject/Content/Folders/StarterContent/Shapes/Shape_Wedge_A.uasset" 494
"../../../../../Major-Project/MajorProject/Content/Folders/StarterContent/Shapes/Shape_Wedge_B.uasset" 495
"../../../../../Major-Project/MajorProject/Content/Folders/StarterContent/Shapes/Shape_WideCapsule.uasset" 496
"../../../../../Major-Project/MajorProject/Content/Folders/ThirdPerson/Meshes/RampMaterial.uasset" 497
"../../../../../Major-Project/MajorProject/Content/Folders/ThirdPerson/Meshes/Bump_StaticMesh.uasset" 498
"../../../../../Major-Project/MajorProject/Content/Folders/ThirdPerson/Meshes/LeftArm_StaticMesh.uasset" 499
"../../../../../Major-Project/MajorProject/Content/Folders/ThirdPerson/Meshes/Ramp_StaticMesh.uasset" 500
"../../../../../Major-Project/MajorProject/Content/Folders/ThirdPersonBP/ThirdPersonOverview.uasset" 501
"../../../../../Major-Project/MajorProject/Content/Mannequin/Character/Mesh/UE4_Mannequin_Skeleton.uasset" 502
"../../../../../Major-Project/MajorProject/Content/Mannequin/Animations/ThirdPerson_Jump.uasset" 503
"../../../../../Major-Project/MajorProject/Content/Mannequin/Animations/ThirdPersonJump_Loop.uasset" 504
"../../../../../Major-Project/MajorProject/Content/Mannequin/Animations/ThirdPersonJump_Start.uasset" 505
"../../../../../Major-Project/MajorProject/Content/Mannequin/Animations/ThirdPersonIdle.uasset" 506
"../../../../../Major-Project/MajorProject/Content/Mannequin/Animations/ThirdPersonRun.uasset" 507
"../../../../../Major-Project/MajorProject/Content/Mannequin/Animations/ThirdPersonWalk.uasset" 508
"../../../../../Major-Project/MajorProject/Content/Mannequin/Animations/ThirdPerson_IdleRun_2D.uasset" 509
"../../../../../Major-Project/MajorProject/Content/Mannequin/Animations/ThirdPerson_AnimBP.uasset" 510
"../../../Engine/Content/Animation/DefaultAnimBoneCompressionSettings.uasset" 511
"../../../../../Major-Project/MajorProject/Content/Character/CustomCharacter_Skeleton.uasset" 512
"../../../../../Major-Project/MajorProject/Content/Character/Animations/ANIM_Player_IDLE_30fps.uasset" 513
"../../../../../Major-Project/MajorProject/Content/Character/Animations/ANIM_Player_RUN_30fps.uasset" 514
"../../../../../Major-Project/MajorProject/Content/Character/Animations/ANIM_Player_WALK_30fps.uasset" 515
"../../../../../Major-Project/MajorProject/Content/Character/CharacterRunBlend.uasset" 516
"../../../../../Major-Project/MajorProject/Content/Character/CustomCharcaterAnimationBP.uasset" 517
"../../../../../Major-Project/MajorProject/Content/Character/Textures/MC_BODY_baseColor.uasset" 518
"../../../../../Major-Project/MajorProject/Content/Character/Textures/MC_BODY_ORM.uasset" 519
"../../../../../Major-Project/MajorProject/Content/Character/Textures/MAT_PlayerBody_temp.uasset" 520
"../../../../../Major-Project/MajorProject/Content/Character/Textures/MAT_PlayerBody_temp_Inst.uasset" 521
"../../../../../Major-Project/MajorProject/Content/Character/Textures/Face-01.uasset" 522
"../../../../../Major-Project/MajorProject/Content/Character/Textures/MC_HEAD_baseColor.uasset" 523
"../../../../../Major-Project/MajorProject/Content/Character/Textures/MC_HEAD_ORM.uasset" 524
"../../../../../Major-Project/MajorProject/Content/Character/Textures/MAT_PlayerHead_temp.uasset" 525
"../../../../../Major-Project/MajorProject/Content/Character/Textures/MAT_PlayerHead_temp_Inst.uasset" 526
"../../../../../Major-Project/MajorProject/Content/Character/CustomCharacter_PhysicsAsset.uasset" 527
"../../../../../Major-Project/MajorProject/Content/Character/CustomCharacter_Mesh.uasset" 528
"../../../../../Major-Project/MajorProject/Content/Character/CustomCharacter.uasset" 529
"../../../../../Major-Project/MajorProject/Content/Blueprints/PushableObject_MasterBP.uasset" 530
"../../../Engine/Content/Functions/MaterialLayerFunctions/MatLayerBlend_NormalBlend.uasset" 531
"../../../Engine/Content/Functions/MaterialLayerFunctions/MatLayerBlend_Simple.uasset" 532
"../../../../../Major-Project/MajorProject/Content/Mannequin/Character/Materials/MaterialLayers/T_ML_Rubber_Blue_01_D.uasset" 533
"../../../../../Major-Project/MajorProject/Content/Mannequin/Character/Materials/MaterialLayers/T_ML_Rubber_Blue_01_N.uasset" 534
"../../../../../Major-Project/MajorProject/Content/Mannequin/Character/Materials/MaterialLayers/ML_GlossyBlack_Latex_UE4.uasset" 535
"../../../../../Major-Project/MajorProject/Content/Mannequin/Character/Materials/MaterialLayers/ML_Plastic_Shiny_Beige.uasset" 536
"../../../../../Major-Project/MajorProject/Content/Mannequin/Character/Textures/UE4_LOGO_CARD.uasset" 537
"../../../../../Major-Project/MajorProject/Content/Mannequin/Character/Materials/MaterialLayers/ML_Plastic_Shiny_Beige_LOGO.uasset" 538
"../../../../../Major-Project/MajorProject/Content/Mannequin/Character/Materials/MaterialLayers/T_ML_Aluminum01.uasset" 539
"../../../../../Major-Project/MajorProject/Content/Mannequin/Character/Materials/MaterialLayers/T_ML_Aluminum01_N.uasset" 540
"../../../../../Major-Project/MajorProject/Content/Mannequin/Character/Materials/MaterialLayers/ML_SoftMetal_UE4.uasset" 541
"../../../../../Major-Project/MajorProject/Content/Mannequin/Character/Textures/UE4_Mannequin__normals.uasset" 542
"../../../../../Major-Project/MajorProject/Content/Mannequin/Character/Textures/UE4_Mannequin_MAT_MASKA.uasset" 543
"../../../../../Major-Project/MajorProject/Content/Mannequin/Character/Materials/M_UE4Man_Body.uasset" 544
"../../../../../Major-Project/MajorProject/Content/Mannequin/Character/Textures/UE4Man_Logo_N.uasset" 545
"../../../../../Major-Project/MajorProject/Content/Mannequin/Character/Materials/M_UE4Man_ChestLogo.uasset" 546
"../../../../../Major-Project/MajorProject/Content/Mannequin/Character/Mesh/SK_Mannequin_PhysicsAsset.uasset" 547
"../../../../../Major-Project/MajorProject/Content/Mannequin/Character/Mesh/SK_Mannequin.uasset" 548
"../../../../../Major-Project/MajorProject/Content/Folders/ThirdPersonBP/Blueprints/ThirdPersonCharacter.uasset" 549
"../../../../../Major-Project/MajorProject/Content/Folders/ThirdPersonBP/Blueprints/ThirdPersonGameMode.uasset" 550
"../../../../../Major-Project/MajorProject/Content/Geometry/Meshes/CubeMaterial.uasset" 551
"../../../../../Major-Project/MajorProject/Content/Geometry/Meshes/1M_Cube_Chamfer.uasset" 552
"../../../../../Major-Project/MajorProject/Content/Mannequin/Animations/ThirdPersonJump_End.uasset" 553
"../../../../../Major-Project/MajorProject/Content/Mannequin/Character/Mesh/SK_Mannequin1.uasset" 554
"../../../../../Major-Project/MajorProject/Content/Mannequin/Character/Mesh/UE4_Mannequin_Skeleton_PoseAsset.uasset" 555
"../../../../../Major-Project/MajorProject/Content/Mannequin/Character/Mesh/yeee.uasset" 556
"../../Plugins/FX/Niagara/Content/Functions/Helpers/IsPointAbovePlane.uasset" 557
"../../Plugins/FX/Niagara/Content/Functions/Helpers/IsPointBetweenSlabs.uasset" 558
"../../Plugins/FX/Niagara/Content/Functions/Helpers/IsPointInsideBox.uasset" 559
"../../Plugins/FX/Niagara/Content/Functions/Helpers/IsPointInsideCone.uasset" 560
"../../Plugins/FX/Niagara/Content/Functions/Helpers/IsPointInsideSphere.uasset" 561
"../../Plugins/FX/Niagara/Content/Functions/Localspace/OwnerAxes.uasset" 562
"../../Plugins/FX/Niagara/Content/Enums/ENiagaraKillVolumeOptions.uasset" 563
"../../Plugins/FX/Niagara/Content/Modules/Update/Lifetime/KillParticlesInVolume.uasset" 564
"../../../../../Major-Project/MajorProject/Content/ParticleEffects/CapturedFireflys.uasset" 565
"../../../../../Major-Project/MajorProject/Content/ParticleEffects/firefly_M_Inst.uasset" 566
"../../../../../Major-Project/MajorProject/Content/PostProcesses/CellShader_PP.uasset" 567
"../../../../../Major-Project/MajorProject/Content/PostProcesses/CellShader_PP_Inst.uasset" 568
"../../../../../Major-Project/MajorProject/Content/PostProcesses/Outline_PP.uasset" 569
"../../../../../Major-Project/MajorProject/Content/PostProcesses/Outline_PP_Inst.uasset" 570
"../../../../../Major-Project/MajorProject/Content/Random/angry.uasset" 571
"../../../../../Major-Project/MajorProject/Content/Random/angry_Mat.uasset" 572
"../../../../../Major-Project/MajorProject/Content/Random/lambert2.uasset" 573
"../../../Engine/Content/Engine_MI_Shaders/T_Base_Tile_Normal.uasset" 574
"../../../../../Major-Project/MajorProject/Content/Random/Motion_4WayChaos_Normal.uasset" 575
"../../../Engine/Content/Animation/DefaultAnimCurveCompressionSettings.uasset" 576
"../../../Engine/Content/ArtTools/RenderToTexture/Meshes/S_1_Unit_Plane.uasset" 577
"../../../Engine/Content/BasicShapes/Cone.uasset" 578
"../../../Engine/Content/BasicShapes/Plane.uasset" 579
"../../../Engine/Content/EditorLandscapeResources/DataLayer.uasset" 580
"../../../Engine/Content/EditorMaterials/MAT_Groups_Toggle.uasset" 581
"../../../Engine/Content/EditorMaterials/MAT_Groups_Visibility.uasset" 582
"../../../Engine/Content/EditorMaterials/PreviewShadowIndicator.uasset" 583
"../../../Engine/Content/EditorMaterials/PreviewShadowIndicatorMaterial.uasset" 584
"../../../Engine/Content/EditorMaterials/MatineeGroups/MAT_ColorTrack.uasset" 585
"../../../Engine/Content/EditorMaterials/MatineeGroups/MAT_Groups_Anim.uasset" 586
"../../../Engine/Content/EditorMaterials/MatineeGroups/MAT_Groups_AudioMaster.uasset" 587
"../../../Engine/Content/EditorMaterials/MatineeGroups/MAT_Groups_Director.uasset" 588
"../../../Engine/Content/EditorMaterials/MatineeGroups/MAT_Groups_Event.uasset" 589
"../../../Engine/Content/EditorMaterials/MatineeGroups/MAT_Groups_Fade.uasset" 590
"../../../Engine/Content/EditorMaterials/MatineeGroups/MAT_Groups_Float.uasset" 591
"../../../Engine/Content/EditorMaterials/MatineeGroups/MAT_Groups_Move.uasset" 592
"../../../Engine/Content/EditorMaterials/MatineeGroups/MAT_Groups_Slomo.uasset" 593
"../../../Engine/Content/EditorMaterials/MatineeGroups/MAT_Groups_Sound.uasset" 594
"../../../Engine/Content/EditorMaterials/MatineeGroups/MAT_Groups_Vector.uasset" 595
"../../../Engine/Content/EditorMaterials/ParticleSystems/PSysThumbnail_NoImage.uasset" 596
"../../../Engine/Content/EditorMaterials/ParticleSystems/PSysThumbnail_OOD.uasset" 597
"../../../Engine/Content/EditorMaterials/Camera/CineMat.uasset" 598
"../../../Engine/Content/EditorMaterials/Camera/MI_CineMat_Rig.uasset" 599
"../../../Engine/Content/EditorMeshes/Camera/SM_CraneRig_Arm.uasset" 600
"../../../Engine/Content/EditorMeshes/Camera/SM_CraneRig_Base.uasset" 601
"../../../Engine/Content/EditorMeshes/Camera/SM_CraneRig_Body.uasset" 602
"../../../Engine/Content/EditorMeshes/Camera/SM_CraneRig_Mount.uasset" 603
"../../../Engine/Content/EditorMeshes/Camera/SM_RailRig_Mount.uasset" 604
"../../../Engine/Content/EditorMeshes/Camera/SM_RailRig_Track.uasset" 605
"../../../Engine/Content/EditorResources/BSPVertex.uasset" 606
"../../../Engine/Content/EditorResources/EmptyActor.uasset" 607
"../../../Engine/Content/EditorResources/S_Actor.uasset" 608
"../../../Engine/Content/EditorResources/S_Note.uasset" 609
"../../../Engine/Content/EditorResources/S_Solver.uasset" 610
"../../../Engine/Content/EditorResources/S_Trigger.uasset" 611
"../../../Engine/Content/EditorResources/AudioIcons/S_AudioComponent_AutoActivate.uasset" 612
"../../../Engine/Content/EditorResources/SequenceRecorder/Countdown.uasset" 613
"../../../Engine/Content/EditorResources/SequenceRecorder/RecordingIndicator.uasset" 614
"../../../Engine/Content/EditorSounds/Notifications/CompileFailed.uasset" 615
"../../../Engine/Content/EditorSounds/Notifications/CompileFailed_Cue.uasset" 616
"../../../Engine/Content/EditorSounds/Notifications/CompileSuccess.uasset" 617
"../../../Engine/Content/EditorSounds/Notifications/CompileStart_Cue.uasset" 618
"../../../Engine/Content/EditorSounds/Notifications/CompileSuccess_Cue.uasset" 619
"../../../Engine/Content/EngineDamageTypes/DmgTypeBP_Environmental.uasset" 620
"../../../Engine/Content/EngineDebugMaterials/DebugEditorMaterial.uasset" 621
"../../../Engine/Content/EngineDebugMaterials/DebugMeshMaterial.uasset" 622
"../../../Engine/Content/EngineDebugMaterials/M_SimpleUnlitTranslucent.uasset" 623
"../../../Engine/Content/Functions/Engine_MaterialFunctions02/Utility/CameraDirectionVector.uasset" 624
"../../../Engine/Content/EngineDebugMaterials/VolumeToRender.uasset" 625
"../../../Engine/Content/EngineDebugMaterials/M_VolumeRenderSphereTracePP.uasset" 626
"../../../Engine/Content/EngineDebugMaterials/WireframeMaterial.uasset" 627
"../../../Engine/Content/EngineFonts/Faces/DroidSansFallback.uasset" 628
"../../../Engine/Content/EngineFonts/Faces/RobotoBold.uasset" 629
"../../../Engine/Content/EngineFonts/Faces/RobotoBoldItalic.uasset" 630
"../../../Engine/Content/EngineFonts/Faces/RobotoItalic.uasset" 631
"../../../Engine/Content/EngineFonts/Faces/RobotoLight.uasset" 632
"../../../Engine/Content/EngineFonts/Faces/RobotoRegular.uasset" 633
"../../../Engine/Content/EngineFonts/Roboto.uasset" 634
"../../../Engine/Content/EngineMaterials/BaseFlattenDiffuseMap.uasset" 635
"../../../Engine/Content/EngineMaterials/BaseFlattenEmissiveMap.uasset" 636
"../../../Engine/Content/EngineMaterials/BaseFlattenGrayscaleMap.uasset" 637
"../../../Engine/Content/EngineMaterials/BaseFlattenNormalMap.uasset" 638
"../../../Engine/Content/EngineMaterials/BaseFlattenMaterial.uasset" 639
"../../../Engine/Content/EngineMaterials/BlueNoise.uasset" 640
"../../../Engine/Content/EngineMaterials/DefaultBloomKernel.uasset" 641
"../../../Engine/Content/EngineMaterials/DefaultBokeh.uasset" 642
"../../../Engine/Content/EngineMaterials/DefaultDiffuse.uasset" 643
"../../../Engine/Content/EngineMaterials/DefaultDeferredDecalMaterial.uasset" 644
"../../../Engine/Content/EngineMaterials/DefaultLightFunctionMaterial.uasset" 645
"../../../Engine/Content/EngineMaterials/DefaultPhysicalMaterial.uasset" 646
"../../../Engine/Content/EngineMaterials/DefaultPostProcessMaterial.uasset" 647
"../../../Engine/Content/EngineFonts/RobotoDistanceField.uasset" 648
"../../../Engine/Content/EngineMaterials/DefaultTextMaterialOpaque.uasset" 649
"../../../Engine/Content/EngineMaterials/DefaultWhiteGrid.uasset" 650
"../../../Engine/Content/EngineMaterials/DefaultWhiteGrid_Low.uasset" 651
"../../../Engine/Content/EngineMaterials/EmissiveMeshMaterial.uasset" 652
"../../../Engine/Content/EngineMaterials/GizmoMaterial.uasset" 653
"../../../Engine/Content/EngineMaterials/Good64x64TilingNoiseHighFreq.uasset" 654
"../../../Engine/Content/EngineMaterials/MiniFont.uasset" 655
"../../../Engine/Content/EngineMaterials/InvalidLightmapSettings.uasset" 656
"../../../Engine/Content/EngineMaterials/M_InvalidLightmapSettings.uasset" 657
"../../../Engine/Content/Functions/Engine_MaterialFunctions02/WorldPositionOffset/CameraOffset.uasset" 658
"../../../Engine/Content/EngineMaterials/PhAT_JointLimitMaterial.uasset" 659
"../../../Engine/Content/EngineMaterials/PreintegratedSkinBRDF.uasset" 660
"../../../Engine/Content/EngineMaterials/RemoveSurfaceMaterial.uasset" 661
"../../../Engine/Content/EngineMaterials/WeightMapPlaceholderTexture.uasset" 662
"../../../Engine/Content/EngineResources/WhiteSquareTexture.uasset" 663
"../../../Engine/Content/EngineMaterials/Widget3DPassThrough.uasset" 664
"../../../Engine/Content/EngineMaterials/Widget3DPassThrough_Masked.uasset" 665
"../../../Engine/Content/EngineMaterials/Widget3DPassThrough_Opaque.uasset" 666
"../../../Engine/Content/EngineMaterials/Widget3DPassThrough_Masked_OneSided.uasset" 667
"../../../Engine/Content/EngineMaterials/Widget3DPassThrough_Opaque_OneSided.uasset" 668
"../../../Engine/Content/EngineMaterials/Widget3DPassThrough_Translucent.uasset" 669
"../../../Engine/Content/EngineMaterials/Widget3DPassThrough_Translucent_OneSided.uasset" 670
"../../../Engine/Content/EngineMeshes/Cube.uasset" 671
"../../../Engine/Content/EngineMeshes/Cylinder.uasset" 672
"../../../Engine/Content/EngineMeshes/Sphere.uasset" 673
"../../../Engine/Content/EngineResources/Black.uasset" 674
"../../../Engine/Content/EngineResources/DefaultTextureCube.uasset" 675
"../../../Engine/Content/EngineResources/DefaultVolumeTexture2D.uasset" 676
"../../../Engine/Content/EngineResources/DefaultVolumeTexture.uasset" 677
"../../../Engine/Content/EngineResources/GradientTexture0.uasset" 678
"../../../Engine/Content/EngineSounds/Master.uasset" 679
"../../../Engine/Content/Functions/Engine_MaterialFunctions01/Shading/ConvertFromDiffSpec.uasset" 680
"../../../Engine/Content/Functions/Engine_MaterialFunctions01/Shading/PowerToRoughness.uasset" 681
"../../../Engine/Content/Maps/Templates/Thumbnails/Default.uasset" 682
"../../../Engine/Content/Maps/Templates/Thumbnails/TimeOfDay.uasset" 683
"../../../Engine/Content/Maps/Templates/Thumbnails/VR-Basic.uasset" 684
"../../../Engine/Content/MobileResources/T_MobileControls_texture.uasset" 685
"../../../Engine/Content/MobileResources/T_MobileMenu2.uasset" 686
"../../../Engine/Content/MobileResources/HUD/AnalogHat.uasset" 687
"../../../Engine/Content/MobileResources/HUD/VirtualJoystick_Background.uasset" 688
"../../../Engine/Content/MobileResources/HUD/VirtualJoystick_Thumb.uasset" 689
"../../../Engine/Content/MobileResources/HUD/DefaultVirtualJoysticks.uasset" 690
"../../../Engine/Content/MobileResources/HUD/LeftVirtualJoystickOnly.uasset" 691
"../../../Engine/Content/MobileResources/HUD/MobileHUDButton1_off.uasset" 692
"../../../Engine/Content/MobileResources/HUD/MobileHUDButton1_on.uasset" 693
"../../../Engine/Content/MobileResources/HUD/MobileHUDButton2_off.uasset" 694
"../../../Engine/Content/MobileResources/HUD/MobileHUDButton2_on.uasset" 695
"../../../Engine/Content/MobileResources/HUD/MobileHUDButton3.uasset" 696
"../../../Engine/Content/MobileResources/HUD/MobileHUDButtonFire.uasset" 697
"../../../Engine/Content/MobileResources/HUD/MobileHUDDirectionPad.uasset" 698
"../../../Engine/Content/MobileResources/HUD/MobileHUDDirectionPad2.uasset" 699
"../../../Engine/Content/MobileResources/HUD/MobileHUDDirectionPad3.uasset" 700
"../../../Engine/Content/MobileResources/HUD/MobileHUDDirectionStick.uasset" 701
"../../../Engine/Content/MobileResources/HUD/T_Castle_ThumbstickInner.uasset" 702
"../../../Engine/Content/MobileResources/HUD/T_Castle_ThumbstickOutter.uasset" 703
"../../../Engine/Content/Tutorial/ContentIntroCurve.uasset" 704
"../../../Engine/Content/Tutorial/Basics/LevelEditorAttract.uasset" 705
"../../../Engine/Content/Tutorial/Basics/TutorialAssets/icon_tab_Levels_40x.uasset" 706
"../../../Engine/Content/Tutorial/Basics/LevelEditorOverview.uasset" 707
"../../../Engine/Content/Tutorial/BlueprintTutorials/TutorialAssets/Blueprint_64x.uasset" 708
"../../../Engine/Content/Tutorial/BlueprintTutorials/BlueprintEditorTutorial.uasset" 709
"../../../Engine/Content/Tutorial/BlueprintTutorials/TutorialAssets/BlueprintInterface_64x.uasset" 710
"../../../Engine/Content/Tutorial/BlueprintTutorials/BlueprintInterfacesEditorOverview.uasset" 711
"../../../Engine/Content/Tutorial/BlueprintTutorials/LevelBlueprintEditorOverview.uasset" 712
"../../../Engine/Content/Tutorial/BlueprintTutorials/TutorialAssets/Tutorial_BP_Interface.uasset" 713
"../../../Engine/Content/Tutorial/Foliage/TutorialAssets/Foliage.uasset" 714
"../../../Engine/Content/Tutorial/Foliage/Foliage_Intro_Tutorial.uasset" 715
"../../../Engine/Content/Tutorial/Foliage/Foliage_Settings_Tutorial.uasset" 716
"../../../Engine/Content/Tutorial/Foliage/Foliage_Using_The_Tool_Tutorial.uasset" 717
"../../../Engine/Content/Tutorial/Landscape/TutorialAssets/Landscape.uasset" 718
"../../../Engine/Content/Tutorial/Landscape/LandscapeWalkThrough.uasset" 719
"../../../Engine/Content/Tutorial/Landscape/Landscape_Manage_Mode.uasset" 720
"../../../Engine/Content/Tutorial/Landscape/Landscape_Painting_Mode.uasset" 721
"../../../Engine/Content/Tutorial/Landscape/Landscape_Sculpt_Mode.uasset" 722
"../../../Engine/Content/Tutorial/SubEditors/GettingSubstance.uasset" 723
"../../../Engine/Content/Tutorial/SubEditors/MaterialEditorTutorial.uasset" 724
"../../../Engine/Content/Tutorial/SubEditors/StaticMeshEditorTutorial.uasset" 725
"../../../Engine/Content/Tutorial/SubEditors/TutorialAssets/TutorialMaterial.uasset" 726
"../../../Engine/Content/VREditor/LaserPointer/VR_LaserPower_01.uasset" 727
"../../../Engine/Content/VREditor/TransformGizmo/TransformGizmoMaterial.uasset" 728
"../../../Engine/Content/VREditor/TransformGizmo/TranslucentTransformGizmoMaterial.uasset" 729
"../../../Engine/Content/VREditor/TransformGizmo/BoundingBoxCorner.uasset" 730
"../../../Engine/Content/VREditor/TransformGizmo/BoundingBoxEdge.uasset" 731
"../../../Engine/Content/VREditor/TransformGizmo/PlaneTranslationHandle.uasset" 732
"../../../Engine/Content/VREditor/TransformGizmo/Main.uasset" 733
"../../../Engine/Content/VREditor/TransformGizmo/Xray.uasset" 734
"../../../Engine/Content/VREditor/TransformGizmo/SM_Sequencer_Key.uasset" 735
"../../../Engine/Content/VREditor/TransformGizmo/SM_Sequencer_Node.uasset" 736
"../../Plugins/2D/Paper2D/Content/PlaceholderTextures/DummySpriteTexture.uasset" 737
"../../Plugins/2D/Paper2D/Content/DummySprite.uasset" 738
"../../Plugins/2D/Paper2D/Content/DefaultPaperTerrainMaterial.uasset" 739
"../../Plugins/2D/Paper2D/Content/DefaultSpriteMaterial.uasset" 740
"../../Plugins/2D/Paper2D/Content/MaskedUnlitSpriteMaterial.uasset" 741
"../../Plugins/2D/Paper2D/Content/OpaqueUnlitSpriteMaterial.uasset" 742
"../../Plugins/FX/Niagara/Content/Enums/ENiagaraBooleanLogicOps.uasset" 743
"../../Plugins/FX/Niagara/Content/Enums/ENiagaraOrientationAxis.uasset" 744
"../../../Engine/Content/EngineSky/C_Sky_Cloud_Color.uasset" 745
"../../../Engine/Content/EngineSky/C_Sky_Horizon_Color.uasset" 746
"../../../Engine/Content/EngineSky/C_Sky_Zenith_Color.uasset" 747
"../../../Engine/Content/EngineSky/T_Sky_Blue.uasset" 748
"../../../Engine/Content/EngineSky/T_Sky_Clouds_M.uasset" 749
"../../../Engine/Content/EngineSky/T_Sky_Stars.uasset" 750
"../../../Engine/Content/EngineSky/M_Sky_Panning_Clouds2.uasset" 751
"../../../Engine/Content/EngineSky/SM_SkySphere.uasset" 752
"../../../Engine/Content/EngineSky/BP_Sky_Sphere.uasset" 753
"../../../../../Major-Project/MajorProject/Content/Maps/Hubworld_GB_BuiltData.uasset" 754
"../../../../../Major-Project/MajorProject/Content/ParticleEffects/Fireflytest_System.uasset" 755
"../../../../../Major-Project/MajorProject/Content/Folders/ThirdPerson/Meshes/Linear_Stair_StaticMesh.uasset" 756
"../../../../../Major-Project/MajorProject/Content/Maps/Hubworld_GB.umap" 757
"../../../../../Major-Project/MajorProject/Content/Random/PhaseMaterial.uasset" 758
"../../../../../Major-Project/MajorProject/Content/1_Mike/Materials/QuickColour_M.uasset" 759
"../../../../../Major-Project/MajorProject/Content/1_Mike/Materials/QuickColour_M_Inst2.uasset" 760
"../../../../../Major-Project/MajorProject/Content/1_Mike/Models/DemoTileset/Mechanics/PushableBookshelf_BookshelfV01_3.uasset" 761
"../../../../../Major-Project/MajorProject/Content/1_Mike/Models/DemoTileset/Mechanics/PushableBookshelf_Handle5.uasset" 762
"../../../../../Major-Project/MajorProject/Content/1_Mike/Models/DemoTileset/Mechanics/PushableBookshelf_HandleHands.uasset" 763
"../../../../../Major-Project/MajorProject/Content/Blueprints/largePushableObject.uasset" 764
"../../../../../Major-Project/MajorProject/Content/1_Mike/Models/DemoTileset/Mechanics/Platform_Platform.uasset" 765
"../../../../../Major-Project/MajorProject/Content/1_Mike/Mechanics/Platform.uasset" 766
"../../../../../Major-Project/MajorProject/Content/Blueprints/Platform.uasset" 767
"../../../../../Major-Project/MajorProject/Content/Geometry/Meshes/1M_Cube.uasset" 768
"../../../../../Major-Project/MajorProject/Content/Blueprints/StateSwitcher.uasset" 769
"../../../../../Major-Project/MajorProject/Content/Folders/ThirdPerson/Meshes/RightArm_StaticMesh.uasset" 770
"../../../../../Major-Project/MajorProject/Content/Geometry/Meshes/TemplateFloor.uasset" 771
"../../../../../Major-Project/MajorProject/Content/Greyboxtiles/Balustrade.uasset" 772
"../../../../../Major-Project/MajorProject/Content/Greyboxtiles/BalustradeAngled.uasset" 773
"../../../../../Major-Project/MajorProject/Content/Greyboxtiles/BalustradeEnd.uasset" 774
"../../../../../Major-Project/MajorProject/Content/Greyboxtiles/Door.uasset" 775
"../../../../../Major-Project/MajorProject/Content/Greyboxtiles/RoofEdge.uasset" 776
"../../../../../Major-Project/MajorProject/Content/Greyboxtiles/RoofEdgeCorner.uasset" 777
"../../../../../Major-Project/MajorProject/Content/Greyboxtiles/RoofEdgeICorner.uasset" 778
"../../../../../Major-Project/MajorProject/Content/Greyboxtiles/Wainscoting.uasset" 779
"../../../../../Major-Project/MajorProject/Content/Greyboxtiles/WainscotingAngled.uasset" 780
"../../../../../Major-Project/MajorProject/Content/Greyboxtiles/WainscotingStairs.uasset" 781
"../../../../../Major-Project/MajorProject/Content/1_Brody/TestWorld_Brody.umap" 782
"../../../../../Major-Project/MajorProject/Content/1_Gabe/TestWorld_Gabe.umap" 783
"../../../../../Major-Project/MajorProject/Content/1_Lelandi/TestWorld_Lelandi.umap" 784
"../../../../../Major-Project/MajorProject/Content/1_Mike/Mechanics/GateCollider.uasset" 785
"../../../../../Major-Project/MajorProject/Content/1_Mike/Materials/QuickColour_M_Inst1.uasset" 786
"../../../../../Major-Project/MajorProject/Content/1_Mike/Models/DemoTileset/Mechanics/PushableCube_Cube.uasset" 787
"../../../../../Major-Project/MajorProject/Content/1_Mike/Models/DemoTileset/Mechanics/PushableCube_Handle6.uasset" 788
"../../../../../Major-Project/MajorProject/Content/1_Mike/Models/DemoTileset/Mechanics/PushableCube_HandleHands.uasset" 789
"../../../../../Major-Project/MajorProject/Content/Blueprints/PushableCube.uasset" 790
"../../../../../Major-Project/MajorProject/Content/1_Mike/CutsceneTrigger.uasset" 791
"../../../../../Major-Project/MajorProject/Content/1_Mike/Materials/QuickGlow.uasset" 792
"../../../../../Major-Project/MajorProject/Content/1_Mike/Materials/QuickGlow_Inst2.uasset" 793
"../../../../../Major-Project/MajorProject/Content/1_Mike/Models/DemoTileset/ChainLink.uasset" 794
"../../../../../Major-Project/MajorProject/Content/1_Mike/Models/DemoTileset/HangingLight_HangingLight.uasset" 795
"../../../../../Major-Project/MajorProject/Content/1_Mike/HangingLight.uasset" 796
"../../../../../Major-Project/MajorProject/Content/1_Mike/Mechanics/Collider.uasset" 797
"../../../../../Major-Project/MajorProject/Content/Blueprints/PowerInterface.uasset" 798
"../../../../../Major-Project/MajorProject/Content/1_Mike/Models/DemoTileset/DoorWayUsable_Door.uasset" 799
"../../../../../Major-Project/MajorProject/Content/1_Mike/Models/DemoTileset/DoorWayUsable_pPlane6.uasset" 800
"../../../../../Major-Project/MajorProject/Content/1_Mike/Models/DemoTileset/DoorWayUsable_Wall_doorway.uasset" 801
"../../../../../Major-Project/MajorProject/Content/1_Mike/Mechanics/Door.uasset" 802
"../../../../../Major-Project/MajorProject/Content/1_Mike/Materials/QuickColour_M_Inst.uasset" 803
"../../../../../Major-Project/MajorProject/Content/1_Mike/Mechanics/DoubleInput.uasset" 804
"../../../../../Major-Project/MajorProject/Content/1_Mike/Materials/QuickGlow_Inst.uasset" 805
"../../../../../Major-Project/MajorProject/Content/1_Mike/Materials/QuickGlow_Inst1.uasset" 806
"../../../../../Major-Project/MajorProject/Content/1_Mike/Models/DemoTileset/Mechanics/Lever_BreakerSwitch1.uasset" 807
"../../../../../Major-Project/MajorProject/Content/1_Mike/Models/DemoTileset/Mechanics/Lever_Lever.uasset" 808
"../../../../../Major-Project/MajorProject/Content/1_Mike/Mechanics/Lever.uasset" 809
"../../../../../Major-Project/MajorProject/Content/1_Mike/Models/DemoTileset/Mechanics/Gate_Gate.uasset" 810
"../../../../../Major-Project/MajorProject/Content/1_Mike/Models/DemoTileset/Mechanics/Gate_GateEnd.uasset" 811
"../../../../../Major-Project/MajorProject/Content/1_Mike/Mechanics/PowerGates.uasset" 812
"../../../../../Major-Project/MajorProject/Content/1_Mike/Models/DemoTileset/Mechanics/PressurePlate_PressurePlate.uasset" 813
"../../../../../Major-Project/MajorProject/Content/1_Mike/Mechanics/PressurePlate.uasset" 814
"../../../../../Major-Project/MajorProject/Content/1_Mike/Mechanics/StateController_BP.uasset" 815
"../../../../../Major-Project/MajorProject/Content/1_Mike/Mechanics/StateSwitcherStatic_BP.uasset" 816
"../../../../../Major-Project/MajorProject/Content/1_Mike/Models/BookshelfV002.uasset" 817
"../../../../../Major-Project/MajorProject/Content/1_Mike/Models/BookShelf1.uasset" 818
"../../../../../Major-Project/MajorProject/Content/Blueprints/NewGameMode.uasset" 819
"../../../../../Major-Project/MajorProject/Content/1_Mike/DemoWorld_BuiltData.uasset" 820
"../../../../../Major-Project/MajorProject/Content/1_Mike/Models/DemoTileset/Balustrade/BalustradeEnd.uasset" 821
"../../../../../Major-Project/MajorProject/Content/1_Mike/Models/DemoTileset/Balustrade/BalustradeStairs.uasset" 822
"../../../../../Major-Project/MajorProject/Content/1_Mike/Models/DemoTileset/Balustrade/BalustradeStairsEnd.uasset" 823
"../../../../../Major-Project/MajorProject/Content/1_Mike/Models/DemoTileset/Balustrade/BalustradeStraight.uasset" 824
"../../../../../Major-Project/MajorProject/Content/1_Mike/Models/DemoTileset/DoorwayFake_Door2.uasset" 825
"../../../../../Major-Project/MajorProject/Content/1_Mike/Models/DemoTileset/DoorwayFake_pPlane34.uasset" 826
"../../../../../Major-Project/MajorProject/Content/1_Mike/Models/DemoTileset/DoorwayFake_Wall_doorway2.uasset" 827
"../../../../../Major-Project/MajorProject/Content/1_Mike/Models/DemoTileset/Floors_And_Walls/Floor.uasset" 828
"../../../../../Major-Project/MajorProject/Content/1_Mike/Models/DemoTileset/Floors_And_Walls/HalfWall.uasset" 829
"../../../../../Major-Project/MajorProject/Content/1_Mike/Models/DemoTileset/Floors_And_Walls/Wall.uasset" 830
"../../../../../Major-Project/MajorProject/Content/1_Mike/Models/DemoTileset/Floors_And_Walls/WallAngled.uasset" 831
"../../../../../Major-Project/MajorProject/Content/1_Mike/Models/DemoTileset/Props/lambert1.uasset" 832
"../../../../../Major-Project/MajorProject/Content/1_Mike/Models/DemoTileset/Props/BookClosed.uasset" 833
"../../../../../Major-Project/MajorProject/Content/1_Mike/Models/DemoTileset/Props/BookOpen.uasset" 834
"../../../../../Major-Project/MajorProject/Content/1_Mike/Models/DemoTileset/Props/BookPropped.uasset" 835
"../../../../../Major-Project/MajorProject/Content/1_Mike/Models/DemoTileset/Props/BookStackLarge.uasset" 836
"../../../../../Major-Project/MajorProject/Content/1_Mike/Models/DemoTileset/Props/BookStackMedium.uasset" 837
"../../../../../Major-Project/MajorProject/Content/1_Mike/Models/DemoTileset/Props/BookStackSmall.uasset" 838
"../../../../../Major-Project/MajorProject/Content/1_Mike/Models/DemoTileset/Props/DisplayCase_pCube2.uasset" 839
"../../../../../Major-Project/MajorProject/Content/1_Mike/Models/DemoTileset/Props/DisplayCase_pCube3.uasset" 840
"../../../../../Major-Project/MajorProject/Content/1_Mike/Models/DemoTileset/Props/DisplayCase_polySurface4.uasset" 841
"../../../../../Major-Project/MajorProject/Content/1_Mike/Models/DemoTileset/Props/MemoryAssets/texture/HERO_PROP_BUST_BaseColor.uasset" 842
"../../../../../Major-Project/MajorProject/Content/1_Mike/Models/DemoTileset/Props/MemoryAssets/texture/HERO_PROP_BUST_Normal.uasset" 843
"../../../../../Major-Project/MajorProject/Content/1_Mike/Models/DemoTileset/Props/MemoryAssets/texture/HERO_PROP_BUST_OcclusionRoughnessMetallic.uasset" 844
"../../../../../Major-Project/MajorProject/Content/1_Mike/Models/DemoTileset/Props/MemoryAssets/texture/M_BustTexture.uasset" 845
"../../../../../Major-Project/MajorProject/Content/1_Mike/Models/DemoTileset/Props/MemoryAssets/HERO_PROP_HEAD.uasset" 846
"../../../../../Major-Project/MajorProject/Content/1_Mike/Models/DemoTileset/Props/MemoryAssets/texture/HERO_PROPS-RABBIT_LP_006_Material_003_BaseColor.uasset" 847
"../../../../../Major-Project/MajorProject/Content/1_Mike/Models/DemoTileset/Props/MemoryAssets/texture/HERO_PROPS-RABBIT_LP_006_Material_003_Normal.uasset" 848
"../../../../../Major-Project/MajorProject/Content/1_Mike/Models/DemoTileset/Props/MemoryAssets/texture/HERO_PROPS-RABBIT_LP_006_Material_003_OcclusionRoughnessMetallic.uasset" 849
"../../../../../Major-Project/MajorProject/Content/1_Mike/Models/DemoTileset/Props/MemoryAssets/texture/M_BunnyTexture.uasset" 850
"../../../../../Major-Project/MajorProject/Content/1_Mike/Models/DemoTileset/Props/MemoryAssets/HERO_PROPS-RABBIT.uasset" 851
"../../../../../Major-Project/MajorProject/Content/1_Mike/Models/DemoTileset/Props/PedestalTemp.uasset" 852
"../../../../../Major-Project/MajorProject/Content/1_Mike/Models/DemoTileset/Roof/Roof.uasset" 853
"../../../../../Major-Project/MajorProject/Content/1_Mike/Models/DemoTileset/Roof/RoofCorner.uasset" 854
"../../../../../Major-Project/MajorProject/Content/1_Mike/Models/DemoTileset/Roof/RoofEdge.uasset" 855
"../../../../../Major-Project/MajorProject/Content/1_Mike/Models/DemoTileset/Roof/RoofICorner.uasset" 856
"../../../../../Major-Project/MajorProject/Content/1_Mike/Models/DemoTileset/Stairs_Tileset_StairsV3_All_v01.uasset" 857
"../../../../../Major-Project/MajorProject/Content/1_Mike/Models/DemoTileset/Wainscoting/WainscotingDoorway.uasset" 858
"../../../../../Major-Project/MajorProject/Content/1_Mike/Models/DemoTileset/Wainscoting/WainscotingStraight.uasset" 859
"../../../../../Major-Project/MajorProject/Content/1_Mike/Models/DemoTileset/Wainscoting/WainscottingAngled.uasset" 860
"../../../../../Major-Project/MajorProject/Content/1_Mike/Models/DemoTileset/Wainscoting/WainscottingCorner.uasset" 861
"../../../../../Major-Project/MajorProject/Content/1_Mike/Models/DemoTileset/Wainscoting/WainscottingStairsCutoff.uasset" 862
"../../../../../Major-Project/MajorProject/Content/1_Mike/Models/DemoTileset/Wainscoting/WainscottingStairway.uasset" 863
"../../../../../Major-Project/MajorProject/Content/1_Mike/Models/DemoTileset/Window_Window_Wall.uasset" 864
"../../../../../Major-Project/MajorProject/Content/Audio/Wooden_Floor_Room_Tone.uasset" 865
"../../../../../Major-Project/MajorProject/Content/1_Mike/DemoWorld.umap" 866
"../../../../../Major-Project/MajorProject/Content/1_Mike/Models/DemoTileset/Mechanics/Button_ButtonBase.uasset" 867
"../../../../../Major-Project/MajorProject/Content/1_Mike/Models/DemoTileset/Mechanics/Button_ButtonTrigger.uasset" 868
"../../../../../Major-Project/MajorProject/Content/1_Mike/Mechanics/Button.uasset" 869
"../../../../../Major-Project/MajorProject/Content/1_Mike/Mechanics/Gates.uasset" 870
"../../../../../Major-Project/MajorProject/Content/1_Mike/Materials/AvoidancePulse.uasset" 871
"../../../Engine/Content/BasicShapes/Sphere.uasset" 872
"../../../../../Major-Project/MajorProject/Content/1_Mike/Mechanics/StateSwitcherRanged_BP.uasset" 873
"../../../../../Major-Project/MajorProject/Content/1_Mike/Mechanics/StateSwitcherTimed_BP.uasset" 874
"../../../../../Major-Project/MajorProject/Content/1_Mike/TestWorld_Mike_BuiltData.uasset" 875
"../../../../../Major-Project/MajorProject/Content/1_Mike/Constellation/GridMaterial.uasset" 876
"../../../../../Major-Project/MajorProject/Content/1_Mike/TestWorld_Mike.umap" 877
"../../../Engine/Content/Maps/Entry_BuiltData.uasset" 878
"../../../Engine/Content/Maps/Entry.umap" 879
