Log file open, 03/20/21 17:53:14
LogInit: Display: Running engine for game: MajorProject
LogPlatformFile: Not using cached read wrapper
LogTaskGraph: Started task graph with 5 named threads and 14 total threads with 3 sets of task threads.
LogStats: Stats thread started at 0.332598
LogD3D11RHI: Loaded GFSDK_Aftermath_Lib.x64.dll
LogICUInternationalization: ICU TimeZone Detection - Raw Offset: +8:00, Platform Override: ''
Message dialog closed, result: No, title: Missing ElectronicNodes Plugin, text: This project requires the ElectronicNodes plugin.

Would you like to download it from the Unreal Engine Marketplace?
Message dialog closed, result: Yes, title: Missing Plugin, text: This project requires the 'ElectronicNodes' plugin, which could not be found. Would you like to disable it and continue?

If you do, you will no longer be able to open any assets created with it. If not, the application will close.
LogPluginManager: Display: Disabled plugin 'ElectronicNodes', continuing.
LogPluginManager: Mounting plugin Paper2D
LogPluginManager: Mounting plugin AISupport
LogPluginManager: Mounting plugin LightPropagationVolume
LogPluginManager: Mounting plugin CameraShakePreviewer
LogPluginManager: Mounting plugin ActorLayerUtilities
LogPluginManager: Mounting plugin AnimationSharing
LogPluginManager: Mounting plugin CLionSourceCodeAccess
LogPluginManager: Mounting plugin CodeLiteSourceCodeAccess
LogPluginManager: Mounting plugin GitSourceControl
LogPluginManager: Mounting plugin KDevelopSourceCodeAccess
LogPluginManager: Mounting plugin NullSourceCodeAccess
LogPluginManager: Mounting plugin PerforceSourceControl
LogPluginManager: Mounting plugin PlasticSourceControl
LogPluginManager: Mounting plugin RiderSourceCodeAccess
LogPluginManager: Mounting plugin SubversionSourceControl
LogPluginManager: Mounting plugin UObjectPlugin
LogPluginManager: Mounting plugin VisualStudioCodeSourceCodeAccess
LogPluginManager: Mounting plugin VisualStudioSourceCodeAccess
LogPluginManager: Mounting plugin XCodeSourceCodeAccess
LogPluginManager: Mounting plugin AssetManagerEditor
LogPluginManager: Mounting plugin CryptoKeys
LogPluginManager: Mounting plugin CurveEditorTools
LogPluginManager: Mounting plugin DataValidation
LogPluginManager: Mounting plugin EditorScriptingUtilities
LogPluginManager: Mounting plugin FacialAnimation
LogPluginManager: Mounting plugin GameplayTagsEditor
LogPluginManager: Mounting plugin GeometryMode
LogPluginManager: Mounting plugin MacGraphicsSwitching
LogPluginManager: Mounting plugin MaterialAnalyzer
LogPluginManager: Mounting plugin MobileLauncherProfileWizard
LogPluginManager: Mounting plugin PluginBrowser
LogPluginManager: Mounting plugin SpeedTreeImporter
LogPluginManager: Mounting plugin DatasmithContent
LogPluginManager: Mounting plugin VariantManagerContent
LogPluginManager: Mounting plugin AlembicImporter
LogPluginManager: Mounting plugin AutomationUtils
LogPluginManager: Mounting plugin BackChannel
LogPluginManager: Mounting plugin ChaosCloth
LogPluginManager: Mounting plugin ChaosClothEditor
LogPluginManager: Mounting plugin ChaosEditor
LogPluginManager: Mounting plugin ChaosNiagara
LogPluginManager: Mounting plugin ChaosSolverPlugin
LogPluginManager: Mounting plugin CharacterAI
LogPluginManager: Mounting plugin GeometryCache
LogPluginManager: Mounting plugin GeometryCollectionPlugin
LogPluginManager: Mounting plugin GeometryProcessing
LogPluginManager: Mounting plugin PlanarCut
LogPluginManager: Mounting plugin PlatformCrypto
LogPluginManager: Mounting plugin ProxyLODPlugin
LogPluginManager: Mounting plugin SkeletalReduction
LogPluginManager: Mounting plugin Niagara
LogPluginManager: Mounting plugin MagicLeap
LogPluginManager: Mounting plugin MagicLeapLightEstimation
LogPluginManager: Mounting plugin MagicLeapMedia
LogPluginManager: Mounting plugin MagicLeapPassableWorld
LogPluginManager: Mounting plugin MLSDK
LogPluginManager: Mounting plugin AndroidMedia
LogPluginManager: Mounting plugin AvfMedia
LogPluginManager: Mounting plugin ImgMedia
LogPluginManager: Mounting plugin MediaCompositing
LogPluginManager: Mounting plugin MediaPlayerEditor
LogPluginManager: Mounting plugin WebMMedia
LogPluginManager: Mounting plugin WmfMedia
LogPluginManager: Mounting plugin MeshPainting
LogPluginManager: Mounting plugin TcpMessaging
LogPluginManager: Mounting plugin UdpMessaging
LogPluginManager: Mounting plugin ActorSequence
LogPluginManager: Mounting plugin LevelSequenceEditor
LogPluginManager: Mounting plugin MatineeToLevelSequence
LogPluginManager: Mounting plugin MovieRenderPipeline
LogPluginManager: Mounting plugin TemplateSequence
LogPluginManager: Mounting plugin NetcodeUnitTest
LogPluginManager: Mounting plugin NUTUnrealEngine4
LogPluginManager: Mounting plugin OnlineSubsystemGooglePlay
LogPluginManager: Mounting plugin OnlineSubsystemIOS
LogPluginManager: Mounting plugin OnlineSubsystem
LogPluginManager: Mounting plugin OnlineSubsystemNull
LogPluginManager: Mounting plugin OnlineSubsystemUtils
LogPluginManager: Mounting plugin LauncherChunkInstaller
LogPluginManager: Mounting plugin AndroidDeviceProfileSelector
LogPluginManager: Mounting plugin AndroidMoviePlayer
LogPluginManager: Mounting plugin AndroidPermission
LogPluginManager: Mounting plugin AppleImageUtils
LogPluginManager: Mounting plugin AppleMoviePlayer
LogPluginManager: Mounting plugin ArchVisCharacter
LogPluginManager: Mounting plugin AssetTags
LogPluginManager: Mounting plugin AudioCapture
LogPluginManager: Mounting plugin CableComponent
LogPluginManager: Mounting plugin CustomMeshComponent
LogPluginManager: Mounting plugin EditableMesh
LogPluginManager: Mounting plugin ExampleDeviceProfileSelector
LogPluginManager: Mounting plugin GoogleCloudMessaging
LogPluginManager: Mounting plugin GooglePAD
LogPluginManager: Mounting plugin IOSDeviceProfileSelector
LogPluginManager: Mounting plugin LinuxDeviceProfileSelector
LogPluginManager: Mounting plugin LocationServicesBPLibrary
LogPluginManager: Mounting plugin MobilePatchingUtils
LogPluginManager: Mounting plugin PhysXVehicles
LogPluginManager: Mounting plugin PostSplashScreen
LogPluginManager: Mounting plugin ProceduralMeshComponent
LogPluginManager: Mounting plugin RuntimePhysXCooking
LogPluginManager: Mounting plugin SignificanceManager
LogPluginManager: Mounting plugin SoundFields
LogPluginManager: Mounting plugin Synthesis
LogPluginManager: Mounting plugin WebMMoviePlayer
LogPluginManager: Mounting plugin WindowsMoviePlayer
LogPluginManager: Mounting plugin ScreenshotTools
LogInit: Using libcurl 7.55.1-DEV
LogInit:  - built for x86_64-pc-win32
LogInit:  - supports SSL with OpenSSL/1.1.1
LogInit:  - supports HTTP deflate (compression) using libz 1.2.8
LogInit:  - other features:
LogInit:      CURL_VERSION_SSL
LogInit:      CURL_VERSION_LIBZ
LogInit:      CURL_VERSION_IPV6
LogInit:      CURL_VERSION_ASYNCHDNS
LogInit:      CURL_VERSION_LARGEFILE
LogInit:      CURL_VERSION_IDN
LogInit:  CurlRequestOptions (configurable via config and command line):
LogInit:  - bVerifyPeer = true  - Libcurl will verify peer certificate
LogInit:  - bUseHttpProxy = false  - Libcurl will NOT use HTTP proxy
LogInit:  - bDontReuseConnections = false  - Libcurl will reuse connections
LogInit:  - MaxHostConnections = 16  - Libcurl will limit the number of connections to a host
LogInit:  - LocalHostAddr = Default
LogInit:  - BufferSize = 65536
LogOnline: OSS: Creating online subsystem instance for: NULL
LogInit: WinSock: version 1.1 (2.2), MaxSocks=32767, MaxUdp=65467
LogOnline: OSS: TryLoadSubsystemAndSetDefault: Loaded subsystem for module [NULL]
LogInit: Build: ++UE4+Release-4.25-CL-14469661
LogInit: Engine Version: 4.25.4-14469661+++UE4+Release-4.25
LogInit: Compatible Engine Version: 4.25.0-13144385+++UE4+Release-4.25
LogInit: Net CL: 13144385
LogInit: OS: Windows 10 (Release 2009) (), CPU: Intel(R) Core(TM) i5-4670K CPU @ 3.40GHz, GPU: NVIDIA GeForce GTX 1070 Ti
LogInit: Compiled (64-bit): Oct 11 2020 08:10:49
LogInit: Compiled with Visual C++: 19.24.28315.00
LogInit: Build Configuration: Development
LogInit: Branch Name: ++UE4+Release-4.25
LogInit: Command Line:  -EpicPortal -epicusername=Lelandivdm -epicuserid=b2f0a4b495d940198bb5055b3bd70e5a -epiclocale=en
LogInit: Base Directory: C:/Program Files (x86)/Epic Games/UE_4.25/Engine/Binaries/Win64/
LogInit: Allocator: TBB
LogInit: Installed Engine Build: 1
LogDevObjectVersion: Number of dev versions registered: 26
LogDevObjectVersion:   Dev-Blueprints (B0D832E4-1F89-4F0D-ACCF-7EB736FD4AA2): 10
LogDevObjectVersion:   Dev-Build (E1C64328-A22C-4D53-A36C-8E866417BD8C): 0
LogDevObjectVersion:   Dev-Core (375EC13C-06E4-48FB-B500-84F0262A717E): 4
LogDevObjectVersion:   Dev-Editor (E4B068ED-F494-42E9-A231-DA0B2E46BB41): 38
LogDevObjectVersion:   Dev-Framework (CFFC743F-43B0-4480-9391-14DF171D2073): 37
LogDevObjectVersion:   Dev-Mobile (B02B49B5-BB20-44E9-A304-32B752E40360): 2
LogDevObjectVersion:   Dev-Networking (A4E4105C-59A1-49B5-A7C5-40C4547EDFEE): 0
LogDevObjectVersion:   Dev-Online (39C831C9-5AE6-47DC-9A44-9C173E1C8E7C): 0
LogDevObjectVersion:   Dev-Physics (78F01B33-EBEA-4F98-B9B4-84EACCB95AA2): 4
LogDevObjectVersion:   Dev-Platform (6631380F-2D4D-43E0-8009-CF276956A95A): 0
LogDevObjectVersion:   Dev-Rendering (12F88B9F-8875-4AFC-A67C-D90C383ABD29): 43
LogDevObjectVersion:   Dev-Sequencer (7B5AE74C-D270-4C10-A958-57980B212A5A): 12
LogDevObjectVersion:   Dev-VR (D7296918-1DD6-4BDD-9DE2-64A83CC13884): 3
LogDevObjectVersion:   Dev-LoadTimes (C2A15278-BFE7-4AFE-6C17-90FF531DF755): 1
LogDevObjectVersion:   Private-Geometry (6EACA3D4-40EC-4CC1-B786-8BED09428FC5): 3
LogDevObjectVersion:   Dev-AnimPhys (29E575DD-E0A3-4627-9D10-D276232CDCEA): 17
LogDevObjectVersion:   Dev-Anim (AF43A65D-7FD3-4947-9873-3E8ED9C1BB05): 7
LogDevObjectVersion:   Dev-ReflectionCapture (6B266CEC-1EC7-4B8F-A30B-E4D90942FC07): 1
LogDevObjectVersion:   Dev-Automation (0DF73D61-A23F-47EA-B727-89E90C41499A): 1
LogDevObjectVersion:   FortniteMain (601D1886-AC64-4F84-AA16-D3DE0DEAC7D6): 31
LogDevObjectVersion:   Dev-Enterprise (9DFFBCD6-494F-0158-E221-12823C92A888): 10
LogDevObjectVersion:   Dev-Niagara (F2AED0AC-9AFE-416F-8664-AA7FFA26D6FC): 1
LogDevObjectVersion:   Dev-Destruction (174F1F0B-B4C6-45A5-B13F-2EE8D0FB917D): 10
LogDevObjectVersion:   Dev-Physics-Ext (35F94A83-E258-406C-A318-09F59610247C): 37
LogDevObjectVersion:   Dev-PhysicsMaterial-Chaos (B68FC16E-8B1B-42E2-B453-215C058844FE): 1
LogDevObjectVersion:   Dev-CineCamera (B2E18506-4273-CFC2-A54E-F4BB758BBA07): 1
LogInit: Presizing for max 25165824 objects, including 0 objects not considered by GC, pre-allocating 0 bytes for permanent pool.
LogConfig: Applying CVar settings from Section [/Script/Engine.StreamingSettings] File [D:/GITHUB/MAJOR PROJECT/Major-Project/MajorProject/Saved/Config/Windows/Engine.ini]
LogConfig: Setting CVar [[s.MinBulkDataSizeForAsyncLoading:131072]]
LogConfig: Setting CVar [[s.AsyncLoadingThreadEnabled:0]]
LogConfig: Setting CVar [[s.EventDrivenLoaderEnabled:1]]
LogConfig: Setting CVar [[s.WarnIfTimeLimitExceeded:0]]
LogConfig: Setting CVar [[s.TimeLimitExceededMultiplier:1.5]]
LogConfig: Setting CVar [[s.TimeLimitExceededMinTime:0.005]]
LogConfig: Setting CVar [[s.UseBackgroundLevelStreaming:1]]
LogConfig: Setting CVar [[s.PriorityAsyncLoadingExtraTime:15.0]]
LogConfig: Setting CVar [[s.LevelStreamingActorsUpdateTimeLimit:5.0]]
LogConfig: Setting CVar [[s.PriorityLevelStreamingActorsUpdateExtraTime:5.0]]
LogConfig: Setting CVar [[s.LevelStreamingComponentsRegistrationGranularity:10]]
LogConfig: Setting CVar [[s.UnregisterComponentsTimeLimit:1.0]]
LogConfig: Setting CVar [[s.LevelStreamingComponentsUnregistrationGranularity:5]]
LogConfig: Setting CVar [[s.FlushStreamingOnExit:1]]
LogInit: Object subsystem initialized
LogConfig: Setting CVar [[con.DebugEarlyDefault:1]]
LogConfig: Setting CVar [[r.setres:1280x720]]
[2021.03.20-09.53.18:202][  0]LogConfig: Setting CVar [[r.VSync:0]]
[2021.03.20-09.53.18:202][  0]LogConfig: Setting CVar [[r.RHICmdBypass:0]]
[2021.03.20-09.53.18:202][  0]LogConfig: Applying CVar settings from Section [/Script/Engine.RendererSettings] File [D:/GITHUB/MAJOR PROJECT/Major-Project/MajorProject/Saved/Config/Windows/Engine.ini]
[2021.03.20-09.53.18:202][  0]LogConfig: Setting CVar [[r.GPUCrashDebugging:0]]
[2021.03.20-09.53.18:202][  0]LogConfig: Setting CVar [[r.DefaultFeature.AutoExposure:0]]
[2021.03.20-09.53.18:202][  0]LogConfig: Setting CVar [[r.DefaultFeature.Bloom:0]]
[2021.03.20-09.53.18:202][  0]LogConfig: Setting CVar [[r.DefaultFeature.MotionBlur:0]]
[2021.03.20-09.53.18:202][  0]LogConfig: Applying CVar settings from Section [/Script/Engine.RendererOverrideSettings] File [D:/GITHUB/MAJOR PROJECT/Major-Project/MajorProject/Saved/Config/Windows/Engine.ini]
[2021.03.20-09.53.18:202][  0]LogConfig: Applying CVar settings from Section [/Script/Engine.StreamingSettings] File [D:/GITHUB/MAJOR PROJECT/Major-Project/MajorProject/Saved/Config/Windows/Engine.ini]
[2021.03.20-09.53.18:202][  0]LogConfig: Setting CVar [[s.MinBulkDataSizeForAsyncLoading:131072]]
[2021.03.20-09.53.18:202][  0]LogConfig: Setting CVar [[s.AsyncLoadingThreadEnabled:0]]
[2021.03.20-09.53.18:202][  0]LogConfig: Setting CVar [[s.EventDrivenLoaderEnabled:1]]
[2021.03.20-09.53.18:202][  0]LogConfig: Setting CVar [[s.WarnIfTimeLimitExceeded:0]]
[2021.03.20-09.53.18:202][  0]LogConfig: Setting CVar [[s.TimeLimitExceededMultiplier:1.5]]
[2021.03.20-09.53.18:202][  0]LogConfig: Setting CVar [[s.TimeLimitExceededMinTime:0.005]]
[2021.03.20-09.53.18:202][  0]LogConfig: Setting CVar [[s.UseBackgroundLevelStreaming:1]]
[2021.03.20-09.53.18:202][  0]LogConfig: Setting CVar [[s.PriorityAsyncLoadingExtraTime:15.0]]
[2021.03.20-09.53.18:202][  0]LogConfig: Setting CVar [[s.LevelStreamingActorsUpdateTimeLimit:5.0]]
[2021.03.20-09.53.18:202][  0]LogConfig: Setting CVar [[s.PriorityLevelStreamingActorsUpdateExtraTime:5.0]]
[2021.03.20-09.53.18:202][  0]LogConfig: Setting CVar [[s.LevelStreamingComponentsRegistrationGranularity:10]]
[2021.03.20-09.53.18:202][  0]LogConfig: Setting CVar [[s.UnregisterComponentsTimeLimit:1.0]]
[2021.03.20-09.53.18:202][  0]LogConfig: Setting CVar [[s.LevelStreamingComponentsUnregistrationGranularity:5]]
[2021.03.20-09.53.18:202][  0]LogConfig: Setting CVar [[s.FlushStreamingOnExit:1]]
[2021.03.20-09.53.18:202][  0]LogConfig: Applying CVar settings from Section [/Script/Engine.GarbageCollectionSettings] File [D:/GITHUB/MAJOR PROJECT/Major-Project/MajorProject/Saved/Config/Windows/Engine.ini]
[2021.03.20-09.53.18:202][  0]LogConfig: Setting CVar [[gc.MaxObjectsNotConsideredByGC:1]]
[2021.03.20-09.53.18:202][  0]LogConfig: Setting CVar [[gc.SizeOfPermanentObjectPool:0]]
[2021.03.20-09.53.18:202][  0]LogConfig: Setting CVar [[gc.FlushStreamingOnGC:0]]
[2021.03.20-09.53.18:202][  0]LogConfig: Setting CVar [[gc.NumRetriesBeforeForcingGC:10]]
[2021.03.20-09.53.18:202][  0]LogConfig: Setting CVar [[gc.AllowParallelGC:1]]
[2021.03.20-09.53.18:202][  0]LogConfig: Setting CVar [[gc.TimeBetweenPurgingPendingKillObjects:61.1]]
[2021.03.20-09.53.18:202][  0]LogConfig: Setting CVar [[gc.MaxObjectsInEditor:25165824]]
[2021.03.20-09.53.18:202][  0]LogConfig: Setting CVar [[gc.IncrementalBeginDestroyEnabled:1]]
[2021.03.20-09.53.18:202][  0]LogConfig: Setting CVar [[gc.CreateGCClusters:1]]
[2021.03.20-09.53.18:202][  0]LogConfig: Setting CVar [[gc.MinGCClusterSize:5]]
[2021.03.20-09.53.18:202][  0]LogConfig: Setting CVar [[gc.ActorClusteringEnabled:0]]
[2021.03.20-09.53.18:202][  0]LogConfig: Setting CVar [[gc.BlueprintClusteringEnabled:0]]
[2021.03.20-09.53.18:202][  0]LogConfig: Setting CVar [[gc.UseDisregardForGCOnDedicatedServers:0]]
[2021.03.20-09.53.18:202][  0]LogConfig: Applying CVar settings from Section [/Script/Engine.NetworkSettings] File [D:/GITHUB/MAJOR PROJECT/Major-Project/MajorProject/Saved/Config/Windows/Engine.ini]
[2021.03.20-09.53.18:202][  0]LogConfig: Applying CVar settings from Section [/Script/UnrealEd.CookerSettings] File [D:/GITHUB/MAJOR PROJECT/Major-Project/MajorProject/Saved/Config/Windows/Engine.ini]
[2021.03.20-09.53.18:209][  0]LogConfig: Applying CVar settings from Section [ViewDistanceQuality@3] File [D:/GITHUB/MAJOR PROJECT/Major-Project/MajorProject/Saved/Config/Windows/Scalability.ini]
[2021.03.20-09.53.18:210][  0]LogConfig: Setting CVar [[r.SkeletalMeshLODBias:0]]
[2021.03.20-09.53.18:210][  0]LogConfig: Setting CVar [[r.ViewDistanceScale:1.0]]
[2021.03.20-09.53.18:210][  0]LogConfig: Applying CVar settings from Section [AntiAliasingQuality@3] File [D:/GITHUB/MAJOR PROJECT/Major-Project/MajorProject/Saved/Config/Windows/Scalability.ini]
[2021.03.20-09.53.18:210][  0]LogConfig: Setting CVar [[r.PostProcessAAQuality:4]]
[2021.03.20-09.53.18:210][  0]LogConfig: Applying CVar settings from Section [ShadowQuality@3] File [D:/GITHUB/MAJOR PROJECT/Major-Project/MajorProject/Saved/Config/Windows/Scalability.ini]
[2021.03.20-09.53.18:210][  0]LogConfig: Setting CVar [[r.LightFunctionQuality:1]]
[2021.03.20-09.53.18:210][  0]LogConfig: Setting CVar [[r.ShadowQuality:5]]
[2021.03.20-09.53.18:210][  0]LogConfig: Setting CVar [[r.Shadow.CSM.MaxCascades:10]]
[2021.03.20-09.53.18:210][  0]LogConfig: Setting CVar [[r.Shadow.MaxResolution:2048]]
[2021.03.20-09.53.18:210][  0]LogConfig: Setting CVar [[r.Shadow.MaxCSMResolution:2048]]
[2021.03.20-09.53.18:210][  0]LogConfig: Setting CVar [[r.Shadow.RadiusThreshold:0.01]]
[2021.03.20-09.53.18:210][  0]LogConfig: Setting CVar [[r.Shadow.DistanceScale:1.0]]
[2021.03.20-09.53.18:210][  0]LogConfig: Setting CVar [[r.Shadow.CSM.TransitionScale:1.0]]
[2021.03.20-09.53.18:210][  0]LogConfig: Setting CVar [[r.Shadow.PreShadowResolutionFactor:1.0]]
[2021.03.20-09.53.18:210][  0]LogConfig: Setting CVar [[r.DistanceFieldShadowing:1]]
[2021.03.20-09.53.18:210][  0]LogConfig: Setting CVar [[r.DistanceFieldAO:1]]
[2021.03.20-09.53.18:210][  0]LogConfig: Setting CVar [[r.AOQuality:2]]
[2021.03.20-09.53.18:210][  0]LogConfig: Setting CVar [[r.VolumetricFog:1]]
[2021.03.20-09.53.18:210][  0]LogConfig: Setting CVar [[r.VolumetricFog.GridPixelSize:8]]
[2021.03.20-09.53.18:210][  0]LogConfig: Setting CVar [[r.VolumetricFog.GridSizeZ:128]]
[2021.03.20-09.53.18:210][  0]LogConfig: Setting CVar [[r.VolumetricFog.HistoryMissSupersampleCount:4]]
[2021.03.20-09.53.18:210][  0]LogConfig: Setting CVar [[r.LightMaxDrawDistanceScale:1]]
[2021.03.20-09.53.18:210][  0]LogConfig: Setting CVar [[r.CapsuleShadows:1]]
[2021.03.20-09.53.18:210][  0]LogConfig: Applying CVar settings from Section [PostProcessQuality@3] File [D:/GITHUB/MAJOR PROJECT/Major-Project/MajorProject/Saved/Config/Windows/Scalability.ini]
[2021.03.20-09.53.18:210][  0]LogConfig: Setting CVar [[r.MotionBlurQuality:4]]
[2021.03.20-09.53.18:210][  0]LogConfig: Setting CVar [[r.AmbientOcclusionMipLevelFactor:0.4]]
[2021.03.20-09.53.18:210][  0]LogConfig: Setting CVar [[r.AmbientOcclusionMaxQuality:100]]
[2021.03.20-09.53.18:210][  0]LogConfig: Setting CVar [[r.AmbientOcclusionLevels:-1]]
[2021.03.20-09.53.18:210][  0]LogConfig: Setting CVar [[r.AmbientOcclusionRadiusScale:1.0]]
[2021.03.20-09.53.18:210][  0]LogConfig: Setting CVar [[r.DepthOfFieldQuality:2]]
[2021.03.20-09.53.18:210][  0]LogConfig: Setting CVar [[r.RenderTargetPoolMin:400]]
[2021.03.20-09.53.18:210][  0]LogConfig: Setting CVar [[r.LensFlareQuality:2]]
[2021.03.20-09.53.18:210][  0]LogConfig: Setting CVar [[r.SceneColorFringeQuality:1]]
[2021.03.20-09.53.18:210][  0]LogConfig: Setting CVar [[r.EyeAdaptationQuality:2]]
[2021.03.20-09.53.18:210][  0]LogConfig: Setting CVar [[r.BloomQuality:5]]
[2021.03.20-09.53.18:210][  0]LogConfig: Setting CVar [[r.FastBlurThreshold:100]]
[2021.03.20-09.53.18:210][  0]LogConfig: Setting CVar [[r.Upscale.Quality:3]]
[2021.03.20-09.53.18:210][  0]LogConfig: Setting CVar [[r.Tonemapper.GrainQuantization:1]]
[2021.03.20-09.53.18:210][  0]LogConfig: Setting CVar [[r.LightShaftQuality:1]]
[2021.03.20-09.53.18:210][  0]LogConfig: Setting CVar [[r.Filter.SizeScale:1]]
[2021.03.20-09.53.18:210][  0]LogConfig: Setting CVar [[r.Tonemapper.Quality:5]]
[2021.03.20-09.53.18:210][  0]LogConfig: Setting CVar [[r.DOF.Gather.AccumulatorQuality:1        ; higher gathering accumulator quality]]
[2021.03.20-09.53.18:210][  0]LogConfig: Setting CVar [[r.DOF.Gather.PostfilterMethod:1          ; Median3x3 postfilering method]]
[2021.03.20-09.53.18:210][  0]LogConfig: Setting CVar [[r.DOF.Gather.EnableBokehSettings:0       ; no bokeh simulation when gathering]]
[2021.03.20-09.53.18:210][  0]LogConfig: Setting CVar [[r.DOF.Gather.RingCount:4                 ; medium number of samples when gathering]]
[2021.03.20-09.53.18:210][  0]LogConfig: Setting CVar [[r.DOF.Scatter.ForegroundCompositing:1    ; additive foreground scattering]]
[2021.03.20-09.53.18:210][  0]LogConfig: Setting CVar [[r.DOF.Scatter.BackgroundCompositing:2    ; additive background scattering]]
[2021.03.20-09.53.18:210][  0]LogConfig: Setting CVar [[r.DOF.Scatter.EnableBokehSettings:1      ; bokeh simulation when scattering]]
[2021.03.20-09.53.18:210][  0]LogConfig: Setting CVar [[r.DOF.Scatter.MaxSpriteRatio:0.1         ; only a maximum of 10% of scattered bokeh]]
[2021.03.20-09.53.18:210][  0]LogConfig: Setting CVar [[r.DOF.Recombine.Quality:1                ; cheap slight out of focus]]
[2021.03.20-09.53.18:210][  0]LogConfig: Setting CVar [[r.DOF.Recombine.EnableBokehSettings:0    ; no bokeh simulation on slight out of focus]]
[2021.03.20-09.53.18:210][  0]LogConfig: Setting CVar [[r.DOF.TemporalAAQuality:1                ; more stable temporal accumulation]]
[2021.03.20-09.53.18:210][  0]LogConfig: Setting CVar [[r.DOF.Kernel.MaxForegroundRadius:0.025]]
[2021.03.20-09.53.18:210][  0]LogConfig: Setting CVar [[r.DOF.Kernel.MaxBackgroundRadius:0.025]]
[2021.03.20-09.53.18:210][  0]LogConfig: Applying CVar settings from Section [TextureQuality@3] File [D:/GITHUB/MAJOR PROJECT/Major-Project/MajorProject/Saved/Config/Windows/Scalability.ini]
[2021.03.20-09.53.18:210][  0]LogConfig: Setting CVar [[r.Streaming.MipBias:0]]
[2021.03.20-09.53.18:210][  0]LogConfig: Setting CVar [[r.Streaming.AmortizeCPUToGPUCopy:0]]
[2021.03.20-09.53.18:210][  0]LogConfig: Setting CVar [[r.Streaming.MaxNumTexturesToStreamPerFrame:0]]
[2021.03.20-09.53.18:210][  0]LogConfig: Setting CVar [[r.Streaming.Boost:1]]
[2021.03.20-09.53.18:210][  0]LogConfig: Setting CVar [[r.MaxAnisotropy:8]]
[2021.03.20-09.53.18:210][  0]LogConfig: Setting CVar [[r.VT.MaxAnisotropy:8]]
[2021.03.20-09.53.18:210][  0]LogConfig: Setting CVar [[r.Streaming.LimitPoolSizeToVRAM:0]]
[2021.03.20-09.53.18:210][  0]LogConfig: Setting CVar [[r.Streaming.PoolSize:1000]]
[2021.03.20-09.53.18:210][  0]LogConfig: Setting CVar [[r.Streaming.MaxEffectiveScreenSize:0]]
[2021.03.20-09.53.18:210][  0]LogConfig: Applying CVar settings from Section [EffectsQuality@3] File [D:/GITHUB/MAJOR PROJECT/Major-Project/MajorProject/Saved/Config/Windows/Scalability.ini]
[2021.03.20-09.53.18:210][  0]LogConfig: Setting CVar [[r.TranslucencyLightingVolumeDim:64]]
[2021.03.20-09.53.18:210][  0]LogConfig: Setting CVar [[r.RefractionQuality:2]]
[2021.03.20-09.53.18:210][  0]LogConfig: Setting CVar [[r.SSR.Quality:3]]
[2021.03.20-09.53.18:210][  0]LogConfig: Setting CVar [[r.SSR.HalfResSceneColor:0]]
[2021.03.20-09.53.18:210][  0]LogConfig: Setting CVar [[r.SceneColorFormat:4]]
[2021.03.20-09.53.18:210][  0]LogConfig: Setting CVar [[r.DetailMode:2]]
[2021.03.20-09.53.18:210][  0]LogConfig: Setting CVar [[r.TranslucencyVolumeBlur:1]]
[2021.03.20-09.53.18:210][  0]LogConfig: Setting CVar [[r.MaterialQualityLevel:1 ; High quality]]
[2021.03.20-09.53.18:210][  0]LogConfig: Setting CVar [[r.SSS.Scale:1]]
[2021.03.20-09.53.18:210][  0]LogConfig: Setting CVar [[r.SSS.SampleSet:2]]
[2021.03.20-09.53.18:210][  0]LogConfig: Setting CVar [[r.SSS.Quality:1]]
[2021.03.20-09.53.18:210][  0]LogConfig: Setting CVar [[r.SSS.HalfRes:0]]
[2021.03.20-09.53.18:210][  0]LogConfig: Setting CVar [[r.SSGI.Quality:3]]
[2021.03.20-09.53.18:210][  0]LogConfig: Setting CVar [[r.EmitterSpawnRateScale:1.0]]
[2021.03.20-09.53.18:210][  0]LogConfig: Setting CVar [[r.ParticleLightQuality:2]]
[2021.03.20-09.53.18:210][  0]LogConfig: Setting CVar [[r.SkyAtmosphere.AerialPerspectiveLUT.FastApplyOnOpaque:1 ; Always have FastSkyLUT 1 in this case to avoid wrong sky]]
[2021.03.20-09.53.18:211][  0]LogConfig: Setting CVar [[r.SkyAtmosphere.AerialPerspectiveLUT.SampleCountPerSlice:1]]
[2021.03.20-09.53.18:211][  0]LogConfig: Setting CVar [[r.SkyAtmosphere.AerialPerspectiveLUT.DepthResolution:16.0]]
[2021.03.20-09.53.18:211][  0]LogConfig: Setting CVar [[r.SkyAtmosphere.FastSkyLUT:1]]
[2021.03.20-09.53.18:211][  0]LogConfig: Setting CVar [[r.SkyAtmosphere.FastSkyLUT.SampleCountMin:4.0]]
[2021.03.20-09.53.18:211][  0]LogConfig: Setting CVar [[r.SkyAtmosphere.FastSkyLUT.SampleCountMax:32.0]]
[2021.03.20-09.53.18:211][  0]LogConfig: Setting CVar [[r.SkyAtmosphere.SampleCountMin:4.0]]
[2021.03.20-09.53.18:211][  0]LogConfig: Setting CVar [[r.SkyAtmosphere.SampleCountMax:32.0]]
[2021.03.20-09.53.18:211][  0]LogConfig: Setting CVar [[r.SkyAtmosphere.TransmittanceLUT.UseSmallFormat:0]]
[2021.03.20-09.53.18:211][  0]LogConfig: Setting CVar [[r.SkyAtmosphere.TransmittanceLUT.SampleCount:10.0]]
[2021.03.20-09.53.18:211][  0]LogConfig: Setting CVar [[r.SkyAtmosphere.MultiScatteringLUT.SampleCount:15.0]]
[2021.03.20-09.53.18:211][  0]LogConfig: Applying CVar settings from Section [FoliageQuality@3] File [D:/GITHUB/MAJOR PROJECT/Major-Project/MajorProject/Saved/Config/Windows/Scalability.ini]
[2021.03.20-09.53.18:211][  0]LogConfig: Setting CVar [[foliage.DensityScale:1.0]]
[2021.03.20-09.53.18:211][  0]LogConfig: Setting CVar [[grass.DensityScale:1.0]]
[2021.03.20-09.53.18:211][  0]LogConfig: Applying CVar settings from Section [ShadingQuality@3] File [D:/GITHUB/MAJOR PROJECT/Major-Project/MajorProject/Saved/Config/Windows/Scalability.ini]
[2021.03.20-09.53.18:211][  0]LogConfig: Setting CVar [[r.HairStrands.SkyLighting.SampleCount:16]]
[2021.03.20-09.53.18:211][  0]LogConfig: Setting CVar [[r.HairStrands.SkyLighting.JitterIntegration:0]]
[2021.03.20-09.53.18:211][  0]LogConfig: Setting CVar [[r.HairStrands.SkyAO.SampleCount:16]]
[2021.03.20-09.53.18:211][  0]LogConfig: Setting CVar [[r.HairStrands.DeepShadow.SuperSampling:0]]
[2021.03.20-09.53.18:211][  0]LogConfig: Setting CVar [[r.HairStrands.VisibilityPPLL:0]]
[2021.03.20-09.53.18:211][  0]LogConfig: Setting CVar [[r.HairStrands.RasterizationScale:0.5]]
[2021.03.20-09.53.18:211][  0]LogConfig: Setting CVar [[r.HairStrands.VelocityRasterizationScale:1]]
[2021.03.20-09.53.18:211][  0]LogInit: Selected Device Profile: [Windows]
[2021.03.20-09.53.18:211][  0]LogInit: Applying CVar settings loaded from the selected device profile: [Windows]
[2021.03.20-09.53.18:211][  0]LogHAL: Display: Platform has ~ 8 GB [8516898816 / 8589934592 / 8], which maps to Default [LargestMinGB=32, LargerMinGB=12, DefaultMinGB=8, SmallerMinGB=6, SmallestMinGB=0)
[2021.03.20-09.53.18:211][  0]LogInit: Going up to parent DeviceProfile []
[2021.03.20-09.53.18:211][  0]LogConfig: Applying CVar settings from Section [ViewDistanceQuality@3] File [D:/GITHUB/MAJOR PROJECT/Major-Project/MajorProject/Saved/Config/Windows/Scalability.ini]
[2021.03.20-09.53.18:211][  0]LogConfig: Setting CVar [[r.SkeletalMeshLODBias:0]]
[2021.03.20-09.53.18:211][  0]LogConfig: Setting CVar [[r.ViewDistanceScale:1.0]]
[2021.03.20-09.53.18:211][  0]LogConfig: Applying CVar settings from Section [AntiAliasingQuality@3] File [D:/GITHUB/MAJOR PROJECT/Major-Project/MajorProject/Saved/Config/Windows/Scalability.ini]
[2021.03.20-09.53.18:211][  0]LogConfig: Setting CVar [[r.PostProcessAAQuality:4]]
[2021.03.20-09.53.18:211][  0]LogConfig: Applying CVar settings from Section [ShadowQuality@3] File [D:/GITHUB/MAJOR PROJECT/Major-Project/MajorProject/Saved/Config/Windows/Scalability.ini]
[2021.03.20-09.53.18:211][  0]LogConfig: Setting CVar [[r.LightFunctionQuality:1]]
[2021.03.20-09.53.18:211][  0]LogConfig: Setting CVar [[r.ShadowQuality:5]]
[2021.03.20-09.53.18:211][  0]LogConfig: Setting CVar [[r.Shadow.CSM.MaxCascades:10]]
[2021.03.20-09.53.18:211][  0]LogConfig: Setting CVar [[r.Shadow.MaxResolution:2048]]
[2021.03.20-09.53.18:211][  0]LogConfig: Setting CVar [[r.Shadow.MaxCSMResolution:2048]]
[2021.03.20-09.53.18:211][  0]LogConfig: Setting CVar [[r.Shadow.RadiusThreshold:0.01]]
[2021.03.20-09.53.18:211][  0]LogConfig: Setting CVar [[r.Shadow.DistanceScale:1.0]]
[2021.03.20-09.53.18:211][  0]LogConfig: Setting CVar [[r.Shadow.CSM.TransitionScale:1.0]]
[2021.03.20-09.53.18:211][  0]LogConfig: Setting CVar [[r.Shadow.PreShadowResolutionFactor:1.0]]
[2021.03.20-09.53.18:211][  0]LogConfig: Setting CVar [[r.DistanceFieldShadowing:1]]
[2021.03.20-09.53.18:211][  0]LogConfig: Setting CVar [[r.DistanceFieldAO:1]]
[2021.03.20-09.53.18:211][  0]LogConfig: Setting CVar [[r.AOQuality:2]]
[2021.03.20-09.53.18:211][  0]LogConfig: Setting CVar [[r.VolumetricFog:1]]
[2021.03.20-09.53.18:211][  0]LogConfig: Setting CVar [[r.VolumetricFog.GridPixelSize:8]]
[2021.03.20-09.53.18:211][  0]LogConfig: Setting CVar [[r.VolumetricFog.GridSizeZ:128]]
[2021.03.20-09.53.18:211][  0]LogConfig: Setting CVar [[r.VolumetricFog.HistoryMissSupersampleCount:4]]
[2021.03.20-09.53.18:211][  0]LogConfig: Setting CVar [[r.LightMaxDrawDistanceScale:1]]
[2021.03.20-09.53.18:211][  0]LogConfig: Setting CVar [[r.CapsuleShadows:1]]
[2021.03.20-09.53.18:211][  0]LogConfig: Applying CVar settings from Section [PostProcessQuality@3] File [D:/GITHUB/MAJOR PROJECT/Major-Project/MajorProject/Saved/Config/Windows/Scalability.ini]
[2021.03.20-09.53.18:211][  0]LogConfig: Setting CVar [[r.MotionBlurQuality:4]]
[2021.03.20-09.53.18:211][  0]LogConfig: Setting CVar [[r.AmbientOcclusionMipLevelFactor:0.4]]
[2021.03.20-09.53.18:211][  0]LogConfig: Setting CVar [[r.AmbientOcclusionMaxQuality:100]]
[2021.03.20-09.53.18:211][  0]LogConfig: Setting CVar [[r.AmbientOcclusionLevels:-1]]
[2021.03.20-09.53.18:211][  0]LogConfig: Setting CVar [[r.AmbientOcclusionRadiusScale:1.0]]
[2021.03.20-09.53.18:211][  0]LogConfig: Setting CVar [[r.DepthOfFieldQuality:2]]
[2021.03.20-09.53.18:211][  0]LogConfig: Setting CVar [[r.RenderTargetPoolMin:400]]
[2021.03.20-09.53.18:211][  0]LogConfig: Setting CVar [[r.LensFlareQuality:2]]
[2021.03.20-09.53.18:211][  0]LogConfig: Setting CVar [[r.SceneColorFringeQuality:1]]
[2021.03.20-09.53.18:211][  0]LogConfig: Setting CVar [[r.EyeAdaptationQuality:2]]
[2021.03.20-09.53.18:211][  0]LogConfig: Setting CVar [[r.BloomQuality:5]]
[2021.03.20-09.53.18:211][  0]LogConfig: Setting CVar [[r.FastBlurThreshold:100]]
[2021.03.20-09.53.18:211][  0]LogConfig: Setting CVar [[r.Upscale.Quality:3]]
[2021.03.20-09.53.18:211][  0]LogConfig: Setting CVar [[r.Tonemapper.GrainQuantization:1]]
[2021.03.20-09.53.18:211][  0]LogConfig: Setting CVar [[r.LightShaftQuality:1]]
[2021.03.20-09.53.18:211][  0]LogConfig: Setting CVar [[r.Filter.SizeScale:1]]
[2021.03.20-09.53.18:211][  0]LogConfig: Setting CVar [[r.Tonemapper.Quality:5]]
[2021.03.20-09.53.18:211][  0]LogConfig: Setting CVar [[r.DOF.Gather.AccumulatorQuality:1        ; higher gathering accumulator quality]]
[2021.03.20-09.53.18:211][  0]LogConfig: Setting CVar [[r.DOF.Gather.PostfilterMethod:1          ; Median3x3 postfilering method]]
[2021.03.20-09.53.18:211][  0]LogConfig: Setting CVar [[r.DOF.Gather.EnableBokehSettings:0       ; no bokeh simulation when gathering]]
[2021.03.20-09.53.18:211][  0]LogConfig: Setting CVar [[r.DOF.Gather.RingCount:4                 ; medium number of samples when gathering]]
[2021.03.20-09.53.18:211][  0]LogConfig: Setting CVar [[r.DOF.Scatter.ForegroundCompositing:1    ; additive foreground scattering]]
[2021.03.20-09.53.18:211][  0]LogConfig: Setting CVar [[r.DOF.Scatter.BackgroundCompositing:2    ; additive background scattering]]
[2021.03.20-09.53.18:211][  0]LogConfig: Setting CVar [[r.DOF.Scatter.EnableBokehSettings:1      ; bokeh simulation when scattering]]
[2021.03.20-09.53.18:212][  0]LogConfig: Setting CVar [[r.DOF.Scatter.MaxSpriteRatio:0.1         ; only a maximum of 10% of scattered bokeh]]
[2021.03.20-09.53.18:212][  0]LogConfig: Setting CVar [[r.DOF.Recombine.Quality:1                ; cheap slight out of focus]]
[2021.03.20-09.53.18:212][  0]LogConfig: Setting CVar [[r.DOF.Recombine.EnableBokehSettings:0    ; no bokeh simulation on slight out of focus]]
[2021.03.20-09.53.18:212][  0]LogConfig: Setting CVar [[r.DOF.TemporalAAQuality:1                ; more stable temporal accumulation]]
[2021.03.20-09.53.18:212][  0]LogConfig: Setting CVar [[r.DOF.Kernel.MaxForegroundRadius:0.025]]
[2021.03.20-09.53.18:212][  0]LogConfig: Setting CVar [[r.DOF.Kernel.MaxBackgroundRadius:0.025]]
[2021.03.20-09.53.18:212][  0]LogConfig: Applying CVar settings from Section [TextureQuality@3] File [D:/GITHUB/MAJOR PROJECT/Major-Project/MajorProject/Saved/Config/Windows/Scalability.ini]
[2021.03.20-09.53.18:212][  0]LogConfig: Setting CVar [[r.Streaming.MipBias:0]]
[2021.03.20-09.53.18:212][  0]LogConfig: Setting CVar [[r.Streaming.AmortizeCPUToGPUCopy:0]]
[2021.03.20-09.53.18:212][  0]LogConfig: Setting CVar [[r.Streaming.MaxNumTexturesToStreamPerFrame:0]]
[2021.03.20-09.53.18:212][  0]LogConfig: Setting CVar [[r.Streaming.Boost:1]]
[2021.03.20-09.53.18:212][  0]LogConfig: Setting CVar [[r.MaxAnisotropy:8]]
[2021.03.20-09.53.18:212][  0]LogConfig: Setting CVar [[r.VT.MaxAnisotropy:8]]
[2021.03.20-09.53.18:212][  0]LogConfig: Setting CVar [[r.Streaming.LimitPoolSizeToVRAM:0]]
[2021.03.20-09.53.18:212][  0]LogConfig: Setting CVar [[r.Streaming.PoolSize:1000]]
[2021.03.20-09.53.18:212][  0]LogConfig: Setting CVar [[r.Streaming.MaxEffectiveScreenSize:0]]
[2021.03.20-09.53.18:212][  0]LogConfig: Applying CVar settings from Section [EffectsQuality@3] File [D:/GITHUB/MAJOR PROJECT/Major-Project/MajorProject/Saved/Config/Windows/Scalability.ini]
[2021.03.20-09.53.18:212][  0]LogConfig: Setting CVar [[r.TranslucencyLightingVolumeDim:64]]
[2021.03.20-09.53.18:212][  0]LogConfig: Setting CVar [[r.RefractionQuality:2]]
[2021.03.20-09.53.18:212][  0]LogConfig: Setting CVar [[r.SSR.Quality:3]]
[2021.03.20-09.53.18:212][  0]LogConfig: Setting CVar [[r.SSR.HalfResSceneColor:0]]
[2021.03.20-09.53.18:212][  0]LogConfig: Setting CVar [[r.SceneColorFormat:4]]
[2021.03.20-09.53.18:212][  0]LogConfig: Setting CVar [[r.DetailMode:2]]
[2021.03.20-09.53.18:212][  0]LogConfig: Setting CVar [[r.TranslucencyVolumeBlur:1]]
[2021.03.20-09.53.18:212][  0]LogConfig: Setting CVar [[r.MaterialQualityLevel:1 ; High quality]]
[2021.03.20-09.53.18:212][  0]LogConfig: Setting CVar [[r.SSS.Scale:1]]
[2021.03.20-09.53.18:212][  0]LogConfig: Setting CVar [[r.SSS.SampleSet:2]]
[2021.03.20-09.53.18:212][  0]LogConfig: Setting CVar [[r.SSS.Quality:1]]
[2021.03.20-09.53.18:212][  0]LogConfig: Setting CVar [[r.SSS.HalfRes:0]]
[2021.03.20-09.53.18:212][  0]LogConfig: Setting CVar [[r.SSGI.Quality:3]]
[2021.03.20-09.53.18:212][  0]LogConfig: Setting CVar [[r.EmitterSpawnRateScale:1.0]]
[2021.03.20-09.53.18:212][  0]LogConfig: Setting CVar [[r.ParticleLightQuality:2]]
[2021.03.20-09.53.18:212][  0]LogConfig: Setting CVar [[r.SkyAtmosphere.AerialPerspectiveLUT.FastApplyOnOpaque:1 ; Always have FastSkyLUT 1 in this case to avoid wrong sky]]
[2021.03.20-09.53.18:212][  0]LogConfig: Setting CVar [[r.SkyAtmosphere.AerialPerspectiveLUT.SampleCountPerSlice:1]]
[2021.03.20-09.53.18:212][  0]LogConfig: Setting CVar [[r.SkyAtmosphere.AerialPerspectiveLUT.DepthResolution:16.0]]
[2021.03.20-09.53.18:212][  0]LogConfig: Setting CVar [[r.SkyAtmosphere.FastSkyLUT:1]]
[2021.03.20-09.53.18:212][  0]LogConfig: Setting CVar [[r.SkyAtmosphere.FastSkyLUT.SampleCountMin:4.0]]
[2021.03.20-09.53.18:212][  0]LogConfig: Setting CVar [[r.SkyAtmosphere.FastSkyLUT.SampleCountMax:32.0]]
[2021.03.20-09.53.18:212][  0]LogConfig: Setting CVar [[r.SkyAtmosphere.SampleCountMin:4.0]]
[2021.03.20-09.53.18:212][  0]LogConfig: Setting CVar [[r.SkyAtmosphere.SampleCountMax:32.0]]
[2021.03.20-09.53.18:212][  0]LogConfig: Setting CVar [[r.SkyAtmosphere.TransmittanceLUT.UseSmallFormat:0]]
[2021.03.20-09.53.18:212][  0]LogConfig: Setting CVar [[r.SkyAtmosphere.TransmittanceLUT.SampleCount:10.0]]
[2021.03.20-09.53.18:212][  0]LogConfig: Setting CVar [[r.SkyAtmosphere.MultiScatteringLUT.SampleCount:15.0]]
[2021.03.20-09.53.18:212][  0]LogConfig: Applying CVar settings from Section [FoliageQuality@3] File [D:/GITHUB/MAJOR PROJECT/Major-Project/MajorProject/Saved/Config/Windows/Scalability.ini]
[2021.03.20-09.53.18:212][  0]LogConfig: Setting CVar [[foliage.DensityScale:1.0]]
[2021.03.20-09.53.18:212][  0]LogConfig: Setting CVar [[grass.DensityScale:1.0]]
[2021.03.20-09.53.18:212][  0]LogConfig: Applying CVar settings from Section [ShadingQuality@3] File [D:/GITHUB/MAJOR PROJECT/Major-Project/MajorProject/Saved/Config/Windows/Scalability.ini]
[2021.03.20-09.53.18:212][  0]LogConfig: Setting CVar [[r.HairStrands.SkyLighting.SampleCount:16]]
[2021.03.20-09.53.18:212][  0]LogConfig: Setting CVar [[r.HairStrands.SkyLighting.JitterIntegration:0]]
[2021.03.20-09.53.18:212][  0]LogConfig: Setting CVar [[r.HairStrands.SkyAO.SampleCount:16]]
[2021.03.20-09.53.18:212][  0]LogConfig: Setting CVar [[r.HairStrands.DeepShadow.SuperSampling:0]]
[2021.03.20-09.53.18:212][  0]LogConfig: Setting CVar [[r.HairStrands.VisibilityPPLL:0]]
[2021.03.20-09.53.18:212][  0]LogConfig: Setting CVar [[r.HairStrands.RasterizationScale:0.5]]
[2021.03.20-09.53.18:212][  0]LogConfig: Setting CVar [[r.HairStrands.VelocityRasterizationScale:1]]
[2021.03.20-09.53.18:212][  0]LogConfig: Applying CVar settings from Section [Startup] File [../../../Engine/Config/ConsoleVariables.ini]
[2021.03.20-09.53.18:212][  0]LogConfig: Setting CVar [[net.UseAdaptiveNetUpdateFrequency:0]]
[2021.03.20-09.53.18:212][  0]LogConfig: Setting CVar [[p.chaos.AllowCreatePhysxBodies:1]]
[2021.03.20-09.53.18:212][  0]LogConfig: Setting CVar [[fx.SkipVectorVMBackendOptimizations:1]]
[2021.03.20-09.53.18:212][  0]LogConfig: Applying CVar settings from Section [ConsoleVariables] File [D:/GITHUB/MAJOR PROJECT/Major-Project/MajorProject/Saved/Config/Windows/Engine.ini]
[2021.03.20-09.53.18:213][  0]LogInit: Computer: DESKTOP-SOIJTA3
[2021.03.20-09.53.18:213][  0]LogInit: User: lelan
[2021.03.20-09.53.18:213][  0]LogInit: CPU Page size=4096, Cores=4
[2021.03.20-09.53.18:213][  0]LogInit: High frequency timer resolution =10.000000 MHz
[2021.03.20-09.53.18:213][  0]LogMemory: Memory total: Physical=7.9GB (8GB approx)
[2021.03.20-09.53.18:213][  0]LogMemory: Platform Memory Stats for Windows
[2021.03.20-09.53.18:213][  0]LogMemory: Process Physical Memory: 118.09 MB used, 118.09 MB peak
[2021.03.20-09.53.18:213][  0]LogMemory: Process Virtual Memory: 100.58 MB used, 100.58 MB peak
[2021.03.20-09.53.18:213][  0]LogMemory: Physical Memory: 5959.34 MB used,  2163.00 MB free, 8122.35 MB total
[2021.03.20-09.53.18:213][  0]LogMemory: Virtual Memory: 5190.92 MB used,  134212536.00 MB free, 134217728.00 MB total
[2021.03.20-09.53.18:217][  0]LogWindows: WindowsPlatformFeatures enabled
[2021.03.20-09.53.18:260][  0]LogInit: Physics initialised using underlying interface: PhysX
[2021.03.20-09.53.18:261][  0]LogInit: Using OS detected language (en-US).
[2021.03.20-09.53.18:261][  0]LogInit: Using OS detected locale (en-AU).
[2021.03.20-09.53.18:264][  0]LogTextLocalizationManager: No specific localization for 'en-US' exists, so the 'en' localization will be used.
[2021.03.20-09.53.18:444][  0]LogInit: Setting process to per monitor DPI aware
[2021.03.20-09.53.18:518][  0]LogSlate: New Slate User Created.  User Index 0, Is Virtual User: 0
[2021.03.20-09.53.18:518][  0]LogSlate: Slate User Registered.  User Index 0, Is Virtual User: 0
[2021.03.20-09.53.18:646][  0]LogD3D11RHI: D3D11 min allowed feature level: 11_0
[2021.03.20-09.53.18:646][  0]LogD3D11RHI: D3D11 max allowed feature level: 11_0
[2021.03.20-09.53.18:646][  0]LogD3D11RHI: D3D11 adapters:
[2021.03.20-09.53.18:768][  0]LogD3D11RHI:    0. 'NVIDIA GeForce GTX 1070 Ti' (Feature Level 11_0)
[2021.03.20-09.53.18:768][  0]LogD3D11RHI:       8079/0/4061 MB DedicatedVideo/DedicatedSystem/SharedSystem, Outputs:2, VendorId:0x10de
[2021.03.20-09.53.18:770][  0]LogD3D11RHI:    1. 'Microsoft Basic Render Driver' (Feature Level 11_0)
[2021.03.20-09.53.18:770][  0]LogD3D11RHI:       0/0/4061 MB DedicatedVideo/DedicatedSystem/SharedSystem, Outputs:0, VendorId:0x1414
[2021.03.20-09.53.18:770][  0]LogD3D11RHI: Chosen D3D11 Adapter: 0
[2021.03.20-09.53.18:775][  0]LogD3D11RHI: Creating new Direct3DDevice
[2021.03.20-09.53.18:775][  0]LogD3D11RHI:     GPU DeviceId: 0x1b82 (for the marketing name, search the web for "GPU Device Id")
[2021.03.20-09.53.18:775][  0]LogWindows: EnumDisplayDevices:
[2021.03.20-09.53.18:775][  0]LogWindows:    0. 'NVIDIA GeForce GTX 1070 Ti' (P:0 D:1)
[2021.03.20-09.53.18:776][  0]LogWindows:    1. 'NVIDIA GeForce GTX 1070 Ti' (P:1 D:1)
[2021.03.20-09.53.18:776][  0]LogWindows:    2. 'NVIDIA GeForce GTX 1070 Ti' (P:0 D:0)
[2021.03.20-09.53.18:776][  0]LogWindows:    3. 'NVIDIA GeForce GTX 1070 Ti' (P:0 D:0)
[2021.03.20-09.53.18:776][  0]LogWindows: DebugString: FoundDriverCount:4 
[2021.03.20-09.53.18:776][  0]LogD3D11RHI:     Adapter Name: NVIDIA GeForce GTX 1070 Ti
[2021.03.20-09.53.18:776][  0]LogD3D11RHI:   Driver Version: 461.09 (internal:27.21.14.6109, unified:461.09)
[2021.03.20-09.53.18:776][  0]LogD3D11RHI:      Driver Date: 12-31-2020
[2021.03.20-09.53.18:776][  0]LogRHI: Texture pool is 5655 MB (70% of 8079 MB)
[2021.03.20-09.53.18:857][  0]LogD3D11RHI: RHI has support for 64 bit atomics
[2021.03.20-09.53.18:857][  0]LogD3D11RHI: Async texture creation enabled
[2021.03.20-09.53.18:857][  0]LogD3D11RHI: Array index from any shader is supported
[2021.03.20-09.53.18:886][  0]LogD3D11RHI: GPU Timing Frequency: 1000.000000 (Debug: 2 1)
[2021.03.20-09.53.19:206][  0]LogTargetPlatformManager: Display: Loaded TargetPlatform 'AllDesktop'
[2021.03.20-09.53.19:229][  0]LogTargetPlatformManager: Display: Loaded TargetPlatform 'Android'
[2021.03.20-09.53.19:229][  0]LogTargetPlatformManager: Display: Loaded TargetPlatform 'Android_ASTC'
[2021.03.20-09.53.19:229][  0]LogTargetPlatformManager: Display: Loaded TargetPlatform 'Android_DXT'
[2021.03.20-09.53.19:229][  0]LogTargetPlatformManager: Display: Loaded TargetPlatform 'Android_ETC2'
[2021.03.20-09.53.19:229][  0]LogTargetPlatformManager: Display: Loaded TargetPlatform 'AndroidClient'
[2021.03.20-09.53.19:229][  0]LogTargetPlatformManager: Display: Loaded TargetPlatform 'Android_ASTCClient'
[2021.03.20-09.53.19:229][  0]LogTargetPlatformManager: Display: Loaded TargetPlatform 'Android_DXTClient'
[2021.03.20-09.53.19:229][  0]LogTargetPlatformManager: Display: Loaded TargetPlatform 'Android_ETC2Client'
[2021.03.20-09.53.19:229][  0]LogTargetPlatformManager: Display: Loaded TargetPlatform 'Android_Multi'
[2021.03.20-09.53.19:229][  0]LogTargetPlatformManager: Display: Loaded TargetPlatform 'Android_MultiClient'
[2021.03.20-09.53.19:252][  0]LogTargetPlatformManager: Display: Loaded TargetPlatform 'IOSClient'
[2021.03.20-09.53.19:252][  0]LogTargetPlatformManager: Display: Loaded TargetPlatform 'IOS'
[2021.03.20-09.53.19:262][  0]LogTargetPlatformManager: Display: Loaded TargetPlatform 'Linux'
[2021.03.20-09.53.19:271][  0]LogTargetPlatformManager: Display: Loaded TargetPlatform 'LinuxNoEditor'
[2021.03.20-09.53.19:280][  0]LogTargetPlatformManager: Display: Loaded TargetPlatform 'LinuxClient'
[2021.03.20-09.53.19:290][  0]LogTargetPlatformManager: Display: Loaded TargetPlatform 'LinuxServer'
[2021.03.20-09.53.19:300][  0]LogTargetPlatformManager: Display: Loaded TargetPlatform 'LinuxAArch64NoEditor'
[2021.03.20-09.53.19:309][  0]LogTargetPlatformManager: Display: Loaded TargetPlatform 'LinuxAArch64Client'
[2021.03.20-09.53.19:318][  0]LogTargetPlatformManager: Display: Loaded TargetPlatform 'LinuxAArch64Server'
[2021.03.20-09.53.19:345][  0]LogTargetPlatformManager: Display: Loaded TargetPlatform 'Lumin'
[2021.03.20-09.53.19:345][  0]LogTargetPlatformManager: Display: Loaded TargetPlatform 'LuminClient'
[2021.03.20-09.53.19:365][  0]LogTargetPlatformManager: Display: Loaded TargetPlatform 'TVOSClient'
[2021.03.20-09.53.19:365][  0]LogTargetPlatformManager: Display: Loaded TargetPlatform 'TVOS'
[2021.03.20-09.53.19:376][  0]LogTargetPlatformManager: Display: Loaded TargetPlatform 'WindowsNoEditor'
[2021.03.20-09.53.19:386][  0]LogTargetPlatformManager: Display: Loaded TargetPlatform 'Windows'
[2021.03.20-09.53.19:395][  0]LogTargetPlatformManager: Display: Loaded TargetPlatform 'WindowsClient'
[2021.03.20-09.53.19:405][  0]LogTargetPlatformManager: Display: Loaded TargetPlatform 'WindowsServer'
[2021.03.20-09.53.19:405][  0]LogTargetPlatformManager: Display: Building Assets For Windows
[2021.03.20-09.53.19:411][  0]LogAudioDebug: Display: Lib vorbis DLL was dynamically loaded.
[2021.03.20-09.53.19:464][  0]LogShaderCompilers: Guid format shader working directory is -5 characters bigger than the processId version (D:/GITHUB/MAJOR PROJECT/Major-Project/MajorProject/Intermediate/Shaders/WorkingDirectory/16332/).
[2021.03.20-09.53.19:464][  0]LogShaderCompilers: Cleaned the shader compiler working directory 'C:/Users/lelan/AppData/Local/Temp/UnrealShaderWorkingDir/BBAA635F424D74EA2B9DB79E9BCAB42C/'.
[2021.03.20-09.53.19:465][  0]LogXGEController: Cannot use XGE Controller as Incredibuild is not installed on this machine.
[2021.03.20-09.53.19:465][  0]LogShaderCompilers: Cannot use XGE Shader Compiler as Incredibuild is not installed on this machine.
[2021.03.20-09.53.19:465][  0]LogShaderCompilers: Display: Using Local Shader Compiler.
[2021.03.20-09.53.20:262][  0]LogDerivedDataCache: Display: Max Cache Size: 512 MB
[2021.03.20-09.53.20:316][  0]LogDerivedDataCache: Loaded boot cache 0.05s 76MB C:/Users/lelan/AppData/Local/UnrealEngine/4.25/DerivedDataCache/Boot.ddc.
[2021.03.20-09.53.20:316][  0]LogDerivedDataCache: Display: Loaded Boot cache: C:/Users/lelan/AppData/Local/UnrealEngine/4.25/DerivedDataCache/Boot.ddc
[2021.03.20-09.53.20:316][  0]LogDerivedDataCache: FDerivedDataBackendGraph:  Pak pak cache file D:/GITHUB/MAJOR PROJECT/Major-Project/MajorProject/DerivedDataCache/DDC.ddp not found, will not use a pak cache.
[2021.03.20-09.53.20:316][  0]LogDerivedDataCache: Unable to find inner node Pak for hierarchical cache Hierarchy.
[2021.03.20-09.53.20:317][  0]LogDerivedDataCache: FDerivedDataBackendGraph:  CompressedPak pak cache file D:/GITHUB/MAJOR PROJECT/Major-Project/MajorProject/DerivedDataCache/Compressed.ddp not found, will not use a pak cache.
[2021.03.20-09.53.20:317][  0]LogDerivedDataCache: Unable to find inner node CompressedPak for hierarchical cache Hierarchy.
[2021.03.20-09.53.20:327][  0]LogDerivedDataCache: Display: Pak cache opened for reading ../../../Engine/DerivedDataCache/Compressed.ddp.
[2021.03.20-09.53.20:328][  0]LogDerivedDataCache: FDerivedDataBackendGraph:  EnterprisePak pak cache file ../../../Enterprise/DerivedDataCache/Compressed.ddp not found, will not use a pak cache.
[2021.03.20-09.53.20:328][  0]LogDerivedDataCache: Unable to find inner node EnterprisePak for hierarchical cache Hierarchy.
[2021.03.20-09.53.20:329][  0]LogDerivedDataCache: Using Local data cache path C:/Users/lelan/AppData/Local/UnrealEngine/Common/DerivedDataCache: Writable
[2021.03.20-09.53.20:329][  0]LogDerivedDataCache: Shared data cache path not found in *engine.ini, will not use an Shared cache.
[2021.03.20-09.53.20:329][  0]LogDerivedDataCache: Unable to find inner node Shared for hierarchical cache Hierarchy.
[2021.03.20-09.53.20:382][  0]LogSlate: Using FreeType 2.10.0
[2021.03.20-09.53.20:382][  0]LogSlate: SlateFontServices - WITH_FREETYPE: 1, WITH_HARFBUZZ: 1
[2021.03.20-09.53.20:410][  0]LogAssetRegistry: FAssetRegistry took 0.0025 seconds to start up
[2021.03.20-09.53.20:635][  0]LogInit: Selected Device Profile: [Windows]
[2021.03.20-09.53.20:756][  0]LogMeshReduction: Using QuadricMeshReduction for automatic static mesh reduction
[2021.03.20-09.53.20:756][  0]LogMeshReduction: Using SimplygonMeshReduction for automatic skeletal mesh reduction
[2021.03.20-09.53.20:756][  0]LogMeshReduction: Using ProxyLODMeshReduction for automatic mesh merging
[2021.03.20-09.53.20:756][  0]LogMeshReduction: No distributed automatic mesh merging module available
[2021.03.20-09.53.20:756][  0]LogMeshMerging: No distributed automatic mesh merging module available
[2021.03.20-09.53.20:777][  0]LogNetVersion: MajorProject 1.0.0, NetCL: 13144385, EngineNetVer: 14, GameNetVer: 0 (Checksum: 1007440909)
[2021.03.20-09.53.21:210][  0]LogAISub: UAISubsystem::UAISubsystem AISubsystem (0000019B18507700), frame # 0
[2021.03.20-09.53.21:210][  0]LogAISub: UAISubsystem::UAISubsystem AIPerceptionSystem (0000019B18422AC0), frame # 0
[2021.03.20-09.53.21:211][  0]LogAISub: UAISubsystem::UAISubsystem EnvQueryManager (0000019B1848C800), frame # 0
[2021.03.20-09.53.21:843][  0]LogPackageLocalizationCache: Processed 17 localized package path(s) for 1 prioritized culture(s) in 0.626809 seconds
[2021.03.20-09.53.21:849][  0]LogUObjectArray: 15756 objects as part of root set at end of initial load.
[2021.03.20-09.53.21:849][  0]LogUObjectAllocator: 3925280 out of 0 bytes used by permanent object pool.
[2021.03.20-09.53.21:849][  0]LogUObjectArray: CloseDisregardForGC: 0/0 objects in disregard for GC pool
[2021.03.20-09.53.22:236][  0]LogTcpMessaging: Initializing TcpMessaging bridge
[2021.03.20-09.53.22:240][  0]LogUdpMessaging: Initializing bridge on interface 0.0.0.0:0 to multicast group 230.0.0.1:6666.
[2021.03.20-09.53.22:356][  0]SourceControl: Source control is disabled
[2021.03.20-09.53.22:356][  0]SourceControl: Source control is disabled
[2021.03.20-09.53.22:359][  0]SourceControl: Source control is disabled
[2021.03.20-09.53.22:362][  0]SourceControl: Source control is disabled
[2021.03.20-09.53.22:368][  0]SourceControl: Source control is disabled
[2021.03.20-09.53.22:695][  0]LogAndroidPermission: UAndroidPermissionCallbackProxy::GetInstance
[2021.03.20-09.53.22:714][  0]LogAudioCaptureCore: Display: No Audio Capture implementations found. Audio input will be silent.
[2021.03.20-09.53.22:714][  0]LogAudioCaptureCore: Display: No Audio Capture implementations found. Audio input will be silent.
[2021.03.20-09.53.22:798][  0]LogEngine: Initializing Engine...
[2021.03.20-09.53.22:800][  0]LogMagicLeap: Warning: VR disabled because ZI is not enabled.  To enable, in the editor, Edit -> Project Settings -> Plugins -> Magic Leap Plugin -> Enable Zero Iteration
[2021.03.20-09.53.22:801][  0]LogStats: UGameplayTagsManager::InitializeManager -  0.000 s
[2021.03.20-09.53.22:930][  0]LogInit: Initializing FReadOnlyCVARCache
[2021.03.20-09.53.22:938][  0]LogAIModule: Creating AISystem for world Untitled
[2021.03.20-09.53.22:938][  0]LogAISub: UAISubsystem::UAISubsystem EnvQueryManager (0000019B1CDABC00), frame # 0
[2021.03.20-09.53.22:938][  0]LogAISub: UAISubsystem::UAISubsystem AIPerceptionSystem (0000019B1CE256C0), frame # 0
[2021.03.20-09.53.22:961][  0]LogAudioMixer: Display: Audio Mixer Platform Settings:
[2021.03.20-09.53.22:961][  0]LogAudioMixer: Display: 	Sample Rate:						  48000
[2021.03.20-09.53.22:961][  0]LogAudioMixer: Display: 	Callback Buffer Frame Size Requested: 1024
[2021.03.20-09.53.22:961][  0]LogAudioMixer: Display: 	Callback Buffer Frame Size To Use:	  1024
[2021.03.20-09.53.22:961][  0]LogAudioMixer: Display: 	Number of buffers to queue:			  2
[2021.03.20-09.53.22:961][  0]LogAudioMixer: Display: 	Max Channels (voices):				  32
[2021.03.20-09.53.22:961][  0]LogAudioMixer: Display: 	Number of Async Source Workers:		  0
[2021.03.20-09.53.22:961][  0]LogAudio: Display: AudioDevice MaxSources: 32
[2021.03.20-09.53.22:961][  0]LogAudio: Display: Using built-in audio occlusion.
[2021.03.20-09.53.22:961][  0]LogAudioMixer: Display: Initializing audio mixer.
[2021.03.20-09.53.22:972][  0]LogAudioMixer: Display: 0: FrontLeft
[2021.03.20-09.53.22:972][  0]LogAudioMixer: Display: 1: FrontRight
[2021.03.20-09.53.23:004][  0]LogAudioMixer: Display: Using Audio Device Speakers (High Definition Audio Device)
[2021.03.20-09.53.23:008][  0]LogAudioMixer: Display: Initializing Sound Submixes...
[2021.03.20-09.53.23:010][  0]LogAudioMixer: Display: Creating Master Submix 'MasterSubmixDefault'
[2021.03.20-09.53.23:010][  0]LogAudioMixer: Display: Creating Master Submix 'MasterReverbSubmixDefault'
[2021.03.20-09.53.23:011][  0]LogAudioMixer: Display: Creating Master Submix 'MasterEQSubmixDefault'
[2021.03.20-09.53.23:012][  0]LogInit: FAudioDevice initialized.
[2021.03.20-09.53.23:012][  0]LogNetVersion: Set ProjectVersion to 1.0.0.0. Version Checksum will be recalculated on next use.
[2021.03.20-09.53.23:095][  0]LogDerivedDataCache: Saved boot cache 0.08s 76MB C:/Users/lelan/AppData/Local/UnrealEngine/4.25/DerivedDataCache/Boot.ddc.
[2021.03.20-09.53.23:100][  0]LogInit: Texture streaming: Enabled
[2021.03.20-09.53.23:114][  0]LogEngineSessionManager: EngineSessionManager initialized
[2021.03.20-09.53.23:114][  0]LogEditorSessionSummary: Verbose: Initializing EditorSessionSummaryWriter for editor session tracking
[2021.03.20-09.53.23:115][  0]LogEditorSessionSummary: EditorSessionSummaryWriter initialized
[2021.03.20-09.53.23:527][  0]LogInit: Transaction tracking system initialized
[2021.03.20-09.53.23:561][  0]BlueprintLog: New page: Editor Load
[2021.03.20-09.53.23:646][  0]LocalizationService: Localization service is disabled
[2021.03.20-09.53.23:857][  0]LogCook: Display: Max memory allowance for cook 16384mb min free memory 0mb
[2021.03.20-09.53.23:857][  0]LogCook: Display: Mobile HDR setting 1
[2021.03.20-09.53.23:991][  0]LogFileCache: Scanning file cache for directory 'D:/GITHUB/MAJOR PROJECT/Major-Project/MajorProject/Content/' took 0.00s
[2021.03.20-09.53.23:991][  0]SourceControl: Source control is disabled
[2021.03.20-09.53.23:991][  0]LogUnrealEdMisc: Loading editor; pre map load, took 93.373
[2021.03.20-09.53.23:992][  0]Cmd: MAP LOAD FILE="D:/GITHUB/MAJOR PROJECT/Major-Project/MajorProject/Content/ThirdPersonBP/Maps/ThirdPersonExampleMap.umap" TEMPLATE=0 SHOWPROGRESS=1 FEATURELEVEL=3
[2021.03.20-09.53.23:992][  0]LogEditorServer: Warning: Can't find file 'D:/GITHUB/MAJOR PROJECT/Major-Project/MajorProject/Content/ThirdPersonBP/Maps/ThirdPersonExampleMap.umap'
[2021.03.20-09.53.23:992][  0]Cmd: MAP CHECKDEP NOCLEARLOG
[2021.03.20-09.53.23:992][  0]MapCheck: Map check complete: 0 Error(s), 0 Warning(s), took 0.098ms to complete.
[2021.03.20-09.53.23:992][  0]LogFileHelpers: Loading map 'ThirdPersonExampleMap' took 0.000
[2021.03.20-09.53.23:994][  0]LogUnrealEdMisc: Total Editor Startup Time, took 93.376
[2021.03.20-09.53.24:165][  0]LogSlate: Updating window title bar state: overlay mode, drag disabled, window buttons hidden, title bar hidden
[2021.03.20-09.53.24:177][  0]LogSlate: Updating window title bar state: overlay mode, drag disabled, window buttons hidden, title bar hidden
[2021.03.20-09.53.24:185][  0]LogSlate: Updating window title bar state: overlay mode, drag disabled, window buttons hidden, title bar hidden
[2021.03.20-09.53.24:193][  0]LogSlate: Updating window title bar state: overlay mode, drag disabled, window buttons hidden, title bar hidden
[2021.03.20-09.53.24:204][  0]LogCollectionManager: Loaded 0 collections in 0.001580 seconds
[2021.03.20-09.53.24:263][  0]LogFileCache: Scanning file cache for directory 'D:/GITHUB/MAJOR PROJECT/Major-Project/MajorProject/Saved/Collections/' took 0.00s
[2021.03.20-09.53.24:263][  0]LogFileCache: Scanning file cache for directory 'D:/GITHUB/MAJOR PROJECT/Major-Project/MajorProject/Content/Developers/lelan/Collections/' took 0.00s
[2021.03.20-09.53.24:263][  0]LogFileCache: Scanning file cache for directory 'D:/GITHUB/MAJOR PROJECT/Major-Project/MajorProject/Content/Collections/' took 0.00s
[2021.03.20-09.53.24:263][  0]LogContentBrowser: Native class hierarchy populated in 0.0098 seconds. Added 3407 classes and 805 folders.
[2021.03.20-09.53.24:273][  0]LogContentBrowser: Native class hierarchy updated for 'WidgetCarousel' in 0.0003 seconds. Added 0 classes and 0 folders.
[2021.03.20-09.53.24:372][  0]LogContentBrowser: Native class hierarchy updated for 'AddContentDialog' in 0.0003 seconds. Added 0 classes and 0 folders.
[2021.03.20-09.53.24:382][  0]LogContentBrowser: Native class hierarchy updated for 'SceneOutliner' in 0.0003 seconds. Added 2 classes and 0 folders.
[2021.03.20-09.53.24:456][  0]LogSlate: Took 0.000186 seconds to synchronously load lazily loaded font '../../../Engine/Content/Slate/Fonts/Roboto-Regular.ttf' (155K)
[2021.03.20-09.53.24:458][  0]LogSlate: Took 0.000197 seconds to synchronously load lazily loaded font '../../../Engine/Content/Slate/Fonts/Roboto-Bold.ttf' (160K)
[2021.03.20-09.53.24:474][  0]LogSlate: Took 0.008687 seconds to synchronously load lazily loaded font '../../../Engine/Content/Editor/Slate/Fonts/FontAwesome.ttf' (139K)
[2021.03.20-09.53.24:566][  0]LogRenderer: Reallocating scene render targets to support 1208x476 Format 10 NumSamples 1 (Frame:1).
[2021.03.20-09.53.24:785][  0]LogContentBrowser: Native class hierarchy updated for 'HierarchicalLODOutliner' in 0.0003 seconds. Added 0 classes and 0 folders.
[2021.03.20-09.53.24:785][  0]LogLoad: (Engine Initialization) Total time: 94.17 seconds
[2021.03.20-09.53.24:785][  0]LogLoad: (Engine Initialization) Total Blueprint compile time: 0.00 seconds
[2021.03.20-09.53.24:828][  0]LogContentStreaming: Texture pool size now 1000 MB
[2021.03.20-09.53.25:854][116]LogSlate: Took 0.007096 seconds to synchronously load lazily loaded font '../../../Engine/Content/Slate/Fonts/Roboto-Light.ttf' (167K)
[2021.03.20-09.53.26:977][199]LogAssetRegistry: Asset discovery search completed in 6.5677 seconds
[2021.03.20-09.53.26:982][199]LogCollectionManager: Fixed up redirectors for 0 collections in 0.000003 seconds (updated 0 objects)
[2021.03.20-09.53.29:008][205]LogSlate: Took 0.000316 seconds to synchronously load lazily loaded font '../../../Engine/Content/Slate/Fonts/Roboto-Light.ttf' (167K)
[2021.03.20-09.53.49:405][783]LogLinker: Warning: While loading 'D:/GITHUB/MAJOR PROJECT/Major-Project/MajorProject/Content/Maps/Hubworld_GB.umap' failed to load '/Game/Maps/Hubworld_GB_BuiltData': Can't find file.
[2021.03.20-09.53.49:406][783]LogLinker: Warning: While loading 'D:/GITHUB/MAJOR PROJECT/Major-Project/MajorProject/Content/Maps/Hubworld_GB.umap' failed to load '/Game/Maps/Hubworld_GB_BuiltData': Can't find file.
[2021.03.20-09.53.49:540][783]LogLinker: Warning: While loading 'D:/GITHUB/MAJOR PROJECT/Major-Project/MajorProject/Content/Maps/Hubworld_GB.umap' failed to load '/Game/Maps/Hubworld_GB_BuiltData': Can't find file.
[2021.03.20-09.53.49:541][783]LogLinker: Warning: While loading 'D:/GITHUB/MAJOR PROJECT/Major-Project/MajorProject/Content/Maps/Hubworld_GB.umap' failed to load '/Game/Maps/Hubworld_GB_BuiltData': Can't find file.
[2021.03.20-09.53.49:541][783]LogLinker: Warning: Failed to load '/Game/Maps/Hubworld_GB_BuiltData': Can't find file.
[2021.03.20-09.53.49:541][783]LogLinker: Warning: Failed to load '/Game/Maps/Hubworld_GB_BuiltData': Can't find file.
[2021.03.20-09.53.49:541][783]LogLinker: Warning: Failed to load '/Game/Maps/Hubworld_GB_BuiltData': Can't find file.
[2021.03.20-09.53.49:541][783]LogLinker: Warning: Failed to load '/Game/Maps/Hubworld_GB_BuiltData': Can't find file.
[2021.03.20-09.53.49:701][783]LogLinker: Warning: While loading 'D:/GITHUB/MAJOR PROJECT/Major-Project/MajorProject/Content/Maps/Hubworld_GB.umap' failed to load '/Game/Maps/Hubworld_GB_BuiltData': Can't find file.
[2021.03.20-09.53.49:701][783]LoadErrors: Failed to load /Game/Maps/Hubworld_GB_BuiltData.Hubworld_GB_BuiltData Referenced by PersistentLevel
[2021.03.20-09.53.49:701][783]LogLinker: Warning: While loading 'D:/GITHUB/MAJOR PROJECT/Major-Project/MajorProject/Content/Maps/Hubworld_GB.umap' failed to load '/Game/Maps/Hubworld_GB_BuiltData': Can't find file.
[2021.03.20-09.53.50:287][783]LogNiagaraEditor: Verbose: '/Game/ParticleEffects/Fireflytest_System' Precompile took 0.012378 sec.
[2021.03.20-09.53.50:302][783]LogNiagara: Compiling System NiagaraSystem /Game/ParticleEffects/Fireflytest_System.Fireflytest_System took 0.053741 sec (overall compilation time), 0.000000 sec (combined shader worker time).
[2021.03.20-09.53.50:377][783]LogMaterial: Display: Missing cached shader map for material lambert1, compiling. 
[2021.03.20-09.53.50:498][783]LogShaderCompilers: Display: Worker (1/3): shaders left to compile 27
[2021.03.20-09.53.50:498][783]LogShaderCompilers: Display: Worker (2/3): shaders left to compile 17
[2021.03.20-09.53.50:498][783]LogShaderCompilers: Display: Worker (3/3): shaders left to compile 7
[2021.03.20-09.53.50:542][783]LogAssetEditorSubsystem: Opening Asset editor for World /Game/Maps/Hubworld_GB.Hubworld_GB
[2021.03.20-09.53.50:566][783]LogUObjectHash: Compacting FUObjectHashTables data took   1.08ms
[2021.03.20-09.53.50:568][783]Cmd: MAP LOAD FILE="D:/GITHUB/MAJOR PROJECT/Major-Project/MajorProject/Content/Maps/Hubworld_GB.umap" TEMPLATE=0 SHOWPROGRESS=1 FEATURELEVEL=3
[2021.03.20-09.53.50:568][783]LightingResults: New page: Lighting Build
[2021.03.20-09.53.50:569][783]LogContentBrowser: Native class hierarchy updated for 'StatsViewer' in 0.0003 seconds. Added 6 classes and 0 folders.
[2021.03.20-09.53.50:569][783]LoadErrors: New page: Loading map: Hubworld_GB.umap
[2021.03.20-09.53.50:569][783]LogWorld: UWorld::CleanupWorld for Untitled, bSessionEnded=true, bCleanupResources=true
[2021.03.20-09.53.50:569][783]LogSlate: InvalidateAllWidgets triggered.  All widgets were invalidated
[2021.03.20-09.53.50:569][783]MapCheck: New page: Map Check
[2021.03.20-09.53.50:569][783]LightingResults: New page: Lighting Build
[2021.03.20-09.53.50:582][783]LogAISub: UAISubsystem::~UAISubsystem EnvQueryManager (0000019B1CDABC00), frame # 1783
[2021.03.20-09.53.50:582][783]LogAISub: UAISubsystem::~UAISubsystem AIPerceptionSystem (0000019B1CE256C0), frame # 1783
[2021.03.20-09.53.50:583][783]LogUObjectHash: Compacting FUObjectHashTables data took   0.84ms
[2021.03.20-09.53.50:677][783]LogEditorServer: Finished looking for orphan Actors (0.000 secs)
[2021.03.20-09.53.50:678][783]LogAIModule: Creating AISystem for world Hubworld_GB
[2021.03.20-09.53.50:678][783]LogAISub: UAISubsystem::UAISubsystem EnvQueryManager (0000019B3C819C00), frame # 1783
[2021.03.20-09.53.50:678][783]LogAISub: UAISubsystem::UAISubsystem AIPerceptionSystem (0000019B3C7EDD00), frame # 1783
[2021.03.20-09.53.50:700][783]LogUObjectHash: Compacting FUObjectHashTables data took   0.81ms
[2021.03.20-09.53.50:750][783]Cmd: MAP CHECKDEP NOCLEARLOG
[2021.03.20-09.53.50:751][783]MapCheck: Map check complete: 0 Error(s), 0 Warning(s), took 0.184ms to complete.
[2021.03.20-09.53.50:751][783]LogFileHelpers: Loading map 'Hubworld_GB' took 0.183
[2021.03.20-09.54.13:281][934]LogLinker: Warning: While loading 'D:/GITHUB/MAJOR PROJECT/Major-Project/MajorProject/Content/1_Mike/DemoWorld.umap' failed to load '/Game/1_Mike/DemoWorld_BuiltData': Can't find file.
[2021.03.20-09.54.13:281][934]LogLinker: Warning: While loading 'D:/GITHUB/MAJOR PROJECT/Major-Project/MajorProject/Content/1_Mike/DemoWorld.umap' failed to load '/Game/1_Mike/DemoWorld_BuiltData': Can't find file.
[2021.03.20-09.54.13:282][934]LogLinker: Warning: While loading 'D:/GITHUB/MAJOR PROJECT/Major-Project/MajorProject/Content/1_Mike/DemoWorld.umap' failed to load '/Game/1_Mike/DemoWorld_BuiltData': Can't find file.
[2021.03.20-09.54.13:282][934]LogLinker: Warning: While loading 'D:/GITHUB/MAJOR PROJECT/Major-Project/MajorProject/Content/1_Mike/DemoWorld.umap' failed to load '/Game/1_Mike/DemoWorld_BuiltData': Can't find file.
[2021.03.20-09.54.13:345][934]LogLinker: Warning: Failed to load '/Game/1_Mike/DemoWorld_BuiltData': Can't find file.
[2021.03.20-09.54.13:346][934]LogLinker: Warning: Failed to load '/Game/1_Mike/DemoWorld_BuiltData': Can't find file.
[2021.03.20-09.54.13:346][934]LogLinker: Warning: Failed to load '/Game/1_Mike/DemoWorld_BuiltData': Can't find file.
[2021.03.20-09.54.13:346][934]LogLinker: Warning: Failed to load '/Game/1_Mike/DemoWorld_BuiltData': Can't find file.
[2021.03.20-09.54.13:490][934]LogLinker: Warning: While loading 'D:/GITHUB/MAJOR PROJECT/Major-Project/MajorProject/Content/1_Mike/DemoWorld.umap' failed to load '/Game/1_Mike/DemoWorld_BuiltData': Can't find file.
[2021.03.20-09.54.13:490][934]LoadErrors: Failed to load /Game/1_Mike/DemoWorld_BuiltData.DemoWorld_BuiltData Referenced by PersistentLevel
[2021.03.20-09.54.13:490][934]LogLinker: Warning: While loading 'D:/GITHUB/MAJOR PROJECT/Major-Project/MajorProject/Content/1_Mike/DemoWorld.umap' failed to load '/Game/1_Mike/DemoWorld_BuiltData': Can't find file.
[2021.03.20-09.54.13:599][934]LogTexture: Display: Building textures: MC_BODY_ORM (AutoDXT, 2048X2048)
[2021.03.20-09.54.13:599][934]LogTexture: Display: Building textures: MC_BODY_baseColor (AutoDXT, 2048X2048)
[2021.03.20-09.54.13:599][934]LogStaticMesh: Building static mesh PushableCube_HandleHands...
[2021.03.20-09.54.13:658][934]LogStaticMesh: Built static mesh [0.06s] /Game/1_Mike/Models/DemoTileset/Mechanics/PushableCube_HandleHands.PushableCube_HandleHands
[2021.03.20-09.54.13:675][934]LogStaticMesh: Building static mesh PushableCube_Handle6...
[2021.03.20-09.54.13:697][934]LogStaticMesh: Built static mesh [0.02s] /Game/1_Mike/Models/DemoTileset/Mechanics/PushableCube_Handle6.PushableCube_Handle6
[2021.03.20-09.54.14:787][934]LogTexture: Display: Building textures: MC_HEAD_ORM (AutoDXT, 1024X1024)
[2021.03.20-09.54.14:787][934]LogTexture: Display: Building textures: MC_HEAD_baseColor (AutoDXT, 1024X1024)
[2021.03.20-09.54.14:787][934]LogTexture: Display: Building textures: Face-01 (AutoDXT, 2048X2048)
[2021.03.20-09.54.14:787][934]LogMaterial: Display: Missing cached shader map for material MAT_PlayerBody_temp, compiling. 
[2021.03.20-09.54.14:813][934]LogSkeletalMesh: Building Skeletal Mesh CustomCharacter_Mesh...
[2021.03.20-09.54.14:906][934]LogShaderCompilers: Display: Worker (1/3): shaders left to compile 39
[2021.03.20-09.54.14:906][934]LogShaderCompilers: Display: Worker (2/3): shaders left to compile 29
[2021.03.20-09.54.14:906][934]LogShaderCompilers: Display: Worker (3/3): shaders left to compile 19
[2021.03.20-09.54.14:906][934]LogSkeletalMesh: Section 0: 2005 vertices, 11 active bones
[2021.03.20-09.54.14:906][934]LogSkeletalMesh: Section 1: 146 vertices, 2 active bones
[2021.03.20-09.54.14:907][934]LogSkeletalMesh: Section 0: Material=0, 3216 triangles
[2021.03.20-09.54.14:907][934]LogSkeletalMesh: Section 1: Material=1, 264 triangles
[2021.03.20-09.54.14:914][934]LogSkeletalMesh: Built Skeletal Mesh [0.10s] /Game/Character/CustomCharacter_Mesh.CustomCharacter_Mesh
[2021.03.20-09.54.14:915][934]LogStaticMesh: Building static mesh PushableBookshelf_BookshelfV01_3...
[2021.03.20-09.54.14:963][934]LogStaticMesh: Built static mesh [0.05s] /Game/1_Mike/Models/DemoTileset/Mechanics/PushableBookshelf_BookshelfV01_3.PushableBookshelf_BookshelfV01_3
[2021.03.20-09.54.14:970][934]LogMaterial: Display: Missing cached shader map for material QuickColour_M, compiling. 
[2021.03.20-09.54.14:980][934]LogMaterial: Display: Missing cached shader map for material PhaseMaterial, compiling. 
[2021.03.20-09.54.15:029][934]LogStaticMesh: Building static mesh PushableBookshelf_HandleHands...
[2021.03.20-09.54.15:052][934]LogStaticMesh: Built static mesh [0.02s] /Game/1_Mike/Models/DemoTileset/Mechanics/PushableBookshelf_HandleHands.PushableBookshelf_HandleHands
[2021.03.20-09.54.15:058][934]LogStaticMesh: Building static mesh PushableBookshelf_Handle5...
[2021.03.20-09.54.15:078][934]LogStaticMesh: Built static mesh [0.02s] /Game/1_Mike/Models/DemoTileset/Mechanics/PushableBookshelf_Handle5.PushableBookshelf_Handle5
[2021.03.20-09.54.15:087][934]LogStaticMesh: Building static mesh BalustradeStraight...
[2021.03.20-09.54.15:200][934]LogStaticMesh: Built static mesh [0.12s] /Game/1_Mike/Models/DemoTileset/Balustrade/BalustradeStraight.BalustradeStraight
[2021.03.20-09.54.15:214][934]LogStaticMesh: Building static mesh BalustradeStairsEnd...
[2021.03.20-09.54.15:327][934]LogStaticMesh: Built static mesh [0.11s] /Game/1_Mike/Models/DemoTileset/Balustrade/BalustradeStairsEnd.BalustradeStairsEnd
[2021.03.20-09.54.15:342][934]LogStaticMesh: Building static mesh BalustradeStairs...
[2021.03.20-09.54.15:451][934]LogStaticMesh: Built static mesh [0.11s] /Game/1_Mike/Models/DemoTileset/Balustrade/BalustradeStairs.BalustradeStairs
[2021.03.20-09.54.15:464][934]LogStaticMesh: Building static mesh DoorwayFake_Wall_doorway2...
[2021.03.20-09.54.15:470][934]LogStaticMesh: Built static mesh [0.01s] /Game/1_Mike/Models/DemoTileset/DoorwayFake_Wall_doorway2.DoorwayFake_Wall_doorway2
[2021.03.20-09.54.15:476][934]LogStaticMesh: Building static mesh DoorwayFake_pPlane34...
[2021.03.20-09.54.15:476][934]LogStaticMesh: Built static mesh [0.00s] /Game/1_Mike/Models/DemoTileset/DoorwayFake_pPlane34.DoorwayFake_pPlane34
[2021.03.20-09.54.15:478][934]LogStaticMesh: Building static mesh DoorwayFake_Door2...
[2021.03.20-09.54.15:486][934]LogStaticMesh: Built static mesh [0.01s] /Game/1_Mike/Models/DemoTileset/DoorwayFake_Door2.DoorwayFake_Door2
[2021.03.20-09.54.15:490][934]LogMaterial: Display: Missing cached shader map for material QuickGlow, compiling. 
[2021.03.20-09.54.15:498][934]LogStaticMesh: Building static mesh Lever_BreakerSwitch1...
[2021.03.20-09.54.15:504][934]LogStaticMesh: Built static mesh [0.01s] /Game/1_Mike/Models/DemoTileset/Mechanics/Lever_BreakerSwitch1.Lever_BreakerSwitch1
[2021.03.20-09.54.15:507][934]LogStaticMesh: Building static mesh Lever_Lever...
[2021.03.20-09.54.15:515][934]LogStaticMesh: Built static mesh [0.01s] /Game/1_Mike/Models/DemoTileset/Mechanics/Lever_Lever.Lever_Lever
[2021.03.20-09.54.15:522][934]LogMaterial: Display: Missing cached shader map for material OrbM, compiling. 
[2021.03.20-09.54.15:736][934]LogAnimationCompression: Building Anim DDC data for AnimSequence /Game/Character/Animations/ANIM_Player_IDLE_30fps.ANIM_Player_IDLE_30fps
[2021.03.20-09.54.15:740][934]LogStaticMesh: Building static mesh BalustradeEnd...
[2021.03.20-09.54.15:770][934]LogStaticMesh: Built static mesh [0.03s] /Game/1_Mike/Models/DemoTileset/Balustrade/BalustradeEnd.BalustradeEnd
[2021.03.20-09.54.15:779][934]LogStaticMesh: Building static mesh Floor...
[2021.03.20-09.54.15:780][934]LogStaticMesh: Built static mesh [0.01s] /Game/1_Mike/Models/DemoTileset/Floors_And_Walls/Floor.Floor
[2021.03.20-09.54.15:783][934]LogStaticMesh: Building static mesh HalfWall...
[2021.03.20-09.54.15:783][934]LogStaticMesh: Built static mesh [0.00s] /Game/1_Mike/Models/DemoTileset/Floors_And_Walls/HalfWall.HalfWall
[2021.03.20-09.54.15:788][934]LogStaticMesh: Building static mesh Gate_GateEnd...
[2021.03.20-09.54.15:789][934]LogStaticMesh: Built static mesh [0.00s] /Game/1_Mike/Models/DemoTileset/Mechanics/Gate_GateEnd.Gate_GateEnd
[2021.03.20-09.54.15:791][934]LogStaticMesh: Building static mesh Gate_Gate...
[2021.03.20-09.54.15:887][934]LogStaticMesh: Built static mesh [0.10s] /Game/1_Mike/Models/DemoTileset/Mechanics/Gate_Gate.Gate_Gate
[2021.03.20-09.54.15:893][934]LogStaticMesh: Building static mesh PressurePlate_PressurePlate...
[2021.03.20-09.54.15:895][934]LogStaticMesh: Built static mesh [0.00s] /Game/1_Mike/Models/DemoTileset/Mechanics/PressurePlate_PressurePlate.PressurePlate_PressurePlate
[2021.03.20-09.54.15:899][934]LogStaticMesh: Building static mesh PushableCube_Cube...
[2021.03.20-09.54.15:902][934]LogStaticMesh: Built static mesh [0.00s] /Game/1_Mike/Models/DemoTileset/Mechanics/PushableCube_Cube.PushableCube_Cube
[2021.03.20-09.54.15:904][934]LogStaticMesh: Building static mesh Roof...
[2021.03.20-09.54.15:922][934]LogStaticMesh: Built static mesh [0.02s] /Game/1_Mike/Models/DemoTileset/Roof/Roof.Roof
[2021.03.20-09.54.15:930][934]LogStaticMesh: Building static mesh RoofCorner...
[2021.03.20-09.54.15:939][934]LogStaticMesh: Built static mesh [0.01s] /Game/1_Mike/Models/DemoTileset/Roof/RoofCorner.RoofCorner
[2021.03.20-09.54.15:942][934]LogStaticMesh: Building static mesh RoofEdge...
[2021.03.20-09.54.15:949][934]LogStaticMesh: Built static mesh [0.01s] /Game/1_Mike/Models/DemoTileset/Roof/RoofEdge.RoofEdge
[2021.03.20-09.54.15:952][934]LogStaticMesh: Building static mesh RoofICorner...
[2021.03.20-09.54.15:969][934]LogStaticMesh: Built static mesh [0.02s] /Game/1_Mike/Models/DemoTileset/Roof/RoofICorner.RoofICorner
[2021.03.20-09.54.15:980][934]LogStaticMesh: Building static mesh Platform_Platform...
[2021.03.20-09.54.15:985][934]LogStaticMesh: Built static mesh [0.01s] /Game/1_Mike/Models/DemoTileset/Mechanics/Platform_Platform.Platform_Platform
[2021.03.20-09.54.15:989][934]LogStaticMesh: Building static mesh AvoidanceOrb...
[2021.03.20-09.54.15:998][934]LogStaticMesh: Built static mesh [0.01s] /Game/1_Mike/Models/AvoidanceOrb.AvoidanceOrb
[2021.03.20-09.54.16:005][934]LogStaticMesh: Building static mesh StatePedestal...
[2021.03.20-09.54.16:013][934]LogStaticMesh: Built static mesh [0.01s] /Game/1_Mike/Models/StatePedestal.StatePedestal
[2021.03.20-09.54.16:015][934]LogStaticMesh: Building static mesh StateStand...
[2021.03.20-09.54.16:019][934]LogStaticMesh: Built static mesh [0.00s] /Game/1_Mike/Models/StateStand.StateStand
[2021.03.20-09.54.16:021][934]LogStaticMesh: Building static mesh ConflictOrb...
[2021.03.20-09.54.16:025][934]LogStaticMesh: Built static mesh [0.00s] /Game/1_Mike/Models/ConflictOrb.ConflictOrb
[2021.03.20-09.54.16:026][934]LogStaticMesh: Building static mesh DoorWayUsable_pPlane6...
[2021.03.20-09.54.16:027][934]LogStaticMesh: Built static mesh [0.00s] /Game/1_Mike/Models/DemoTileset/DoorWayUsable_pPlane6.DoorWayUsable_pPlane6
[2021.03.20-09.54.16:028][934]LogStaticMesh: Building static mesh DoorWayUsable_Door...
[2021.03.20-09.54.16:036][934]LogStaticMesh: Built static mesh [0.01s] /Game/1_Mike/Models/DemoTileset/DoorWayUsable_Door.DoorWayUsable_Door
[2021.03.20-09.54.16:038][934]LogStaticMesh: Building static mesh DoorWayUsable_Wall_doorway...
[2021.03.20-09.54.16:044][934]LogStaticMesh: Built static mesh [0.01s] /Game/1_Mike/Models/DemoTileset/DoorWayUsable_Wall_doorway.DoorWayUsable_Wall_doorway
[2021.03.20-09.54.16:046][934]LogStaticMesh: Building static mesh Stairs_Tileset_StairsV3_All_v01...
[2021.03.20-09.54.16:060][934]LogStaticMesh: Built static mesh [0.01s] /Game/1_Mike/Models/DemoTileset/Stairs_Tileset_StairsV3_All_v01.Stairs_Tileset_StairsV3_All_v01
[2021.03.20-09.54.16:064][934]LogStaticMesh: Building static mesh WainscotingDoorway...
[2021.03.20-09.54.16:074][934]LogStaticMesh: Built static mesh [0.01s] /Game/1_Mike/Models/DemoTileset/Wainscoting/WainscotingDoorway.WainscotingDoorway
[2021.03.20-09.54.16:079][934]LogStaticMesh: Building static mesh WainscotingStraight...
[2021.03.20-09.54.16:080][934]LogStaticMesh: Built static mesh [0.00s] /Game/1_Mike/Models/DemoTileset/Wainscoting/WainscotingStraight.WainscotingStraight
[2021.03.20-09.54.16:083][934]LogStaticMesh: Building static mesh WainscottingAngled...
[2021.03.20-09.54.16:087][934]LogStaticMesh: Built static mesh [0.01s] /Game/1_Mike/Models/DemoTileset/Wainscoting/WainscottingAngled.WainscottingAngled
[2021.03.20-09.54.16:089][934]LogStaticMesh: Building static mesh WainscottingStairway...
[2021.03.20-09.54.16:097][934]LogStaticMesh: Built static mesh [0.01s] /Game/1_Mike/Models/DemoTileset/Wainscoting/WainscottingStairway.WainscottingStairway
[2021.03.20-09.54.16:099][934]LogStaticMesh: Building static mesh Wall...
[2021.03.20-09.54.16:100][934]LogStaticMesh: Built static mesh [0.00s] /Game/1_Mike/Models/DemoTileset/Floors_And_Walls/Wall.Wall
[2021.03.20-09.54.16:102][934]LogStaticMesh: Building static mesh WallAngled...
[2021.03.20-09.54.16:102][934]LogStaticMesh: Built static mesh [0.00s] /Game/1_Mike/Models/DemoTileset/Floors_And_Walls/WallAngled.WallAngled
[2021.03.20-09.54.16:105][934]LogStaticMesh: Building static mesh Window_Window_Wall...
[2021.03.20-09.54.16:116][934]LogStaticMesh: Built static mesh [0.01s] /Game/1_Mike/Models/DemoTileset/Window_Window_Wall.Window_Window_Wall
[2021.03.20-09.54.16:120][934]LogMaterial: Display: Missing cached shader map for material MAT_PlayerHead_temp, compiling. 
[2021.03.20-09.54.16:157][934]LogAnimationCompression: Building Anim DDC data for AnimSequence /Game/Character/Animations/ANIM_Player_WALK_30fps.ANIM_Player_WALK_30fps
[2021.03.20-09.54.16:157][934]LogMaterial: Display: Missing cached shader map for material M_Glass, compiling. 
[2021.03.20-09.54.16:281][934]LogAssetEditorSubsystem: Opening Asset editor for World /Game/1_Mike/DemoWorld.DemoWorld
[2021.03.20-09.54.18:274][934]LogUObjectHash: Compacting FUObjectHashTables data took   1.47ms
[2021.03.20-09.54.18:276][934]Cmd: MAP LOAD FILE="D:/GITHUB/MAJOR PROJECT/Major-Project/MajorProject/Content/1_Mike/DemoWorld.umap" TEMPLATE=0 SHOWPROGRESS=1 FEATURELEVEL=3
[2021.03.20-09.54.18:277][934]LightingResults: New page: Lighting Build
[2021.03.20-09.54.18:277][934]LoadErrors: New page: Loading map: DemoWorld.umap
[2021.03.20-09.54.18:333][934]LogShaderCompilers: Display: Worker (2/3): shaders left to compile 205
[2021.03.20-09.54.18:333][934]LogWorld: UWorld::CleanupWorld for Hubworld_GB, bSessionEnded=true, bCleanupResources=true
[2021.03.20-09.54.18:333][934]LogSlate: InvalidateAllWidgets triggered.  All widgets were invalidated
[2021.03.20-09.54.18:333][934]MapCheck: New page: Map Check
[2021.03.20-09.54.18:333][934]LightingResults: New page: Lighting Build
[2021.03.20-09.54.18:910][934]LogShaderCompilers: Display: Worker (3/3): shaders left to compile 195
[2021.03.20-09.54.18:923][934]LogAISub: UAISubsystem::~UAISubsystem AIPerceptionSystem (0000019B3C7EDD00), frame # 3934
[2021.03.20-09.54.18:923][934]LogAISub: UAISubsystem::~UAISubsystem EnvQueryManager (0000019B3C819C00), frame # 3934
[2021.03.20-09.54.18:927][934]LogUObjectHash: Compacting FUObjectHashTables data took   1.16ms
[2021.03.20-09.54.19:077][934]LogEditorServer: Finished looking for orphan Actors (0.000 secs)
[2021.03.20-09.54.19:077][934]LogAIModule: Creating AISystem for world DemoWorld
[2021.03.20-09.54.19:077][934]LogAISub: UAISubsystem::UAISubsystem EnvQueryManager (0000019B4038BC00), frame # 3934
[2021.03.20-09.54.19:077][934]LogAISub: UAISubsystem::UAISubsystem AIPerceptionSystem (0000019B285F4A40), frame # 3934
[2021.03.20-09.54.19:220][934]LogShaderCompilers: Display: Worker (1/3): shaders left to compile 185
[2021.03.20-09.54.19:224][934]LogUObjectHash: Compacting FUObjectHashTables data took   0.92ms
[2021.03.20-09.54.19:292][934]Cmd: MAP CHECKDEP NOCLEARLOG
[2021.03.20-09.54.19:292][934]MapCheck: Map check complete: 0 Error(s), 0 Warning(s), took 0.181ms to complete.
[2021.03.20-09.54.19:292][934]LogFileHelpers: Loading map 'DemoWorld' took 1.016
[2021.03.20-09.54.19:395][935]LogAnimationCompression: Building Anim DDC data for AnimSequence /Game/Character/Animations/ANIM_Player_RUN_30fps.ANIM_Player_RUN_30fps
[2021.03.20-09.54.22:420][ 66]LogShaderCompilers: Display: Worker (2/3): shaders left to compile 175
[2021.03.20-09.54.23:315][ 94]LogShaderCompilers: Display: Worker (1/3): shaders left to compile 165
[2021.03.20-09.54.23:993][116]LogShaderCompilers: Display: Worker (3/3): shaders left to compile 155
[2021.03.20-09.54.28:115][400]MapCheck: New page: Map Check
[2021.03.20-09.54.28:136][400]Cmd: MAP REBUILD ALLVISIBLE
[2021.03.20-09.54.28:136][400]LogEditorServer: Rebuildmap Clear paths rebuilt
[2021.03.20-09.54.28:159][400]LogWorld: UWorld::CleanupWorld for DemoWorld, bSessionEnded=true, bCleanupResources=false
[2021.03.20-09.54.28:306][400]LogNavigationDataBuild: Display: UNavigationSystemV1::Build started...
[2021.03.20-09.54.28:306][400]LogNavigationDataBuild: Display:    Building navigation data using PHYSICS_INTERFACE_PHYSX.
[2021.03.20-09.54.28:306][400]LogNavigationDataBuild: Display:    Building navigation data using WITH_PHYSX.
[2021.03.20-09.54.28:327][400]LogUObjectHash: Compacting FUObjectHashTables data took   0.92ms
[2021.03.20-09.55.04:411][400]LogShaderCompilers: Display: Worker (2/3): shaders left to compile 145
[2021.03.20-09.55.04:411][400]LogShaderCompilers: Display: Worker (1/3): shaders left to compile 135
[2021.03.20-09.55.04:411][400]LogShaderCompilers: Display: Worker (3/3): shaders left to compile 125
[2021.03.20-09.55.04:411][400]LogAudioMixer: Display: Audio Buffer Underrun detected.
[2021.03.20-09.55.04:411][400]LogShaderCompilers: Display: Worker (2/3): shaders left to compile 115
[2021.03.20-09.55.04:411][400]LogShaderCompilers: Display: Worker (3/3): shaders left to compile 105
[2021.03.20-09.55.04:411][400]LogShaderCompilers: Display: Worker (1/3): shaders left to compile 95
[2021.03.20-09.55.04:411][400]LogShaderCompilers: Display: Worker (2/3): shaders left to compile 85
[2021.03.20-09.55.04:411][400]LogShaderCompilers: Display: Worker (3/3): shaders left to compile 75
[2021.03.20-09.55.04:411][400]LogShaderCompilers: Display: Worker (1/3): shaders left to compile 65
[2021.03.20-09.55.04:411][400]LogShaderCompilers: Display: Worker (2/3): shaders left to compile 55
[2021.03.20-09.55.04:411][400]LogShaderCompilers: Display: Worker (3/3): shaders left to compile 45
[2021.03.20-09.55.04:411][400]LogShaderCompilers: Display: Worker (1/3): shaders left to compile 35
[2021.03.20-09.55.04:411][400]LogShaderCompilers: Display: Worker (2/3): shaders left to compile 25
[2021.03.20-09.55.04:411][400]LogShaderCompilers: Display: Worker (2/3): shaders left to compile 16
[2021.03.20-09.55.04:411][400]LogShaderCompilers: Display: Worker (3/3): shaders left to compile 10
[2021.03.20-09.55.04:412][400]LogShaderCompilers: Display: Worker (1/3): shaders left to compile 6
[2021.03.20-09.55.04:412][400]LogShaderCompilers: Display: Worker (2/3): shaders left to compile 3
[2021.03.20-09.55.04:412][400]LogShaderCompilers: Display: Worker (2/3): shaders left to compile 1
[2021.03.20-09.55.04:412][400]LogMaterial: Display: Missing cached shader map for material DebugViewMode MaterialTexCoordScale, compiling. 
[2021.03.20-09.55.04:417][400]LogShaderCompilers: Display: Worker (1/3): shaders left to compile 2
[2021.03.20-09.55.04:417][400]LogShaderCompilers: Display: Worker (2/3): shaders left to compile 1
[2021.03.20-09.55.04:417][400]LogMaterial: Display: Missing cached shader map for material DebugViewMode MaterialTexCoordScale, compiling. 
[2021.03.20-09.55.04:418][400]LogMaterial: Display: Missing cached shader map for material DebugViewMode MaterialTexCoordScale, compiling. 
[2021.03.20-09.55.04:420][400]LogMaterial: Display: Missing cached shader map for material DebugViewMode MaterialTexCoordScale, compiling. 
[2021.03.20-09.55.04:421][400]LogMaterial: Display: Missing cached shader map for material DebugViewMode MaterialTexCoordScale, compiling. 
[2021.03.20-09.55.04:422][400]LogMaterial: Display: Missing cached shader map for material DebugViewMode MaterialTexCoordScale, compiling. 
[2021.03.20-09.55.04:425][400]LogMaterial: Display: Missing cached shader map for material DebugViewMode MaterialTexCoordScale, compiling. 
[2021.03.20-09.55.04:426][400]LogMaterial: Display: Missing cached shader map for material DebugViewMode MaterialTexCoordScale, compiling. 
[2021.03.20-09.55.04:428][400]LogMaterial: Display: Missing cached shader map for material DebugViewMode MaterialTexCoordScale, compiling. 
[2021.03.20-09.55.04:430][400]LogShaderCompilers: Display: Worker (3/3): shaders left to compile 14
[2021.03.20-09.55.04:430][400]LogMaterial: Display: Missing cached shader map for material DebugViewMode MaterialTexCoordScale, compiling. 
[2021.03.20-09.55.04:431][400]LogMaterial: Display: Missing cached shader map for material DebugViewMode MaterialTexCoordScale, compiling. 
[2021.03.20-09.55.06:217][400]LogShaderCompilers: Display: Worker (3/3): shaders left to compile 19
[2021.03.20-09.55.06:217][400]LogShaderCompilers: Display: Worker (2/3): shaders left to compile 18
[2021.03.20-09.55.06:217][400]LogShaderCompilers: Display: Worker (1/3): shaders left to compile 17
[2021.03.20-09.55.06:217][400]LogShaderCompilers: Display: Worker (2/3): shaders left to compile 16
[2021.03.20-09.55.06:217][400]LogShaderCompilers: Display: Worker (3/3): shaders left to compile 15
[2021.03.20-09.55.06:217][400]LogShaderCompilers: Display: Worker (2/3): shaders left to compile 14
[2021.03.20-09.55.06:217][400]LogShaderCompilers: Display: Worker (1/3): shaders left to compile 13
[2021.03.20-09.55.06:217][400]LogShaderCompilers: Display: Worker (3/3): shaders left to compile 12
[2021.03.20-09.55.06:217][400]LogShaderCompilers: Display: Worker (2/3): shaders left to compile 11
[2021.03.20-09.55.06:217][400]LogShaderCompilers: Display: Worker (3/3): shaders left to compile 10
[2021.03.20-09.55.06:217][400]LogShaderCompilers: Display: Worker (1/3): shaders left to compile 9
[2021.03.20-09.55.06:217][400]LogShaderCompilers: Display: Worker (2/3): shaders left to compile 8
[2021.03.20-09.55.06:217][400]LogShaderCompilers: Display: Worker (3/3): shaders left to compile 7
[2021.03.20-09.55.06:217][400]LogShaderCompilers: Display: Worker (1/3): shaders left to compile 6
[2021.03.20-09.55.06:217][400]LogShaderCompilers: Display: Worker (3/3): shaders left to compile 5
[2021.03.20-09.55.06:217][400]LogShaderCompilers: Display: Worker (2/3): shaders left to compile 4
[2021.03.20-09.55.06:217][400]LogShaderCompilers: Display: Worker (1/3): shaders left to compile 3
[2021.03.20-09.55.06:217][400]LogShaderCompilers: Display: Worker (3/3): shaders left to compile 2
[2021.03.20-09.55.06:217][400]LogShaderCompilers: Display: Worker (2/3): shaders left to compile 1
[2021.03.20-09.55.06:217][400]TextureStreamingBuild: Display: Compiling optional shaders took 1.812 seconds.
[2021.03.20-09.55.06:262][400]LogLevel: Display: Export Material TexCoord Scales took 0.045 seconds.
[2021.03.20-09.55.06:270][400]TextureStreamingBuild: Display: Build Texture Streaming took 0.008 seconds.
[2021.03.20-09.55.06:284][400]LogUObjectHash: Compacting FUObjectHashTables data took   0.30ms
[2021.03.20-09.55.06:291][400]LightingResults: New page: Lighting Build - 21 Mar 2021, 1:55:06 am
[2021.03.20-09.55.06:422][400]LogSwarmInterface: [OpenConnection] Registering TCP channel ...
[2021.03.20-09.55.06:484][400]LogSwarmInterface: [OpenConnection] Connecting to agent ...
[2021.03.20-09.55.06:504][400]LogSwarmInterface: [TryOpenConnection] Testing the Agent
[2021.03.20-09.55.07:747][400]LogSwarmInterface: [TryOpenConnection] Opening Connection to Agent
[2021.03.20-09.55.07:747][400]LogSwarmInterface: [TryOpenConnection] Local Process ID is 16332
[2021.03.20-09.55.51:784][400]LogStaticLightingSystem: Warning: Failed to connect to Swarm.
[2021.03.20-09.55.53:840][400]LogSlate: Window 'Message' being destroyed
[2021.03.20-09.55.53:845][400]Message dialog closed, result: Ok, title: Message, text: Failed to connect to Swarm.
[2021.03.20-09.55.53:850][400]LogStaticLightingSystem: Warning: Failed to build lighting!!! Lighting build failed.
[2021.03.20-09.55.53:850][400]Cmd: MAP CHECK DONTDISPLAYDIALOG
[2021.03.20-09.55.53:850][400]MapCheck: New page: DemoWorld - 21 Mar 2021, 1:55:53 am
[2021.03.20-09.55.53:882][400]MapCheck: Warning: Room1Entrance More overridden materials (2) on static mesh component than are referenced (1) in source mesh 'DoorwayFake_Door2' 
[2021.03.20-09.55.53:882][400]MapCheck: Warning: Room1Entrance More overridden materials (2) on static mesh component than are referenced (1) in source mesh 'DoorwayFake_Door2' 
[2021.03.20-09.55.53:884][400]MapCheck: Map check complete: 0 Error(s), 2 Warning(s), took 33.451ms to complete.
[2021.03.20-09.55.53:886][400]LogEditorBuildUtils: Build time 1:25
[2021.03.20-09.55.54:052][400]LogSlate: Took 0.008291 seconds to synchronously load lazily loaded font '../../../Engine/Content/Slate/Fonts/DroidSansMono.ttf' (77K)
[2021.03.20-09.55.56:042][576]LogSlate: Window 'Message Log' being destroyed
[2021.03.20-09.55.56:046][576]LogSlate: Window 'Message Log' being destroyed
[2021.03.20-09.56.40:665][ 31]LogRenderer: Reallocating scene render targets to support 1208x632 Format 10 NumSamples 1 (Frame:894).
[2021.03.20-09.56.40:754][ 32]LogRenderer: Reallocating scene render targets to support 1208x644 Format 10 NumSamples 1 (Frame:896).
[2021.03.20-09.56.41:220][ 79]LogRenderer: Reallocating scene render targets to support 1208x648 Format 10 NumSamples 1 (Frame:898).
[2021.03.20-09.56.41:294][ 80]LogRenderer: Reallocating scene render targets to support 1208x660 Format 10 NumSamples 1 (Frame:900).
[2021.03.20-09.56.41:370][ 81]LogRenderer: Reallocating scene render targets to support 1208x676 Format 10 NumSamples 1 (Frame:902).
[2021.03.20-09.56.41:466][ 82]LogRenderer: Reallocating scene render targets to support 1208x684 Format 10 NumSamples 1 (Frame:904).
[2021.03.20-09.56.41:553][ 83]LogRenderer: Reallocating scene render targets to support 1208x688 Format 10 NumSamples 1 (Frame:906).
[2021.03.20-09.56.43:992][351]LogTemp: Repeating last play command: Selected Viewport
[2021.03.20-09.56.44:021][351]LogPlayLevel: PlayLevel: No blueprints needed recompiling
[2021.03.20-09.56.44:021][351]PIE: New page: PIE session: DemoWorld (21 Mar 2021, 1:56:44 am)
[2021.03.20-09.56.44:022][351]LogOnline: OSS: Creating online subsystem instance for: NULL
[2021.03.20-09.56.44:024][351]LogOnline: OSS: TryLoadSubsystemAndSetDefault: Loaded subsystem for module [NULL]
[2021.03.20-09.56.44:025][351]LogPlayLevel: Creating play world package: /Game/1_Mike/UEDPIE_0_DemoWorld
[2021.03.20-09.56.44:089][351]LogPlayLevel: PIE: StaticDuplicateObject took: (0.063275s)
[2021.03.20-09.56.44:090][351]LogAIModule: Creating AISystem for world DemoWorld
[2021.03.20-09.56.44:090][351]LogAISub: UAISubsystem::UAISubsystem EnvQueryManager (0000019B3E7DBE00), frame # 5351
[2021.03.20-09.56.44:090][351]LogAISub: UAISubsystem::UAISubsystem AIPerceptionSystem (0000019B28197740), frame # 5351
[2021.03.20-09.56.44:091][351]LogPlayLevel: PIE: World Init took: (0.001865s)
[2021.03.20-09.56.44:091][351]LogPlayLevel: PIE: Created PIE world by copying editor world from /Game/1_Mike/DemoWorld.DemoWorld to /Game/1_Mike/UEDPIE_0_DemoWorld.DemoWorld (0.065961s)
[2021.03.20-09.56.44:109][351]LogUObjectHash: Compacting FUObjectHashTables data took   1.02ms
[2021.03.20-09.56.44:113][351]LogAudioMixer: Display: Audio Mixer Platform Settings:
[2021.03.20-09.56.44:113][351]LogAudioMixer: Display: 	Sample Rate:						  48000
[2021.03.20-09.56.44:113][351]LogAudioMixer: Display: 	Callback Buffer Frame Size Requested: 1024
[2021.03.20-09.56.44:113][351]LogAudioMixer: Display: 	Callback Buffer Frame Size To Use:	  1024
[2021.03.20-09.56.44:113][351]LogAudioMixer: Display: 	Number of buffers to queue:			  2
[2021.03.20-09.56.44:113][351]LogAudioMixer: Display: 	Max Channels (voices):				  32
[2021.03.20-09.56.44:113][351]LogAudioMixer: Display: 	Number of Async Source Workers:		  0
[2021.03.20-09.56.44:113][351]LogAudio: Display: AudioDevice MaxSources: 32
[2021.03.20-09.56.44:114][351]LogAudio: Display: Using built-in audio occlusion.
[2021.03.20-09.56.44:114][351]LogAudioMixer: Display: Initializing audio mixer.
[2021.03.20-09.56.44:117][351]LogAudioMixer: Display: 0: FrontLeft
[2021.03.20-09.56.44:117][351]LogAudioMixer: Display: 1: FrontRight
[2021.03.20-09.56.44:133][351]LogAudioMixer: Display: Using Audio Device Speakers (High Definition Audio Device)
[2021.03.20-09.56.44:133][351]LogAudioMixer: Display: Initializing Sound Submixes...
[2021.03.20-09.56.44:133][351]LogAudioMixer: Display: Creating Master Submix 'MasterSubmixDefault'
[2021.03.20-09.56.44:133][351]LogAudioMixer: Display: Creating Master Submix 'MasterReverbSubmixDefault'
[2021.03.20-09.56.44:134][351]LogAudioMixer: Display: Creating Master Submix 'MasterEQSubmixDefault'
[2021.03.20-09.56.44:149][351]LogInit: FAudioDevice initialized.
[2021.03.20-09.56.44:162][351]LogLoad: Game class is 'NewGameMode_C'
[2021.03.20-09.56.44:194][351]LogWorld: Bringing World /Game/1_Mike/UEDPIE_0_DemoWorld.DemoWorld up for play (max tick rate 0) at 2021.03.20-17.56.44
[2021.03.20-09.56.44:202][351]LogWorld: Bringing up level for play took: 0.032988
[2021.03.20-09.56.44:203][351]LogOnline: OSS: Creating online subsystem instance for: :Context_1
[2021.03.20-09.56.44:213][351]LogContentBrowser: Native class hierarchy updated for 'MovieSceneCapture' in 0.0004 seconds. Added 20 classes and 0 folders.
[2021.03.20-09.56.44:222][351]PIE: Server logged in
[2021.03.20-09.56.44:225][351]PIE: Play in editor total start time 0.208 seconds.
[2021.03.20-09.56.59:710][185]LogSlate: Updating window title bar state: overlay mode, drag disabled, window buttons hidden, title bar hidden
[2021.03.20-09.56.59:710][185]LogWorld: BeginTearingDown for /Game/1_Mike/UEDPIE_0_DemoWorld
[2021.03.20-09.56.59:711][185]LogWorld: UWorld::CleanupWorld for DemoWorld, bSessionEnded=true, bCleanupResources=true
[2021.03.20-09.56.59:715][185]LogSlate: InvalidateAllWidgets triggered.  All widgets were invalidated
[2021.03.20-09.56.59:727][185]LogPlayLevel: Display: Shutting down PIE online subsystems
[2021.03.20-09.56.59:730][185]LogSlate: InvalidateAllWidgets triggered.  All widgets were invalidated
[2021.03.20-09.56.59:746][185]LogSlate: Updating window title bar state: overlay mode, drag disabled, window buttons hidden, title bar hidden
[2021.03.20-09.56.59:775][185]LogAISub: UAISubsystem::~UAISubsystem AIPerceptionSystem (0000019B28197740), frame # 7185
[2021.03.20-09.56.59:776][185]LogAISub: UAISubsystem::~UAISubsystem EnvQueryManager (0000019B3E7DBE00), frame # 7185
[2021.03.20-09.56.59:778][185]LogUObjectHash: Compacting FUObjectHashTables data took   0.89ms
[2021.03.20-09.56.59:844][186]LogPlayLevel: Display: Destroying online subsystem :Context_1
[2021.03.20-10.01.17:467][259]MapCheck: New page: Map Check
[2021.03.20-10.01.17:476][259]LightingResults: New page: Lighting Build - 21 Mar 2021, 2:01:17 am
[2021.03.20-10.01.17:792][259]LogSwarmInterface: [OpenConnection] Registering TCP channel ...
[2021.03.20-10.01.17:795][259]LogSwarmInterface: [OpenConnection] Connecting to agent ...
[2021.03.20-10.01.17:795][259]LogSwarmInterface: [TryOpenConnection] Testing the Agent
[2021.03.20-10.01.17:798][259]LogSwarmInterface: [TryOpenConnection] Opening Connection to Agent
[2021.03.20-10.01.17:798][259]LogSwarmInterface: [TryOpenConnection] Local Process ID is 16332
